<?xml version="1.0" encoding="UTF-8"?>
<coverage generated="1743592023387" clover="3.2.0">
  <project timestamp="1743592023387" name="All files">
    <metrics statements="668" coveredstatements="96" conditionals="186" coveredconditionals="4" methods="75" coveredmethods="5" elements="929" coveredelements="105" complexity="0" loc="668" ncloc="668" packages="4" files="13" classes="13"/>
    <package name="backend">
      <metrics statements="66" coveredstatements="43" conditionals="13" coveredconditionals="4" methods="9" coveredmethods="5"/>
      <file name="aiHelper.ts" path="/Users/lottej/Documents/GitHub/IntelliDish/backend/aiHelper.ts">
        <metrics statements="25" coveredstatements="8" conditionals="2" coveredconditionals="0" methods="2" coveredmethods="0"/>
        <line num="1" count="10" type="stmt"/>
        <line num="3" count="10" type="stmt"/>
        <line num="4" count="10" type="stmt"/>
        <line num="6" count="10" type="stmt"/>
        <line num="8" count="10" type="stmt"/>
        <line num="10" count="10" type="stmt"/>
        <line num="18" count="10" type="stmt"/>
        <line num="19" count="0" type="stmt"/>
        <line num="20" count="0" type="stmt"/>
        <line num="59" count="0" type="stmt"/>
        <line num="61" count="0" type="cond" truecount="0" falsecount="1"/>
        <line num="62" count="0" type="stmt"/>
        <line num="63" count="0" type="stmt"/>
        <line num="66" count="0" type="stmt"/>
        <line num="68" count="0" type="stmt"/>
        <line num="72" count="10" type="stmt"/>
        <line num="73" count="0" type="stmt"/>
        <line num="75" count="0" type="stmt"/>
        <line num="76" count="0" type="stmt"/>
        <line num="79" count="0" type="stmt"/>
        <line num="119" count="0" type="stmt"/>
        <line num="121" count="0" type="cond" truecount="0" falsecount="1"/>
        <line num="122" count="0" type="stmt"/>
        <line num="126" count="0" type="stmt"/>
        <line num="128" count="0" type="stmt"/>
      </file>
      <file name="index.ts" path="/Users/lottej/Documents/GitHub/IntelliDish/backend/index.ts">
        <metrics statements="33" coveredstatements="29" conditionals="7" coveredconditionals="1" methods="6" coveredmethods="4"/>
        <line num="1" count="17" type="stmt"/>
        <line num="2" count="17" type="stmt"/>
        <line num="3" count="17" type="stmt"/>
        <line num="4" count="17" type="stmt"/>
        <line num="5" count="17" type="stmt"/>
        <line num="6" count="17" type="stmt"/>
        <line num="7" count="17" type="stmt"/>
        <line num="8" count="17" type="stmt"/>
        <line num="9" count="17" type="stmt"/>
        <line num="10" count="17" type="stmt"/>
        <line num="12" count="17" type="stmt"/>
        <line num="14" count="17" type="stmt"/>
        <line num="19" count="17" type="stmt"/>
        <line num="20" count="17" type="stmt"/>
        <line num="22" count="17" type="stmt"/>
        <line num="27" count="17" type="stmt"/>
        <line num="28" count="433" type="stmt"/>
        <line num="31" count="52" type="stmt"/>
        <line num="32" count="52" type="stmt"/>
        <line num="33" count="52" type="cond" truecount="0" falsecount="1"/>
        <line num="35" count="0" type="stmt"/>
        <line num="37" count="52" type="stmt"/>
        <line num="38" count="52" type="stmt"/>
        <line num="44" count="32" type="stmt"/>
        <line num="45" count="32" type="stmt"/>
        <line num="52" count="17" type="stmt"/>
        <line num="57" count="17" type="stmt"/>
        <line num="59" count="5" type="cond" truecount="1" falsecount="1"/>
        <line num="60" count="0" type="cond" truecount="0" falsecount="2"/>
        <line num="61" count="0" type="cond" truecount="0" falsecount="2"/>
        <line num="64" count="5" type="stmt"/>
        <line num="67" count="0" type="stmt"/>
        <line num="70" count="17" type="stmt"/>
      </file>
      <file name="services.ts" path="/Users/lottej/Documents/GitHub/IntelliDish/backend/services.ts">
        <metrics statements="8" coveredstatements="6" conditionals="4" coveredconditionals="3" methods="1" coveredmethods="1"/>
        <line num="1" count="17" type="stmt"/>
        <line num="5" count="17" type="stmt"/>
        <line num="6" count="17" type="stmt"/>
        <line num="7" count="17" type="cond" truecount="3" falsecount="1"/>
        <line num="8" count="5" type="stmt"/>
        <line num="10" count="0" type="stmt"/>
        <line num="11" count="0" type="stmt"/>
        <line num="15" count="17" type="stmt"/>
      </file>
    </package>
    <package name="backend.controllers">
      <metrics statements="560" coveredstatements="21" conditionals="172" coveredconditionals="0" methods="63" coveredmethods="0"/>
      <file name="IngredientsController.ts" path="/Users/lottej/Documents/GitHub/IntelliDish/backend/controllers/IngredientsController.ts">
        <metrics statements="122" coveredstatements="9" conditionals="53" coveredconditionals="0" methods="11" coveredmethods="0"/>
        <line num="2" count="5" type="stmt"/>
        <line num="4" count="5" type="stmt"/>
        <line num="5" count="5" type="stmt"/>
        <line num="10" count="5" type="stmt"/>
        <line num="16" count="0" type="stmt"/>
        <line num="17" count="0" type="cond" truecount="0" falsecount="1"/>
        <line num="18" count="0" type="stmt"/>
        <line num="21" count="0" type="stmt"/>
        <line num="28" count="0" type="stmt"/>
        <line num="29" count="0" type="stmt"/>
        <line num="31" count="0" type="stmt"/>
        <line num="32" count="0" type="stmt"/>
        <line num="36" count="5" type="stmt"/>
        <line num="37" count="0" type="stmt"/>
        <line num="38" count="0" type="stmt"/>
        <line num="40" count="0" type="stmt"/>
        <line num="45" count="0" type="stmt"/>
        <line num="47" count="0" type="cond" truecount="0" falsecount="2"/>
        <line num="48" count="0" type="stmt"/>
        <line num="49" count="0" type="stmt"/>
        <line num="51" count="0" type="stmt"/>
        <line num="52" count="0" type="stmt"/>
        <line num="59" count="5" type="stmt"/>
        <line num="68" count="5" type="stmt"/>
        <line num="69" count="0" type="cond" truecount="0" falsecount="3"/>
        <line num="70" count="0" type="stmt"/>
        <line num="72" count="0" type="stmt"/>
        <line num="75" count="5" type="stmt"/>
        <line num="79" count="0" type="stmt"/>
        <line num="80" count="0" type="stmt"/>
        <line num="81" count="0" type="stmt"/>
        <line num="83" count="0" type="cond" truecount="0" falsecount="6"/>
        <line num="84" count="0" type="cond" truecount="0" falsecount="6"/>
        <line num="87" count="0" type="cond" truecount="0" falsecount="3"/>
        <line num="88" count="0" type="stmt"/>
        <line num="91" count="0" type="cond" truecount="0" falsecount="3"/>
        <line num="92" count="0" type="stmt"/>
        <line num="93" count="0" type="stmt"/>
        <line num="94" count="0" type="stmt"/>
        <line num="97" count="0" type="cond" truecount="0" falsecount="1"/>
        <line num="98" count="0" type="stmt"/>
        <line num="99" count="0" type="stmt"/>
        <line num="103" count="0" type="stmt"/>
        <line num="106" count="0" type="stmt"/>
        <line num="107" count="0" type="cond" truecount="0" falsecount="1"/>
        <line num="108" count="0" type="stmt"/>
        <line num="109" count="0" type="stmt"/>
        <line num="113" count="0" type="stmt"/>
        <line num="118" count="0" type="stmt"/>
        <line num="120" count="0" type="stmt"/>
        <line num="122" count="0" type="stmt"/>
        <line num="123" count="0" type="stmt"/>
        <line num="125" count="0" type="stmt"/>
        <line num="127" count="0" type="stmt"/>
        <line num="128" count="0" type="stmt"/>
        <line num="131" count="0" type="stmt"/>
        <line num="132" count="0" type="stmt"/>
        <line num="136" count="5" type="stmt"/>
        <line num="138" count="0" type="stmt"/>
        <line num="139" count="0" type="stmt"/>
        <line num="140" count="0" type="stmt"/>
        <line num="142" count="0" type="stmt"/>
        <line num="143" count="0" type="stmt"/>
        <line num="149" count="0" type="stmt"/>
        <line num="150" count="0" type="stmt"/>
        <line num="152" count="0" type="cond" truecount="0" falsecount="1"/>
        <line num="153" count="0" type="stmt"/>
        <line num="156" count="0" type="stmt"/>
        <line num="158" count="0" type="cond" truecount="0" falsecount="1"/>
        <line num="159" count="0" type="stmt"/>
        <line num="162" count="0" type="stmt"/>
        <line num="164" count="0" type="stmt"/>
        <line num="165" count="0" type="stmt"/>
        <line num="170" count="0" type="stmt"/>
        <line num="171" count="0" type="stmt"/>
        <line num="173" count="0" type="cond" truecount="0" falsecount="1"/>
        <line num="174" count="0" type="stmt"/>
        <line num="177" count="0" type="stmt"/>
        <line num="181" count="0" type="cond" truecount="0" falsecount="1"/>
        <line num="182" count="0" type="stmt"/>
        <line num="185" count="0" type="stmt"/>
        <line num="187" count="0" type="stmt"/>
        <line num="188" count="0" type="stmt"/>
        <line num="193" count="0" type="stmt"/>
        <line num="194" count="0" type="stmt"/>
        <line num="195" count="0" type="stmt"/>
        <line num="196" count="0" type="stmt"/>
        <line num="198" count="0" type="cond" truecount="0" falsecount="2"/>
        <line num="199" count="0" type="stmt"/>
        <line num="204" count="0" type="stmt"/>
        <line num="205" count="0" type="stmt"/>
        <line num="207" count="0" type="cond" truecount="0" falsecount="3"/>
        <line num="208" count="0" type="stmt"/>
        <line num="210" count="0" type="stmt"/>
        <line num="211" count="0" type="stmt"/>
        <line num="213" count="0" type="stmt"/>
        <line num="214" count="0" type="stmt"/>
        <line num="217" count="0" type="stmt"/>
        <line num="219" count="0" type="stmt"/>
        <line num="220" count="0" type="stmt"/>
        <line num="225" count="0" type="stmt"/>
        <line num="226" count="0" type="stmt"/>
        <line num="227" count="0" type="stmt"/>
        <line num="229" count="0" type="cond" truecount="0" falsecount="1"/>
        <line num="230" count="0" type="stmt"/>
        <line num="233" count="0" type="stmt"/>
        <line num="239" count="0" type="cond" truecount="0" falsecount="1"/>
        <line num="240" count="0" type="stmt"/>
        <line num="243" count="0" type="stmt"/>
        <line num="245" count="0" type="stmt"/>
        <line num="246" count="0" type="stmt"/>
        <line num="251" count="0" type="stmt"/>
        <line num="252" count="0" type="stmt"/>
        <line num="254" count="0" type="cond" truecount="0" falsecount="1"/>
        <line num="255" count="0" type="stmt"/>
        <line num="258" count="0" type="stmt"/>
        <line num="260" count="0" type="stmt"/>
        <line num="262" count="0" type="cond" truecount="0" falsecount="1"/>
        <line num="263" count="0" type="stmt"/>
        <line num="266" count="0" type="stmt"/>
        <line num="268" count="0" type="stmt"/>
        <line num="269" count="0" type="stmt"/>
      </file>
      <file name="RecipesController.ts" path="/Users/lottej/Documents/GitHub/IntelliDish/backend/controllers/RecipesController.ts">
        <metrics statements="78" coveredstatements="5" conditionals="14" coveredconditionals="0" methods="9" coveredmethods="0"/>
        <line num="2" count="5" type="stmt"/>
        <line num="3" count="5" type="stmt"/>
        <line num="4" count="5" type="stmt"/>
        <line num="5" count="5" type="stmt"/>
        <line num="7" count="5" type="stmt"/>
        <line num="11" count="0" type="stmt"/>
        <line num="12" count="0" type="stmt"/>
        <line num="13" count="0" type="stmt"/>
        <line num="15" count="0" type="stmt"/>
        <line num="16" count="0" type="stmt"/>
        <line num="21" count="0" type="stmt"/>
        <line num="22" count="0" type="stmt"/>
        <line num="24" count="0" type="cond" truecount="0" falsecount="1"/>
        <line num="25" count="0" type="stmt"/>
        <line num="28" count="0" type="stmt"/>
        <line num="30" count="0" type="stmt"/>
        <line num="31" count="0" type="stmt"/>
        <line num="36" count="0" type="stmt"/>
        <line num="37" count="0" type="stmt"/>
        <line num="38" count="0" type="stmt"/>
        <line num="40" count="0" type="cond" truecount="0" falsecount="3"/>
        <line num="41" count="0" type="stmt"/>
        <line num="44" count="0" type="stmt"/>
        <line num="48" count="0" type="cond" truecount="0" falsecount="1"/>
        <line num="49" count="0" type="stmt"/>
        <line num="52" count="0" type="stmt"/>
        <line num="54" count="0" type="stmt"/>
        <line num="55" count="0" type="stmt"/>
        <line num="61" count="0" type="stmt"/>
        <line num="62" count="0" type="stmt"/>
        <line num="65" count="0" type="stmt"/>
        <line num="67" count="0" type="cond" truecount="0" falsecount="1"/>
        <line num="68" count="0" type="stmt"/>
        <line num="71" count="0" type="stmt"/>
        <line num="74" count="0" type="stmt"/>
        <line num="78" count="0" type="stmt"/>
        <line num="80" count="0" type="cond" truecount="0" falsecount="1"/>
        <line num="81" count="0" type="stmt"/>
        <line num="84" count="0" type="stmt"/>
        <line num="86" count="0" type="stmt"/>
        <line num="87" count="0" type="stmt"/>
        <line num="92" count="0" type="stmt"/>
        <line num="94" count="0" type="stmt"/>
        <line num="97" count="0" type="stmt"/>
        <line num="99" count="0" type="stmt"/>
        <line num="101" count="0" type="stmt"/>
        <line num="102" count="0" type="stmt"/>
        <line num="108" count="0" type="stmt"/>
        <line num="110" count="0" type="stmt"/>
        <line num="113" count="0" type="cond" truecount="0" falsecount="1"/>
        <line num="114" count="0" type="stmt"/>
        <line num="118" count="0" type="cond" truecount="0" falsecount="2"/>
        <line num="121" count="0" type="stmt"/>
        <line num="124" count="0" type="stmt"/>
        <line num="130" count="0" type="stmt"/>
        <line num="131" count="0" type="stmt"/>
        <line num="137" count="0" type="stmt"/>
        <line num="138" count="0" type="stmt"/>
        <line num="139" count="0" type="stmt"/>
        <line num="141" count="0" type="cond" truecount="0" falsecount="1"/>
        <line num="142" count="0" type="stmt"/>
        <line num="145" count="0" type="stmt"/>
        <line num="151" count="0" type="cond" truecount="0" falsecount="1"/>
        <line num="152" count="0" type="stmt"/>
        <line num="155" count="0" type="stmt"/>
        <line num="157" count="0" type="stmt"/>
        <line num="158" count="0" type="stmt"/>
        <line num="164" count="0" type="stmt"/>
        <line num="165" count="0" type="stmt"/>
        <line num="167" count="0" type="cond" truecount="0" falsecount="1"/>
        <line num="168" count="0" type="stmt"/>
        <line num="171" count="0" type="stmt"/>
        <line num="173" count="0" type="stmt"/>
        <line num="175" count="0" type="cond" truecount="0" falsecount="1"/>
        <line num="176" count="0" type="stmt"/>
        <line num="179" count="0" type="stmt"/>
        <line num="181" count="0" type="stmt"/>
        <line num="182" count="0" type="stmt"/>
      </file>
      <file name="UsersController.ts" path="/Users/lottej/Documents/GitHub/IntelliDish/backend/controllers/UsersController.ts">
        <metrics statements="360" coveredstatements="7" conditionals="105" coveredconditionals="0" methods="43" coveredmethods="0"/>
        <line num="2" count="10" type="stmt"/>
        <line num="3" count="10" type="stmt"/>
        <line num="4" count="10" type="stmt"/>
        <line num="5" count="10" type="stmt"/>
        <line num="6" count="10" type="stmt"/>
        <line num="7" count="10" type="stmt"/>
        <line num="9" count="10" type="stmt"/>
        <line num="11" count="0" type="stmt"/>
        <line num="12" count="0" type="stmt"/>
        <line num="13" count="0" type="stmt"/>
        <line num="15" count="0" type="stmt"/>
        <line num="16" count="0" type="stmt"/>
        <line num="21" count="0" type="stmt"/>
        <line num="22" count="0" type="stmt"/>
        <line num="25" count="0" type="cond" truecount="0" falsecount="1"/>
        <line num="26" count="0" type="stmt"/>
        <line num="29" count="0" type="stmt"/>
        <line num="31" count="0" type="cond" truecount="0" falsecount="1"/>
        <line num="32" count="0" type="stmt"/>
        <line num="35" count="0" type="stmt"/>
        <line num="37" count="0" type="stmt"/>
        <line num="38" count="0" type="stmt"/>
        <line num="44" count="0" type="stmt"/>
        <line num="45" count="0" type="stmt"/>
        <line num="47" count="0" type="stmt"/>
        <line num="49" count="0" type="cond" truecount="0" falsecount="1"/>
        <line num="50" count="0" type="stmt"/>
        <line num="53" count="0" type="stmt"/>
        <line num="55" count="0" type="stmt"/>
        <line num="56" count="0" type="stmt"/>
        <line num="61" count="0" type="stmt"/>
        <line num="62" count="0" type="stmt"/>
        <line num="63" count="0" type="stmt"/>
        <line num="64" count="0" type="stmt"/>
        <line num="66" count="0" type="stmt"/>
        <line num="67" count="0" type="stmt"/>
        <line num="72" count="0" type="stmt"/>
        <line num="73" count="0" type="stmt"/>
        <line num="74" count="0" type="stmt"/>
        <line num="76" count="0" type="cond" truecount="0" falsecount="1"/>
        <line num="77" count="0" type="stmt"/>
        <line num="80" count="0" type="stmt"/>
        <line num="86" count="0" type="cond" truecount="0" falsecount="1"/>
        <line num="87" count="0" type="stmt"/>
        <line num="90" count="0" type="stmt"/>
        <line num="92" count="0" type="stmt"/>
        <line num="93" count="0" type="stmt"/>
        <line num="98" count="0" type="stmt"/>
        <line num="99" count="0" type="stmt"/>
        <line num="100" count="0" type="stmt"/>
        <line num="102" count="0" type="cond" truecount="0" falsecount="1"/>
        <line num="103" count="0" type="stmt"/>
        <line num="106" count="0" type="cond" truecount="0" falsecount="1"/>
        <line num="107" count="0" type="stmt"/>
        <line num="110" count="0" type="cond" truecount="0" falsecount="3"/>
        <line num="111" count="0" type="stmt"/>
        <line num="114" count="0" type="stmt"/>
        <line num="115" count="0" type="stmt"/>
        <line num="117" count="0" type="stmt"/>
        <line num="118" count="0" type="stmt"/>
        <line num="120" count="0" type="cond" truecount="0" falsecount="3"/>
        <line num="121" count="0" type="stmt"/>
        <line num="125" count="0" type="cond" truecount="0" falsecount="3"/>
        <line num="126" count="0" type="stmt"/>
        <line num="130" count="0" type="stmt"/>
        <line num="135" count="0" type="stmt"/>
        <line num="140" count="0" type="stmt"/>
        <line num="142" count="0" type="stmt"/>
        <line num="143" count="0" type="stmt"/>
        <line num="148" count="0" type="stmt"/>
        <line num="149" count="0" type="stmt"/>
        <line num="151" count="0" type="cond" truecount="0" falsecount="3"/>
        <line num="152" count="0" type="stmt"/>
        <line num="155" count="0" type="stmt"/>
        <line num="156" count="0" type="stmt"/>
        <line num="158" count="0" type="stmt"/>
        <line num="162" count="0" type="stmt"/>
        <line num="167" count="0" type="cond" truecount="0" falsecount="3"/>
        <line num="168" count="0" type="stmt"/>
        <line num="171" count="0" type="stmt"/>
        <line num="175" count="0" type="stmt"/>
        <line num="176" count="0" type="stmt"/>
        <line num="179" count="0" type="cond" truecount="0" falsecount="1"/>
        <line num="180" count="0" type="stmt"/>
        <line num="184" count="0" type="stmt"/>
        <line num="186" count="0" type="cond" truecount="0" falsecount="1"/>
        <line num="187" count="0" type="stmt"/>
        <line num="191" count="0" type="stmt"/>
        <line num="193" count="0" type="stmt"/>
        <line num="194" count="0" type="stmt"/>
        <line num="199" count="0" type="stmt"/>
        <line num="200" count="0" type="stmt"/>
        <line num="202" count="0" type="cond" truecount="0" falsecount="1"/>
        <line num="203" count="0" type="stmt"/>
        <line num="206" count="0" type="stmt"/>
        <line num="208" count="0" type="stmt"/>
        <line num="210" count="0" type="cond" truecount="0" falsecount="1"/>
        <line num="211" count="0" type="stmt"/>
        <line num="214" count="0" type="stmt"/>
        <line num="216" count="0" type="stmt"/>
        <line num="217" count="0" type="stmt"/>
        <line num="222" count="0" type="stmt"/>
        <line num="223" count="0" type="stmt"/>
        <line num="224" count="0" type="stmt"/>
        <line num="226" count="0" type="cond" truecount="0" falsecount="3"/>
        <line num="227" count="0" type="stmt"/>
        <line num="230" count="0" type="cond" truecount="0" falsecount="1"/>
        <line num="231" count="0" type="stmt"/>
        <line num="235" count="0" type="stmt"/>
        <line num="236" count="0" type="cond" truecount="0" falsecount="1"/>
        <line num="237" count="0" type="stmt"/>
        <line num="241" count="0" type="stmt"/>
        <line num="247" count="0" type="cond" truecount="0" falsecount="1"/>
        <line num="248" count="0" type="stmt"/>
        <line num="251" count="0" type="stmt"/>
        <line num="253" count="0" type="stmt"/>
        <line num="254" count="0" type="stmt"/>
        <line num="259" count="0" type="stmt"/>
        <line num="260" count="0" type="stmt"/>
        <line num="261" count="0" type="stmt"/>
        <line num="263" count="0" type="cond" truecount="0" falsecount="3"/>
        <line num="264" count="0" type="stmt"/>
        <line num="267" count="0" type="cond" truecount="0" falsecount="1"/>
        <line num="268" count="0" type="stmt"/>
        <line num="272" count="0" type="stmt"/>
        <line num="273" count="0" type="cond" truecount="0" falsecount="1"/>
        <line num="274" count="0" type="stmt"/>
        <line num="278" count="0" type="stmt"/>
        <line num="284" count="0" type="cond" truecount="0" falsecount="1"/>
        <line num="285" count="0" type="stmt"/>
        <line num="288" count="0" type="stmt"/>
        <line num="290" count="0" type="stmt"/>
        <line num="291" count="0" type="stmt"/>
        <line num="296" count="0" type="stmt"/>
        <line num="297" count="0" type="stmt"/>
        <line num="300" count="0" type="cond" truecount="0" falsecount="1"/>
        <line num="301" count="0" type="stmt"/>
        <line num="305" count="0" type="stmt"/>
        <line num="307" count="0" type="cond" truecount="0" falsecount="1"/>
        <line num="308" count="0" type="stmt"/>
        <line num="312" count="0" type="stmt"/>
        <line num="314" count="0" type="stmt"/>
        <line num="315" count="0" type="stmt"/>
        <line num="320" count="0" type="stmt"/>
        <line num="321" count="0" type="stmt"/>
        <line num="322" count="0" type="stmt"/>
        <line num="325" count="0" type="cond" truecount="0" falsecount="3"/>
        <line num="326" count="0" type="stmt"/>
        <line num="329" count="0" type="cond" truecount="0" falsecount="1"/>
        <line num="330" count="0" type="stmt"/>
        <line num="334" count="0" type="stmt"/>
        <line num="335" count="0" type="cond" truecount="0" falsecount="1"/>
        <line num="336" count="0" type="stmt"/>
        <line num="340" count="0" type="stmt"/>
        <line num="346" count="0" type="cond" truecount="0" falsecount="1"/>
        <line num="347" count="0" type="stmt"/>
        <line num="350" count="0" type="stmt"/>
        <line num="352" count="0" type="stmt"/>
        <line num="353" count="0" type="stmt"/>
        <line num="358" count="0" type="stmt"/>
        <line num="359" count="0" type="stmt"/>
        <line num="360" count="0" type="stmt"/>
        <line num="363" count="0" type="cond" truecount="0" falsecount="3"/>
        <line num="364" count="0" type="stmt"/>
        <line num="367" count="0" type="cond" truecount="0" falsecount="1"/>
        <line num="368" count="0" type="stmt"/>
        <line num="372" count="0" type="stmt"/>
        <line num="378" count="0" type="cond" truecount="0" falsecount="1"/>
        <line num="379" count="0" type="stmt"/>
        <line num="382" count="0" type="stmt"/>
        <line num="384" count="0" type="stmt"/>
        <line num="385" count="0" type="stmt"/>
        <line num="390" count="0" type="stmt"/>
        <line num="391" count="0" type="stmt"/>
        <line num="394" count="0" type="cond" truecount="0" falsecount="1"/>
        <line num="395" count="0" type="stmt"/>
        <line num="399" count="0" type="stmt"/>
        <line num="401" count="0" type="cond" truecount="0" falsecount="1"/>
        <line num="402" count="0" type="stmt"/>
        <line num="406" count="0" type="stmt"/>
        <line num="408" count="0" type="stmt"/>
        <line num="409" count="0" type="stmt"/>
        <line num="415" count="0" type="stmt"/>
        <line num="416" count="0" type="stmt"/>
        <line num="421" count="0" type="stmt"/>
        <line num="423" count="0" type="stmt"/>
        <line num="424" count="0" type="stmt"/>
        <line num="429" count="0" type="stmt"/>
        <line num="430" count="0" type="stmt"/>
        <line num="431" count="0" type="cond" truecount="0" falsecount="1"/>
        <line num="432" count="0" type="stmt"/>
        <line num="435" count="0" type="stmt"/>
        <line num="440" count="0" type="cond" truecount="0" falsecount="1"/>
        <line num="441" count="0" type="stmt"/>
        <line num="444" count="0" type="stmt"/>
        <line num="446" count="0" type="stmt"/>
        <line num="447" count="0" type="stmt"/>
        <line num="453" count="0" type="stmt"/>
        <line num="454" count="0" type="cond" truecount="0" falsecount="3"/>
        <line num="456" count="0" type="cond" truecount="0" falsecount="4"/>
        <line num="457" count="0" type="stmt"/>
        <line num="460" count="0" type="stmt"/>
        <line num="461" count="0" type="cond" truecount="0" falsecount="1"/>
        <line num="462" count="0" type="stmt"/>
        <line num="466" count="0" type="stmt"/>
        <line num="475" count="0" type="stmt"/>
        <line num="478" count="0" type="stmt"/>
        <line num="481" count="0" type="cond" truecount="0" falsecount="1"/>
        <line num="482" count="0" type="stmt"/>
        <line num="483" count="0" type="stmt"/>
        <line num="489" count="0" type="stmt"/>
        <line num="491" count="0" type="stmt"/>
        <line num="492" count="0" type="stmt"/>
        <line num="498" count="0" type="stmt"/>
        <line num="499" count="0" type="stmt"/>
        <line num="501" count="0" type="cond" truecount="0" falsecount="1"/>
        <line num="502" count="0" type="stmt"/>
        <line num="505" count="0" type="stmt"/>
        <line num="510" count="0" type="cond" truecount="0" falsecount="1"/>
        <line num="511" count="0" type="stmt"/>
        <line num="514" count="0" type="stmt"/>
        <line num="516" count="0" type="stmt"/>
        <line num="517" count="0" type="stmt"/>
        <line num="522" count="0" type="stmt"/>
        <line num="523" count="0" type="stmt"/>
        <line num="525" count="0" type="cond" truecount="0" falsecount="1"/>
        <line num="526" count="0" type="stmt"/>
        <line num="529" count="0" type="stmt"/>
        <line num="534" count="0" type="cond" truecount="0" falsecount="1"/>
        <line num="535" count="0" type="stmt"/>
        <line num="538" count="0" type="stmt"/>
        <line num="540" count="0" type="stmt"/>
        <line num="541" count="0" type="stmt"/>
        <line num="547" count="0" type="stmt"/>
        <line num="548" count="0" type="stmt"/>
        <line num="549" count="0" type="stmt"/>
        <line num="551" count="0" type="cond" truecount="0" falsecount="1"/>
        <line num="552" count="0" type="stmt"/>
        <line num="555" count="0" type="cond" truecount="0" falsecount="1"/>
        <line num="556" count="0" type="stmt"/>
        <line num="559" count="0" type="cond" truecount="0" falsecount="3"/>
        <line num="560" count="0" type="stmt"/>
        <line num="563" count="0" type="stmt"/>
        <line num="564" count="0" type="cond" truecount="0" falsecount="1"/>
        <line num="565" count="0" type="stmt"/>
        <line num="568" count="0" type="stmt"/>
        <line num="569" count="0" type="cond" truecount="0" falsecount="1"/>
        <line num="570" count="0" type="stmt"/>
        <line num="574" count="0" type="stmt"/>
        <line num="577" count="0" type="stmt"/>
        <line num="579" count="0" type="stmt"/>
        <line num="581" count="0" type="stmt"/>
        <line num="586" count="0" type="stmt"/>
        <line num="591" count="0" type="stmt"/>
        <line num="592" count="0" type="stmt"/>
        <line num="597" count="0" type="stmt"/>
        <line num="598" count="0" type="stmt"/>
        <line num="599" count="0" type="stmt"/>
        <line num="601" count="0" type="cond" truecount="0" falsecount="1"/>
        <line num="602" count="0" type="stmt"/>
        <line num="605" count="0" type="cond" truecount="0" falsecount="1"/>
        <line num="606" count="0" type="stmt"/>
        <line num="609" count="0" type="cond" truecount="0" falsecount="3"/>
        <line num="610" count="0" type="stmt"/>
        <line num="613" count="0" type="stmt"/>
        <line num="614" count="0" type="cond" truecount="0" falsecount="1"/>
        <line num="615" count="0" type="stmt"/>
        <line num="618" count="0" type="stmt"/>
        <line num="619" count="0" type="cond" truecount="0" falsecount="1"/>
        <line num="620" count="0" type="stmt"/>
        <line num="624" count="0" type="stmt"/>
        <line num="627" count="0" type="stmt"/>
        <line num="628" count="0" type="stmt"/>
        <line num="630" count="0" type="stmt"/>
        <line num="632" count="0" type="stmt"/>
        <line num="637" count="0" type="stmt"/>
        <line num="642" count="0" type="stmt"/>
        <line num="643" count="0" type="stmt"/>
        <line num="648" count="0" type="stmt"/>
        <line num="649" count="0" type="stmt"/>
        <line num="650" count="0" type="stmt"/>
        <line num="652" count="0" type="cond" truecount="0" falsecount="1"/>
        <line num="653" count="0" type="stmt"/>
        <line num="656" count="0" type="cond" truecount="0" falsecount="3"/>
        <line num="657" count="0" type="stmt"/>
        <line num="660" count="0" type="cond" truecount="0" falsecount="1"/>
        <line num="661" count="0" type="stmt"/>
        <line num="664" count="0" type="stmt"/>
        <line num="665" count="0" type="cond" truecount="0" falsecount="1"/>
        <line num="666" count="0" type="stmt"/>
        <line num="669" count="0" type="stmt"/>
        <line num="671" count="0" type="stmt"/>
        <line num="672" count="0" type="stmt"/>
        <line num="673" count="0" type="stmt"/>
        <line num="678" count="0" type="cond" truecount="0" falsecount="1"/>
        <line num="679" count="0" type="stmt"/>
        <line num="682" count="0" type="stmt"/>
        <line num="683" count="0" type="stmt"/>
        <line num="685" count="0" type="stmt"/>
        <line num="690" count="0" type="stmt"/>
        <line num="695" count="0" type="stmt"/>
        <line num="697" count="0" type="stmt"/>
        <line num="698" count="0" type="stmt"/>
        <line num="703" count="0" type="stmt"/>
        <line num="704" count="0" type="stmt"/>
        <line num="705" count="0" type="stmt"/>
        <line num="707" count="0" type="cond" truecount="0" falsecount="1"/>
        <line num="708" count="0" type="stmt"/>
        <line num="711" count="0" type="cond" truecount="0" falsecount="3"/>
        <line num="712" count="0" type="stmt"/>
        <line num="715" count="0" type="cond" truecount="0" falsecount="1"/>
        <line num="716" count="0" type="stmt"/>
        <line num="719" count="0" type="stmt"/>
        <line num="720" count="0" type="cond" truecount="0" falsecount="1"/>
        <line num="721" count="0" type="stmt"/>
        <line num="724" count="0" type="stmt"/>
        <line num="726" count="0" type="stmt"/>
        <line num="727" count="0" type="stmt"/>
        <line num="728" count="0" type="stmt"/>
        <line num="730" count="0" type="stmt"/>
        <line num="732" count="0" type="stmt"/>
        <line num="734" count="0" type="stmt"/>
        <line num="736" count="0" type="stmt"/>
        <line num="742" count="0" type="stmt"/>
        <line num="747" count="0" type="stmt"/>
        <line num="749" count="0" type="stmt"/>
        <line num="750" count="0" type="stmt"/>
        <line num="756" count="0" type="stmt"/>
        <line num="757" count="0" type="stmt"/>
        <line num="759" count="0" type="cond" truecount="0" falsecount="1"/>
        <line num="760" count="0" type="stmt"/>
        <line num="763" count="0" type="stmt"/>
        <line num="764" count="0" type="cond" truecount="0" falsecount="1"/>
        <line num="765" count="0" type="stmt"/>
        <line num="768" count="0" type="cond" truecount="0" falsecount="3"/>
        <line num="769" count="0" type="stmt"/>
        <line num="773" count="0" type="stmt"/>
        <line num="775" count="0" type="stmt"/>
        <line num="778" count="0" type="stmt"/>
        <line num="780" count="0" type="cond" truecount="0" falsecount="3"/>
        <line num="781" count="0" type="stmt"/>
        <line num="785" count="0" type="stmt"/>
        <line num="788" count="0" type="stmt"/>
        <line num="791" count="0" type="stmt"/>
        <line num="797" count="0" type="stmt"/>
        <line num="802" count="0" type="stmt"/>
        <line num="803" count="0" type="stmt"/>
        <line num="808" count="0" type="stmt"/>
        <line num="809" count="0" type="stmt"/>
        <line num="811" count="0" type="cond" truecount="0" falsecount="1"/>
        <line num="812" count="0" type="stmt"/>
        <line num="815" count="0" type="stmt"/>
        <line num="816" count="0" type="cond" truecount="0" falsecount="1"/>
        <line num="817" count="0" type="stmt"/>
        <line num="821" count="0" type="stmt"/>
        <line num="824" count="0" type="stmt"/>
        <line num="830" count="0" type="stmt"/>
        <line num="832" count="0" type="stmt"/>
        <line num="834" count="0" type="stmt"/>
        <line num="835" count="0" type="stmt"/>
      </file>
    </package>
    <package name="backend.models">
      <metrics statements="29" coveredstatements="19" conditionals="1" coveredconditionals="0" methods="3" coveredmethods="0"/>
      <file name="IngredientModel.ts" path="/Users/lottej/Documents/GitHub/IntelliDish/backend/models/IngredientModel.ts">
        <metrics statements="8" coveredstatements="5" conditionals="0" coveredconditionals="0" methods="1" coveredmethods="0"/>
        <line num="1" count="10" type="stmt"/>
        <line num="10" count="10" type="stmt"/>
        <line num="25" count="10" type="stmt"/>
        <line num="26" count="0" type="stmt"/>
        <line num="28" count="0" type="stmt"/>
        <line num="33" count="0" type="stmt"/>
        <line num="36" count="10" type="stmt"/>
        <line num="38" count="10" type="stmt"/>
      </file>
      <file name="PotluckModel.ts" path="/Users/lottej/Documents/GitHub/IntelliDish/backend/models/PotluckModel.ts">
        <metrics statements="4" coveredstatements="4" conditionals="0" coveredconditionals="0" methods="0" coveredmethods="0"/>
        <line num="1" count="10" type="stmt"/>
        <line num="12" count="10" type="stmt"/>
        <line num="29" count="10" type="stmt"/>
        <line num="31" count="10" type="stmt"/>
      </file>
      <file name="RecipeModel.ts" path="/Users/lottej/Documents/GitHub/IntelliDish/backend/models/RecipeModel.ts">
        <metrics statements="8" coveredstatements="5" conditionals="0" coveredconditionals="0" methods="1" coveredmethods="0"/>
        <line num="1" count="10" type="stmt"/>
        <line num="17" count="10" type="stmt"/>
        <line num="46" count="10" type="stmt"/>
        <line num="47" count="0" type="stmt"/>
        <line num="49" count="0" type="stmt"/>
        <line num="54" count="0" type="stmt"/>
        <line num="58" count="10" type="stmt"/>
        <line num="60" count="10" type="stmt"/>
      </file>
      <file name="UserModel.ts" path="/Users/lottej/Documents/GitHub/IntelliDish/backend/models/UserModel.ts">
        <metrics statements="9" coveredstatements="5" conditionals="1" coveredconditionals="0" methods="1" coveredmethods="0"/>
        <line num="1" count="10" type="stmt"/>
        <line num="12" count="10" type="stmt"/>
        <line num="22" count="10" type="stmt"/>
        <line num="23" count="0" type="stmt"/>
        <line num="25" count="0" type="cond" truecount="0" falsecount="1"/>
        <line num="26" count="0" type="stmt"/>
        <line num="31" count="0" type="stmt"/>
        <line num="34" count="10" type="stmt"/>
        <line num="36" count="10" type="stmt"/>
      </file>
    </package>
    <package name="backend.routes">
      <metrics statements="13" coveredstatements="13" conditionals="0" coveredconditionals="0" methods="0" coveredmethods="0"/>
      <file name="IngredientsRoutes.ts" path="/Users/lottej/Documents/GitHub/IntelliDish/backend/routes/IngredientsRoutes.ts">
        <metrics statements="5" coveredstatements="5" conditionals="0" coveredconditionals="0" methods="0" coveredmethods="0"/>
        <line num="1" count="10" type="stmt"/>
        <line num="2" count="10" type="stmt"/>
        <line num="4" count="10" type="stmt"/>
        <line num="6" count="10" type="stmt"/>
        <line num="8" count="10" type="stmt"/>
      </file>
      <file name="RecipesRoutes.ts" path="/Users/lottej/Documents/GitHub/IntelliDish/backend/routes/RecipesRoutes.ts">
        <metrics statements="4" coveredstatements="4" conditionals="0" coveredconditionals="0" methods="0" coveredmethods="0"/>
        <line num="1" count="10" type="stmt"/>
        <line num="2" count="10" type="stmt"/>
        <line num="5" count="10" type="stmt"/>
        <line num="8" count="10" type="stmt"/>
      </file>
      <file name="UsersRoutes.ts" path="/Users/lottej/Documents/GitHub/IntelliDish/backend/routes/UsersRoutes.ts">
        <metrics statements="4" coveredstatements="4" conditionals="0" coveredconditionals="0" methods="0" coveredmethods="0"/>
        <line num="1" count="10" type="stmt"/>
        <line num="2" count="10" type="stmt"/>
        <line num="4" count="10" type="stmt"/>
        <line num="6" count="10" type="stmt"/>
      </file>
    </package>
  </project>
</coverage>
