TN:
SF:aiHelper.ts
FN:18,recipesGeneration
FN:72,ingredientsRecognition
FNF:2
FNH:0
FNDA:0,recipesGeneration
FNDA:0,ingredientsRecognition
DA:1,27
DA:3,27
DA:4,27
DA:6,27
DA:8,27
DA:10,27
DA:18,27
DA:19,0
DA:20,0
DA:59,0
DA:61,0
DA:62,0
DA:63,0
DA:66,0
DA:68,0
DA:72,27
DA:73,0
DA:75,0
DA:76,0
DA:79,0
DA:119,0
DA:121,0
DA:122,0
DA:126,0
DA:128,0
LF:25
LH:8
BRDA:61,0,0,0
BRDA:121,1,0,0
BRF:2
BRH:0
end_of_record
TN:
SF:index.ts
FN:27,(anonymous_17)
FN:31,(anonymous_18)
FN:31,(anonymous_19)
FN:57,(anonymous_20)
FN:60,(anonymous_21)
FN:66,(anonymous_22)
FNF:6
FNH:4
FNDA:1130,(anonymous_17)
FNDA:88,(anonymous_18)
FNDA:88,(anonymous_19)
FNDA:24,(anonymous_20)
FNDA:0,(anonymous_21)
FNDA:0,(anonymous_22)
DA:1,34
DA:2,34
DA:3,34
DA:4,34
DA:5,34
DA:6,34
DA:7,34
DA:8,34
DA:9,34
DA:10,34
DA:12,34
DA:14,34
DA:19,34
DA:20,34
DA:22,34
DA:27,34
DA:28,1130
DA:31,88
DA:32,88
DA:33,88
DA:35,20
DA:37,68
DA:38,68
DA:44,32
DA:45,32
DA:52,34
DA:57,34
DA:59,24
DA:60,0
DA:61,0
DA:64,24
DA:67,0
DA:70,34
LF:33
LH:30
BRDA:33,0,0,20
BRDA:59,1,0,0
BRDA:59,1,1,24
BRDA:60,2,0,0
BRDA:60,2,1,0
BRDA:61,3,0,0
BRDA:61,3,1,0
BRF:7
BRH:2
end_of_record
TN:
SF:services.ts
FN:4,connectDB
FNF:1
FNH:1
FNDA:34,connectDB
DA:1,34
DA:5,34
DA:6,34
DA:7,34
DA:8,24
DA:10,0
DA:11,0
DA:15,34
LF:8
LH:6
BRDA:7,0,0,34
BRDA:7,0,1,0
BRDA:7,1,0,34
BRDA:7,1,1,34
BRF:4
BRH:3
end_of_record
TN:
SF:controllers/IngredientsController.ts
FN:10,addIngredient
FN:36,parseIngredients
FN:68,convertUnit
FN:75,updateIngredientQuantity
FN:137,(anonymous_15)
FN:147,(anonymous_17)
FN:169,(anonymous_19)
FN:192,(anonymous_21)
FN:203,(anonymous_23)
FN:224,(anonymous_25)
FN:250,(anonymous_27)
FNF:11
FNH:5
FNDA:0,addIngredient
FNDA:0,parseIngredients
FNDA:0,convertUnit
FNDA:0,updateIngredientQuantity
FNDA:1,(anonymous_15)
FNDA:1,(anonymous_17)
FNDA:1,(anonymous_19)
FNDA:0,(anonymous_21)
FNDA:0,(anonymous_23)
FNDA:1,(anonymous_25)
FNDA:1,(anonymous_27)
DA:2,22
DA:4,22
DA:5,22
DA:10,22
DA:16,0
DA:17,0
DA:18,0
DA:21,0
DA:28,0
DA:29,0
DA:31,0
DA:32,0
DA:36,22
DA:37,0
DA:38,0
DA:40,0
DA:45,0
DA:47,0
DA:48,0
DA:49,0
DA:51,0
DA:52,0
DA:59,22
DA:68,22
DA:69,0
DA:70,0
DA:72,0
DA:75,22
DA:79,0
DA:80,0
DA:81,0
DA:83,0
DA:84,0
DA:87,0
DA:88,0
DA:91,0
DA:92,0
DA:93,0
DA:94,0
DA:97,0
DA:98,0
DA:99,0
DA:103,0
DA:106,0
DA:107,0
DA:108,0
DA:109,0
DA:113,0
DA:118,0
DA:120,0
DA:122,0
DA:123,0
DA:125,0
DA:127,0
DA:128,0
DA:131,0
DA:132,0
DA:136,22
DA:138,1
DA:139,1
DA:140,1
DA:142,0
DA:143,0
DA:149,1
DA:150,1
DA:152,1
DA:153,0
DA:156,1
DA:158,1
DA:159,1
DA:162,0
DA:164,0
DA:165,0
DA:170,1
DA:171,1
DA:173,1
DA:174,0
DA:177,1
DA:181,1
DA:182,1
DA:185,0
DA:187,0
DA:188,0
DA:193,0
DA:194,0
DA:195,0
DA:196,0
DA:198,0
DA:199,0
DA:204,0
DA:205,0
DA:207,0
DA:208,0
DA:210,0
DA:211,0
DA:213,0
DA:214,0
DA:217,0
DA:219,0
DA:220,0
DA:225,1
DA:226,1
DA:227,1
DA:229,1
DA:230,0
DA:233,1
DA:239,1
DA:240,1
DA:243,0
DA:245,0
DA:246,0
DA:251,1
DA:252,1
DA:254,1
DA:255,0
DA:258,1
DA:260,1
DA:262,1
DA:263,1
DA:266,0
DA:268,0
DA:269,0
LF:122
LH:38
BRDA:17,0,0,0
BRDA:23,1,0,0
BRDA:23,1,1,0
BRDA:24,2,0,0
BRDA:24,2,1,0
BRDA:24,3,0,0
BRDA:24,3,1,0
BRDA:24,4,0,0
BRDA:24,4,1,0
BRDA:25,5,0,0
BRDA:25,5,1,0
BRDA:42,6,0,0
BRDA:42,6,1,0
BRDA:42,7,0,0
BRDA:42,7,1,0
BRDA:47,8,0,0
BRDA:47,8,1,0
BRDA:69,9,0,0
BRDA:69,10,0,0
BRDA:69,10,1,0
BRDA:83,11,0,0
BRDA:83,11,1,0
BRDA:83,12,0,0
BRDA:83,12,1,0
BRDA:83,13,0,0
BRDA:83,13,1,0
BRDA:84,14,0,0
BRDA:84,14,1,0
BRDA:84,15,0,0
BRDA:84,15,1,0
BRDA:84,16,0,0
BRDA:84,16,1,0
BRDA:87,17,0,0
BRDA:87,18,0,0
BRDA:87,18,1,0
BRDA:91,19,0,0
BRDA:91,20,0,0
BRDA:91,20,1,0
BRDA:97,21,0,0
BRDA:107,22,0,0
BRDA:152,23,0,0
BRDA:158,24,0,1
BRDA:173,25,0,0
BRDA:181,26,0,1
BRDA:198,27,0,0
BRDA:198,27,1,0
BRDA:207,28,0,0
BRDA:207,29,0,0
BRDA:207,29,1,0
BRDA:229,30,0,0
BRDA:239,31,0,1
BRDA:254,32,0,0
BRDA:262,33,0,1
BRF:53
BRH:4
end_of_record
TN:
SF:controllers/RecipesController.ts
FN:9,(anonymous_8)
FN:20,(anonymous_10)
FN:35,(anonymous_12)
FN:60,(anonymous_14)
FN:71,(anonymous_16)
FN:91,(anonymous_17)
FN:107,(anonymous_19)
FN:135,(anonymous_21)
FN:162,(anonymous_23)
FNF:9
FNH:5
FNDA:1,(anonymous_8)
FNDA:1,(anonymous_10)
FNDA:1,(anonymous_12)
FNDA:1,(anonymous_14)
FNDA:0,(anonymous_16)
FNDA:0,(anonymous_17)
FNDA:0,(anonymous_19)
FNDA:0,(anonymous_21)
FNDA:1,(anonymous_23)
DA:2,22
DA:3,22
DA:4,22
DA:5,22
DA:7,22
DA:11,1
DA:12,1
DA:13,1
DA:15,0
DA:16,0
DA:21,1
DA:22,1
DA:24,1
DA:25,1
DA:28,0
DA:30,0
DA:31,0
DA:36,1
DA:37,1
DA:38,1
DA:40,1
DA:41,0
DA:44,1
DA:48,1
DA:49,1
DA:52,0
DA:54,0
DA:55,0
DA:61,1
DA:62,1
DA:65,1
DA:67,1
DA:68,1
DA:71,0
DA:74,0
DA:78,0
DA:80,0
DA:81,0
DA:84,0
DA:86,0
DA:87,0
DA:92,0
DA:94,0
DA:97,0
DA:99,0
DA:101,0
DA:102,0
DA:108,0
DA:110,0
DA:113,0
DA:114,0
DA:118,0
DA:121,0
DA:124,0
DA:130,0
DA:131,0
DA:137,0
DA:138,0
DA:139,0
DA:141,0
DA:142,0
DA:145,0
DA:151,0
DA:152,0
DA:155,0
DA:157,0
DA:158,0
DA:164,1
DA:165,1
DA:167,1
DA:168,0
DA:171,1
DA:173,1
DA:175,1
DA:176,1
DA:179,0
DA:181,0
DA:182,0
LF:78
LH:31
BRDA:24,0,0,1
BRDA:40,1,0,0
BRDA:40,2,0,1
BRDA:40,2,1,1
BRDA:48,3,0,1
BRDA:67,4,0,1
BRDA:80,5,0,0
BRDA:113,6,0,0
BRDA:118,7,0,0
BRDA:118,7,1,0
BRDA:141,8,0,0
BRDA:151,9,0,0
BRDA:167,10,0,0
BRDA:175,11,0,1
BRF:14
BRH:6
end_of_record
TN:
SF:controllers/UsersController.ts
FN:10,(anonymous_8)
FN:20,(anonymous_10)
FN:43,(anonymous_12)
FN:60,(anonymous_14)
FN:71,(anonymous_16)
FN:97,(anonymous_18)
FN:147,(anonymous_20)
FN:174,(anonymous_22)
FN:198,(anonymous_24)
FN:221,(anonymous_26)
FN:258,(anonymous_28)
FN:295,(anonymous_30)
FN:319,(anonymous_32)
FN:357,(anonymous_34)
FN:389,(anonymous_36)
FN:414,(anonymous_38)
FN:428,(anonymous_40)
FN:452,(anonymous_42)
FN:482,(anonymous_44)
FN:497,(anonymous_45)
FN:521,(anonymous_47)
FN:546,(anonymous_49)
FN:568,(anonymous_51)
FN:596,(anonymous_52)
FN:618,(anonymous_54)
FN:624,(anonymous_55)
FN:627,(anonymous_56)
FN:628,(anonymous_57)
FN:647,(anonymous_58)
FN:660,(anonymous_60)
FN:669,(anonymous_61)
FN:672,(anonymous_62)
FN:673,(anonymous_63)
FN:702,(anonymous_64)
FN:715,(anonymous_66)
FN:727,(anonymous_67)
FN:728,(anonymous_68)
FN:730,(anonymous_69)
FN:732,(anonymous_70)
FN:755,(anonymous_71)
FN:788,(anonymous_73)
FN:807,(anonymous_74)
FN:821,(anonymous_76)
FNF:43
FNH:5
FNDA:0,(anonymous_8)
FNDA:1,(anonymous_10)
FNDA:0,(anonymous_12)
FNDA:0,(anonymous_14)
FNDA:0,(anonymous_16)
FNDA:1,(anonymous_18)
FNDA:1,(anonymous_20)
FNDA:0,(anonymous_22)
FNDA:0,(anonymous_24)
FNDA:0,(anonymous_26)
FNDA:0,(anonymous_28)
FNDA:0,(anonymous_30)
FNDA:0,(anonymous_32)
FNDA:0,(anonymous_34)
FNDA:0,(anonymous_36)
FNDA:0,(anonymous_38)
FNDA:0,(anonymous_40)
FNDA:1,(anonymous_42)
FNDA:0,(anonymous_44)
FNDA:2,(anonymous_45)
FNDA:0,(anonymous_47)
FNDA:0,(anonymous_49)
FNDA:0,(anonymous_51)
FNDA:0,(anonymous_52)
FNDA:0,(anonymous_54)
FNDA:0,(anonymous_55)
FNDA:0,(anonymous_56)
FNDA:0,(anonymous_57)
FNDA:0,(anonymous_58)
FNDA:0,(anonymous_60)
FNDA:0,(anonymous_61)
FNDA:0,(anonymous_62)
FNDA:0,(anonymous_63)
FNDA:0,(anonymous_64)
FNDA:0,(anonymous_66)
FNDA:0,(anonymous_67)
FNDA:0,(anonymous_68)
FNDA:0,(anonymous_69)
FNDA:0,(anonymous_70)
FNDA:0,(anonymous_71)
FNDA:0,(anonymous_73)
FNDA:0,(anonymous_74)
FNDA:0,(anonymous_76)
DA:2,27
DA:3,27
DA:4,27
DA:5,27
DA:6,27
DA:7,27
DA:9,27
DA:11,0
DA:12,0
DA:13,0
DA:15,0
DA:16,0
DA:21,1
DA:22,1
DA:25,1
DA:26,0
DA:29,1
DA:31,1
DA:32,1
DA:35,0
DA:37,0
DA:38,0
DA:44,0
DA:45,0
DA:47,0
DA:49,0
DA:50,0
DA:53,0
DA:55,0
DA:56,0
DA:61,0
DA:62,0
DA:63,0
DA:64,0
DA:66,0
DA:67,0
DA:72,0
DA:73,0
DA:74,0
DA:76,0
DA:77,0
DA:80,0
DA:86,0
DA:87,0
DA:90,0
DA:92,0
DA:93,0
DA:98,1
DA:99,1
DA:100,1
DA:102,1
DA:103,0
DA:106,1
DA:107,0
DA:110,1
DA:111,0
DA:114,1
DA:115,1
DA:117,1
DA:118,1
DA:120,1
DA:121,1
DA:125,0
DA:126,0
DA:130,0
DA:135,0
DA:140,0
DA:142,0
DA:143,0
DA:148,1
DA:149,1
DA:151,1
DA:152,0
DA:155,1
DA:156,1
DA:158,1
DA:162,1
DA:167,1
DA:168,1
DA:171,0
DA:175,0
DA:176,0
DA:179,0
DA:180,0
DA:184,0
DA:186,0
DA:187,0
DA:191,0
DA:193,0
DA:194,0
DA:199,0
DA:200,0
DA:202,0
DA:203,0
DA:206,0
DA:208,0
DA:210,0
DA:211,0
DA:214,0
DA:216,0
DA:217,0
DA:222,0
DA:223,0
DA:224,0
DA:226,0
DA:227,0
DA:230,0
DA:231,0
DA:235,0
DA:236,0
DA:237,0
DA:241,0
DA:247,0
DA:248,0
DA:251,0
DA:253,0
DA:254,0
DA:259,0
DA:260,0
DA:261,0
DA:263,0
DA:264,0
DA:267,0
DA:268,0
DA:272,0
DA:273,0
DA:274,0
DA:278,0
DA:284,0
DA:285,0
DA:288,0
DA:290,0
DA:291,0
DA:296,0
DA:297,0
DA:300,0
DA:301,0
DA:305,0
DA:307,0
DA:308,0
DA:312,0
DA:314,0
DA:315,0
DA:320,0
DA:321,0
DA:322,0
DA:325,0
DA:326,0
DA:329,0
DA:330,0
DA:334,0
DA:335,0
DA:336,0
DA:340,0
DA:346,0
DA:347,0
DA:350,0
DA:352,0
DA:353,0
DA:358,0
DA:359,0
DA:360,0
DA:363,0
DA:364,0
DA:367,0
DA:368,0
DA:372,0
DA:378,0
DA:379,0
DA:382,0
DA:384,0
DA:385,0
DA:390,0
DA:391,0
DA:394,0
DA:395,0
DA:399,0
DA:401,0
DA:402,0
DA:406,0
DA:408,0
DA:409,0
DA:415,0
DA:416,0
DA:421,0
DA:423,0
DA:424,0
DA:429,0
DA:430,0
DA:431,0
DA:432,0
DA:435,0
DA:440,0
DA:441,0
DA:444,0
DA:446,0
DA:447,0
DA:453,1
DA:454,1
DA:456,1
DA:457,0
DA:460,1
DA:461,1
DA:462,1
DA:466,0
DA:475,0
DA:478,0
DA:481,0
DA:482,0
DA:483,0
DA:489,0
DA:491,0
DA:492,0
DA:498,2
DA:499,2
DA:501,2
DA:502,1
DA:505,1
DA:510,1
DA:511,1
DA:514,0
DA:516,0
DA:517,0
DA:522,0
DA:523,0
DA:525,0
DA:526,0
DA:529,0
DA:534,0
DA:535,0
DA:538,0
DA:540,0
DA:541,0
DA:547,0
DA:548,0
DA:549,0
DA:551,0
DA:552,0
DA:555,0
DA:556,0
DA:559,0
DA:560,0
DA:563,0
DA:564,0
DA:565,0
DA:568,0
DA:569,0
DA:570,0
DA:574,0
DA:577,0
DA:579,0
DA:581,0
DA:586,0
DA:591,0
DA:592,0
DA:597,0
DA:598,0
DA:599,0
DA:601,0
DA:602,0
DA:605,0
DA:606,0
DA:609,0
DA:610,0
DA:613,0
DA:614,0
DA:615,0
DA:618,0
DA:619,0
DA:620,0
DA:624,0
DA:627,0
DA:628,0
DA:630,0
DA:632,0
DA:637,0
DA:642,0
DA:643,0
DA:648,0
DA:649,0
DA:650,0
DA:652,0
DA:653,0
DA:656,0
DA:657,0
DA:660,0
DA:661,0
DA:664,0
DA:665,0
DA:666,0
DA:669,0
DA:671,0
DA:672,0
DA:673,0
DA:678,0
DA:679,0
DA:682,0
DA:683,0
DA:685,0
DA:690,0
DA:695,0
DA:697,0
DA:698,0
DA:703,0
DA:704,0
DA:705,0
DA:707,0
DA:708,0
DA:711,0
DA:712,0
DA:715,0
DA:716,0
DA:719,0
DA:720,0
DA:721,0
DA:724,0
DA:726,0
DA:727,0
DA:728,0
DA:730,0
DA:732,0
DA:734,0
DA:736,0
DA:742,0
DA:747,0
DA:749,0
DA:750,0
DA:756,0
DA:757,0
DA:759,0
DA:760,0
DA:763,0
DA:764,0
DA:765,0
DA:768,0
DA:769,0
DA:773,0
DA:775,0
DA:778,0
DA:780,0
DA:781,0
DA:785,0
DA:788,0
DA:791,0
DA:797,0
DA:802,0
DA:803,0
DA:808,0
DA:809,0
DA:811,0
DA:812,0
DA:815,0
DA:816,0
DA:817,0
DA:821,0
DA:824,0
DA:830,0
DA:832,0
DA:834,0
DA:835,0
LF:360
LH:47
BRDA:25,0,0,0
BRDA:31,1,0,1
BRDA:49,2,0,0
BRDA:76,3,0,0
BRDA:86,4,0,0
BRDA:102,5,0,0
BRDA:106,6,0,0
BRDA:110,7,0,0
BRDA:110,8,0,1
BRDA:110,8,1,1
BRDA:120,9,0,1
BRDA:120,10,0,1
BRDA:120,10,1,0
BRDA:125,11,0,0
BRDA:125,12,0,0
BRDA:125,12,1,0
BRDA:151,13,0,0
BRDA:151,14,0,1
BRDA:151,14,1,1
BRDA:167,15,0,1
BRDA:167,16,0,1
BRDA:167,16,1,0
BRDA:179,17,0,0
BRDA:186,18,0,0
BRDA:202,19,0,0
BRDA:210,20,0,0
BRDA:226,21,0,0
BRDA:226,22,0,0
BRDA:226,22,1,0
BRDA:230,23,0,0
BRDA:236,24,0,0
BRDA:247,25,0,0
BRDA:263,26,0,0
BRDA:263,27,0,0
BRDA:263,27,1,0
BRDA:267,28,0,0
BRDA:273,29,0,0
BRDA:284,30,0,0
BRDA:300,31,0,0
BRDA:307,32,0,0
BRDA:325,33,0,0
BRDA:325,34,0,0
BRDA:325,34,1,0
BRDA:329,35,0,0
BRDA:335,36,0,0
BRDA:346,37,0,0
BRDA:363,38,0,0
BRDA:363,39,0,0
BRDA:363,39,1,0
BRDA:367,40,0,0
BRDA:378,41,0,0
BRDA:394,42,0,0
BRDA:401,43,0,0
BRDA:431,44,0,0
BRDA:440,45,0,0
BRDA:454,46,0,0
BRDA:454,47,0,0
BRDA:454,48,0,1
BRDA:456,49,0,0
BRDA:456,50,0,1
BRDA:456,50,1,1
BRDA:456,50,2,1
BRDA:461,51,0,1
BRDA:481,52,0,0
BRDA:501,53,0,1
BRDA:510,54,0,1
BRDA:525,55,0,0
BRDA:534,56,0,0
BRDA:551,57,0,0
BRDA:555,58,0,0
BRDA:559,59,0,0
BRDA:559,60,0,0
BRDA:559,60,1,0
BRDA:564,61,0,0
BRDA:569,62,0,0
BRDA:601,63,0,0
BRDA:605,64,0,0
BRDA:609,65,0,0
BRDA:609,66,0,0
BRDA:609,66,1,0
BRDA:614,67,0,0
BRDA:619,68,0,0
BRDA:652,69,0,0
BRDA:656,70,0,0
BRDA:656,71,0,0
BRDA:656,71,1,0
BRDA:660,72,0,0
BRDA:665,73,0,0
BRDA:678,74,0,0
BRDA:707,75,0,0
BRDA:711,76,0,0
BRDA:711,77,0,0
BRDA:711,77,1,0
BRDA:715,78,0,0
BRDA:720,79,0,0
BRDA:759,80,0,0
BRDA:764,81,0,0
BRDA:768,82,0,0
BRDA:768,83,0,0
BRDA:768,83,1,0
BRDA:780,84,0,0
BRDA:780,85,0,0
BRDA:780,85,1,0
BRDA:811,86,0,0
BRDA:816,87,0,0
BRF:105
BRH:16
end_of_record
TN:
SF:models/IngredientModel.ts
FN:25,(anonymous_16)
FNF:1
FNH:1
FNDA:2,(anonymous_16)
DA:1,27
DA:10,27
DA:25,27
DA:26,2
DA:28,2
DA:33,2
DA:36,27
DA:38,27
LF:8
LH:8
BRF:0
BRH:0
end_of_record
TN:
SF:models/PotluckModel.ts
FNF:0
FNH:0
DA:1,27
DA:12,27
DA:29,27
DA:31,27
LF:4
LH:4
BRF:0
BRH:0
end_of_record
TN:
SF:models/RecipeModel.ts
FN:46,(anonymous_16)
FNF:1
FNH:1
FNDA:2,(anonymous_16)
DA:1,27
DA:17,27
DA:46,27
DA:47,2
DA:49,2
DA:54,2
DA:58,27
DA:60,27
LF:8
LH:8
BRF:0
BRH:0
end_of_record
TN:
SF:models/UserModel.ts
FN:22,(anonymous_16)
FNF:1
FNH:0
FNDA:0,(anonymous_16)
DA:1,27
DA:12,27
DA:22,27
DA:23,0
DA:25,0
DA:26,0
DA:31,0
DA:34,27
DA:36,27
LF:9
LH:5
BRDA:25,0,0,0
BRF:1
BRH:0
end_of_record
TN:
SF:routes/IngredientsRoutes.ts
FNF:0
FNH:0
DA:1,27
DA:2,27
DA:4,27
DA:6,27
DA:8,27
LF:5
LH:5
BRF:0
BRH:0
end_of_record
TN:
SF:routes/RecipesRoutes.ts
FNF:0
FNH:0
DA:1,27
DA:2,27
DA:5,27
DA:8,27
LF:4
LH:4
BRF:0
BRH:0
end_of_record
TN:
SF:routes/UsersRoutes.ts
FNF:0
FNH:0
DA:1,27
DA:2,27
DA:4,27
DA:6,27
LF:4
LH:4
BRF:0
BRH:0
end_of_record
