{"/Users/lottej/Desktop/CPEN 321/IntelliDish/aiHelper.ts": {"path":"/Users/lottej/Desktop/CPEN 321/IntelliDish/aiHelper.ts","statementMap":{"0":{"start":{"line":18,"column":0},"end":{"line":18,"column":22}},"1":{"start":{"line":72,"column":0},"end":{"line":72,"column":22}},"2":{"start":{"line":1,"column":0},"end":{"line":1,"column":28}},"3":{"start":{"line":3,"column":0},"end":{"line":3,"column":20}},"4":{"start":{"line":4,"column":0},"end":{"line":4,"column":24}},"5":{"start":{"line":6,"column":0},"end":{"line":6,"column":28}},"6":{"start":{"line":8,"column":0},"end":{"line":8,"column":16}},"7":{"start":{"line":10,"column":15},"end":{"line":12,"column":4}},"8":{"start":{"line":19,"column":4},"end":{"line":69,"column":5}},"9":{"start":{"line":20,"column":25},"end":{"line":56,"column":10}},"10":{"start":{"line":59,"column":21},"end":{"line":59,"column":56}},"11":{"start":{"line":61,"column":8},"end":{"line":64,"column":9}},"12":{"start":{"line":62,"column":8},"end":{"line":62,"column":31}},"13":{"start":{"line":63,"column":8},"end":{"line":63,"column":25}},"14":{"start":{"line":66,"column":8},"end":{"line":66,"column":19}},"15":{"start":{"line":68,"column":8},"end":{"line":68,"column":39}},"16":{"start":{"line":73,"column":4},"end":{"line":129,"column":5}},"17":{"start":{"line":75,"column":26},"end":{"line":75,"column":61}},"18":{"start":{"line":76,"column":28},"end":{"line":76,"column":73}},"19":{"start":{"line":79,"column":25},"end":{"line":116,"column":10}},"20":{"start":{"line":119,"column":21},"end":{"line":119,"column":56}},"21":{"start":{"line":121,"column":8},"end":{"line":124,"column":9}},"22":{"start":{"line":122,"column":12},"end":{"line":122,"column":35}},"23":{"start":{"line":126,"column":8},"end":{"line":126,"column":19}},"24":{"start":{"line":128,"column":8},"end":{"line":128,"column":39}}},"fnMap":{"0":{"name":"recipesGeneration","decl":{"start":{"line":18,"column":22},"end":{"line":18,"column":39}},"loc":{"start":{"line":18,"column":63},"end":{"line":70,"column":2}}},"1":{"name":"ingredientsRecognition","decl":{"start":{"line":72,"column":22},"end":{"line":72,"column":44}},"loc":{"start":{"line":72,"column":63},"end":{"line":130,"column":2}}}},"branchMap":{"0":{"loc":{"start":{"line":61,"column":8},"end":{"line":64,"column":9}},"type":"if","locations":[{"start":{"line":61,"column":8},"end":{"line":64,"column":9}}]},"1":{"loc":{"start":{"line":121,"column":8},"end":{"line":124,"column":9}},"type":"if","locations":[{"start":{"line":121,"column":8},"end":{"line":124,"column":9}}]}},"s":{"0":13,"1":13,"2":13,"3":13,"4":13,"5":13,"6":13,"7":13,"8":0,"9":0,"10":0,"11":0,"12":0,"13":0,"14":0,"15":0,"16":0,"17":0,"18":0,"19":0,"20":0,"21":0,"22":0,"23":0,"24":0},"f":{"0":0,"1":0},"b":{"0":[0],"1":[0]}}
,"/Users/lottej/Desktop/CPEN 321/IntelliDish/index.ts": {"path":"/Users/lottej/Desktop/CPEN 321/IntelliDish/index.ts","statementMap":{"0":{"start":{"line":1,"column":0},"end":{"line":1,"column":67}},"1":{"start":{"line":2,"column":0},"end":{"line":2,"column":53}},"2":{"start":{"line":3,"column":0},"end":{"line":3,"column":35}},"3":{"start":{"line":4,"column":0},"end":{"line":4,"column":63}},"4":{"start":{"line":5,"column":0},"end":{"line":5,"column":55}},"5":{"start":{"line":6,"column":0},"end":{"line":6,"column":51}},"6":{"start":{"line":7,"column":0},"end":{"line":7,"column":28}},"7":{"start":{"line":8,"column":0},"end":{"line":8,"column":28}},"8":{"start":{"line":9,"column":0},"end":{"line":9,"column":25}},"9":{"start":{"line":10,"column":0},"end":{"line":10,"column":31}},"10":{"start":{"line":12,"column":0},"end":{"line":12,"column":16}},"11":{"start":{"line":14,"column":12},"end":{"line":14,"column":21}},"12":{"start":{"line":19,"column":0},"end":{"line":19,"column":24}},"13":{"start":{"line":20,"column":0},"end":{"line":20,"column":24}},"14":{"start":{"line":22,"column":15},"end":{"line":25,"column":18}},"15":{"start":{"line":27,"column":0},"end":{"line":49,"column":3}},"16":{"start":{"line":28,"column":4},"end":{"line":48,"column":5}},"17":{"start":{"line":31,"column":63},"end":{"line":47,"column":null}},"18":{"start":{"line":32,"column":22},"end":{"line":32,"column":43}},"19":{"start":{"line":33,"column":7},"end":{"line":36,"column":8}},"20":{"start":{"line":35,"column":9},"end":{"line":35,"column":65}},"21":{"start":{"line":37,"column":8},"end":{"line":46,"column":8}},"22":{"start":{"line":38,"column":9},"end":{"line":42,"column":11}},"23":{"start":{"line":44,"column":9},"end":{"line":44,"column":26}},"24":{"start":{"line":45,"column":9},"end":{"line":45,"column":36}},"25":{"start":{"line":52,"column":16},"end":{"line":55,"column":2}},"26":{"start":{"line":57,"column":0},"end":{"line":63,"column":3}},"27":{"start":{"line":58,"column":2},"end":{"line":60,"column":5}},"28":{"start":{"line":59,"column":4},"end":{"line":59,"column":75}},"29":{"start":{"line":62,"column":2},"end":{"line":62,"column":21}},"30":{"start":{"line":65,"column":0},"end":{"line":65,"column":19}}},"fnMap":{"0":{"name":"(anonymous_17)","decl":{"start":{"line":27,"column":15},"end":{"line":27,"column":16}},"loc":{"start":{"line":27,"column":25},"end":{"line":49,"column":1}}},"1":{"name":"(anonymous_18)","decl":{"start":{"line":31,"column":5},"end":{"line":31,"column":12}},"loc":{"start":{"line":31,"column":63},"end":{"line":47,"column":null}}},"2":{"name":"(anonymous_19)","decl":{"start":{"line":31,"column":63},"end":{"line":31,"column":null}},"loc":{"start":{"line":31,"column":63},"end":{"line":47,"column":6}}},"3":{"name":"(anonymous_20)","decl":{"start":{"line":57,"column":17},"end":{"line":57,"column":20}},"loc":{"start":{"line":57,"column":22},"end":{"line":61,"column":1}}},"4":{"name":"(anonymous_21)","decl":{"start":{"line":58,"column":67},"end":{"line":58,"column":70}},"loc":{"start":{"line":58,"column":72},"end":{"line":60,"column":3}}},"5":{"name":"(anonymous_22)","decl":{"start":{"line":61,"column":9},"end":{"line":61,"column":12}},"loc":{"start":{"line":61,"column":15},"end":{"line":63,"column":1}}}},"branchMap":{"0":{"loc":{"start":{"line":33,"column":7},"end":{"line":36,"column":8}},"type":"if","locations":[{"start":{"line":33,"column":7},"end":{"line":36,"column":8}}]},"1":{"loc":{"start":{"line":58,"column":42},"end":{"line":58,"column":65}},"type":"binary-expr","locations":[{"start":{"line":58,"column":42},"end":{"line":58,"column":58}},{"start":{"line":58,"column":62},"end":{"line":58,"column":65}}]},"2":{"loc":{"start":{"line":59,"column":48},"end":{"line":59,"column":71}},"type":"binary-expr","locations":[{"start":{"line":59,"column":48},"end":{"line":59,"column":64}},{"start":{"line":59,"column":68},"end":{"line":59,"column":71}}]}},"s":{"0":13,"1":13,"2":13,"3":13,"4":13,"5":13,"6":13,"7":13,"8":13,"9":13,"10":13,"11":13,"12":13,"13":13,"14":13,"15":13,"16":533,"17":13,"18":13,"19":13,"20":5,"21":8,"22":8,"23":8,"24":8,"25":13,"26":13,"27":0,"28":0,"29":0,"30":13},"f":{"0":533,"1":13,"2":13,"3":0,"4":0,"5":0},"b":{"0":[5],"1":[0,0],"2":[0,0]}}
,"/Users/lottej/Desktop/CPEN 321/IntelliDish/services.ts": {"path":"/Users/lottej/Desktop/CPEN 321/IntelliDish/services.ts","statementMap":{"0":{"start":{"line":1,"column":0},"end":{"line":1,"column":32}},"1":{"start":{"line":5,"column":4},"end":{"line":12,"column":5}},"2":{"start":{"line":6,"column":8},"end":{"line":6,"column":null}},"3":{"start":{"line":7,"column":8},"end":{"line":7,"column":112}},"4":{"start":{"line":8,"column":8},"end":{"line":8,"column":54}},"5":{"start":{"line":10,"column":8},"end":{"line":10,"column":58}},"6":{"start":{"line":11,"column":8},"end":{"line":11,"column":24}},"7":{"start":{"line":15,"column":0},"end":{"line":15,"column":25}}},"fnMap":{"0":{"name":"connectDB","decl":{"start":{"line":4,"column":15},"end":{"line":4,"column":24}},"loc":{"start":{"line":4,"column":24},"end":{"line":13,"column":null}}}},"branchMap":{"0":{"loc":{"start":{"line":7,"column":31},"end":{"line":7,"column":110}},"type":"cond-expr","locations":[{"start":{"line":7,"column":49},"end":{"line":7,"column":53}},{"start":{"line":7,"column":53},"end":{"line":7,"column":110}}]},"1":{"loc":{"start":{"line":7,"column":31},"end":{"line":7,"column":53}},"type":"binary-expr","locations":[{"start":{"line":7,"column":31},"end":{"line":7,"column":53}},{"start":{"line":7,"column":49},"end":{"line":7,"column":53}}]}},"s":{"0":13,"1":13,"2":13,"3":13,"4":0,"5":0,"6":0,"7":13},"f":{"0":13},"b":{"0":[13,0],"1":[13,13]}}
,"/Users/lottej/Desktop/CPEN 321/IntelliDish/controllers/IngredientsController.ts": {"path":"/Users/lottej/Desktop/CPEN 321/IntelliDish/controllers/IngredientsController.ts","statementMap":{"0":{"start":{"line":10,"column":0},"end":{"line":10,"column":22}},"1":{"start":{"line":36,"column":0},"end":{"line":36,"column":22}},"2":{"start":{"line":68,"column":0},"end":{"line":68,"column":16}},"3":{"start":{"line":75,"column":0},"end":{"line":75,"column":22}},"4":{"start":{"line":2,"column":0},"end":{"line":2,"column":46}},"5":{"start":{"line":4,"column":0},"end":{"line":4,"column":71}},"6":{"start":{"line":5,"column":0},"end":{"line":5,"column":53}},"7":{"start":{"line":16,"column":4},"end":{"line":33,"column":5}},"8":{"start":{"line":17,"column":8},"end":{"line":19,"column":9}},"9":{"start":{"line":18,"column":12},"end":{"line":18,"column":60}},"10":{"start":{"line":21,"column":30},"end":{"line":26,"column":10}},"11":{"start":{"line":28,"column":8},"end":{"line":28,"column":35}},"12":{"start":{"line":29,"column":8},"end":{"line":29,"column":29}},"13":{"start":{"line":31,"column":8},"end":{"line":31,"column":57}},"14":{"start":{"line":32,"column":8},"end":{"line":32,"column":53}},"15":{"start":{"line":37,"column":34},"end":{"line":37,"column":61}},"16":{"start":{"line":38,"column":4},"end":{"line":38,"column":52}},"17":{"start":{"line":40,"column":23},"end":{"line":43,"column":6}},"18":{"start":{"line":45,"column":31},"end":{"line":45,"column":67}},"19":{"start":{"line":47,"column":4},"end":{"line":53,"column":5}},"20":{"start":{"line":48,"column":8},"end":{"line":48,"column":103}},"21":{"start":{"line":49,"column":8},"end":{"line":49,"column":47}},"22":{"start":{"line":51,"column":8},"end":{"line":51,"column":98}},"23":{"start":{"line":52,"column":8},"end":{"line":52,"column":78}},"24":{"start":{"line":59,"column":13},"end":{"line":66,"column":2}},"25":{"start":{"line":69,"column":4},"end":{"line":71,"column":5}},"26":{"start":{"line":70,"column":8},"end":{"line":70,"column":60}},"27":{"start":{"line":72,"column":4},"end":{"line":72,"column":16}},"28":{"start":{"line":79,"column":4},"end":{"line":133,"column":5}},"29":{"start":{"line":80,"column":8},"end":{"line":80,"column":65}},"30":{"start":{"line":81,"column":8},"end":{"line":81,"column":65}},"31":{"start":{"line":83,"column":8},"end":{"line":83,"column":104}},"32":{"start":{"line":84,"column":8},"end":{"line":84,"column":104}},"33":{"start":{"line":87,"column":8},"end":{"line":89,"column":9}},"34":{"start":{"line":88,"column":12},"end":{"line":88,"column":38}},"35":{"start":{"line":91,"column":8},"end":{"line":95,"column":9}},"36":{"start":{"line":92,"column":34},"end":{"line":92,"column":73}},"37":{"start":{"line":93,"column":12},"end":{"line":93,"column":39}},"38":{"start":{"line":94,"column":12},"end":{"line":94,"column":60}},"39":{"start":{"line":97,"column":8},"end":{"line":104,"column":9}},"40":{"start":{"line":98,"column":12},"end":{"line":98,"column":71}},"41":{"start":{"line":99,"column":12},"end":{"line":102,"column":14}},"42":{"start":{"line":103,"column":12},"end":{"line":103,"column":38}},"43":{"start":{"line":106,"column":34},"end":{"line":106,"column":124}},"44":{"start":{"line":107,"column":8},"end":{"line":114,"column":9}},"45":{"start":{"line":108,"column":12},"end":{"line":108,"column":61}},"46":{"start":{"line":109,"column":12},"end":{"line":112,"column":14}},"47":{"start":{"line":113,"column":12},"end":{"line":113,"column":38}},"48":{"start":{"line":118,"column":8},"end":{"line":129,"column":9}},"49":{"start":{"line":120,"column":35},"end":{"line":120,"column":79}},"50":{"start":{"line":122,"column":34},"end":{"line":122,"column":72}},"51":{"start":{"line":123,"column":12},"end":{"line":123,"column":39}},"52":{"start":{"line":125,"column":12},"end":{"line":125,"column":55}},"53":{"start":{"line":127,"column":12},"end":{"line":127,"column":65}},"54":{"start":{"line":128,"column":12},"end":{"line":128,"column":62}},"55":{"start":{"line":131,"column":8},"end":{"line":131,"column":68}},"56":{"start":{"line":132,"column":8},"end":{"line":132,"column":65}},"57":{"start":{"line":138,"column":8},"end":{"line":144,"column":9}},"58":{"start":{"line":139,"column":36},"end":{"line":139,"column":64}},"59":{"start":{"line":140,"column":12},"end":{"line":140,"column":50}},"60":{"start":{"line":142,"column":12},"end":{"line":142,"column":68}},"61":{"start":{"line":143,"column":12},"end":{"line":143,"column":76}},"62":{"start":{"line":149,"column":8},"end":{"line":166,"column":9}},"63":{"start":{"line":150,"column":23},"end":{"line":150,"column":36}},"64":{"start":{"line":152,"column":12},"end":{"line":154,"column":13}},"65":{"start":{"line":153,"column":16},"end":{"line":153,"column":88}},"66":{"start":{"line":156,"column":31},"end":{"line":156,"column":65}},"67":{"start":{"line":158,"column":12},"end":{"line":160,"column":13}},"68":{"start":{"line":159,"column":16},"end":{"line":159,"column":96}},"69":{"start":{"line":162,"column":12},"end":{"line":162,"column":45}},"70":{"start":{"line":164,"column":12},"end":{"line":164,"column":69}},"71":{"start":{"line":165,"column":12},"end":{"line":165,"column":75}},"72":{"start":{"line":170,"column":8},"end":{"line":189,"column":9}},"73":{"start":{"line":171,"column":25},"end":{"line":171,"column":49}},"74":{"start":{"line":173,"column":12},"end":{"line":175,"column":13}},"75":{"start":{"line":174,"column":16},"end":{"line":174,"column":87}},"76":{"start":{"line":177,"column":31},"end":{"line":179,"column":14}},"77":{"start":{"line":181,"column":12},"end":{"line":183,"column":13}},"78":{"start":{"line":182,"column":16},"end":{"line":182,"column":90}},"79":{"start":{"line":185,"column":12},"end":{"line":185,"column":45}},"80":{"start":{"line":187,"column":12},"end":{"line":187,"column":71}},"81":{"start":{"line":188,"column":12},"end":{"line":188,"column":75}},"82":{"start":{"line":193,"column":8},"end":{"line":200,"column":9}},"83":{"start":{"line":194,"column":31},"end":{"line":194,"column":39}},"84":{"start":{"line":195,"column":34},"end":{"line":195,"column":68}},"85":{"start":{"line":196,"column":12},"end":{"line":196,"column":48}},"86":{"start":{"line":198,"column":33},"end":{"line":198,"column":101}},"87":{"start":{"line":199,"column":12},"end":{"line":199,"column":58}},"88":{"start":{"line":204,"column":8},"end":{"line":221,"column":9}},"89":{"start":{"line":205,"column":24},"end":{"line":205,"column":70}},"90":{"start":{"line":207,"column":12},"end":{"line":209,"column":13}},"91":{"start":{"line":208,"column":16},"end":{"line":208,"column":69}},"92":{"start":{"line":210,"column":32},"end":{"line":210,"column":47}},"93":{"start":{"line":211,"column":12},"end":{"line":211,"column":37}},"94":{"start":{"line":213,"column":12},"end":{"line":215,"column":13}},"95":{"start":{"line":214,"column":16},"end":{"line":214,"column":51}},"96":{"start":{"line":217,"column":12},"end":{"line":217,"column":85}},"97":{"start":{"line":219,"column":12},"end":{"line":219,"column":68}},"98":{"start":{"line":220,"column":12},"end":{"line":220,"column":58}},"99":{"start":{"line":225,"column":8},"end":{"line":247,"column":9}},"100":{"start":{"line":226,"column":33},"end":{"line":226,"column":46}},"101":{"start":{"line":227,"column":31},"end":{"line":227,"column":39}},"102":{"start":{"line":229,"column":12},"end":{"line":231,"column":13}},"103":{"start":{"line":230,"column":16},"end":{"line":230,"column":88}},"104":{"start":{"line":233,"column":38},"end":{"line":236,"column":null}},"105":{"start":{"line":239,"column":12},"end":{"line":241,"column":13}},"106":{"start":{"line":240,"column":16},"end":{"line":240,"column":103}},"107":{"start":{"line":243,"column":12},"end":{"line":243,"column":113}},"108":{"start":{"line":245,"column":12},"end":{"line":245,"column":63}},"109":{"start":{"line":246,"column":12},"end":{"line":246,"column":76}},"110":{"start":{"line":251,"column":8},"end":{"line":270,"column":9}},"111":{"start":{"line":252,"column":33},"end":{"line":252,"column":46}},"112":{"start":{"line":254,"column":12},"end":{"line":256,"column":13}},"113":{"start":{"line":255,"column":16},"end":{"line":255,"column":88}},"114":{"start":{"line":258,"column":12},"end":{"line":258,"column":74}},"115":{"start":{"line":260,"column":38},"end":{"line":260,"column":91}},"116":{"start":{"line":262,"column":12},"end":{"line":264,"column":13}},"117":{"start":{"line":263,"column":16},"end":{"line":263,"column":103}},"118":{"start":{"line":266,"column":12},"end":{"line":266,"column":113}},"119":{"start":{"line":268,"column":12},"end":{"line":268,"column":63}},"120":{"start":{"line":269,"column":12},"end":{"line":269,"column":76}},"121":{"start":{"line":136,"column":0},"end":{"line":136,"column":13}}},"fnMap":{"0":{"name":"addIngredient","decl":{"start":{"line":10,"column":22},"end":{"line":10,"column":35}},"loc":{"start":{"line":15,"column":1},"end":{"line":34,"column":null}}},"1":{"name":"parseIngredients","decl":{"start":{"line":36,"column":22},"end":{"line":36,"column":38}},"loc":{"start":{"line":36,"column":119},"end":{"line":54,"column":null}}},"2":{"name":"convertUnit","decl":{"start":{"line":68,"column":16},"end":{"line":68,"column":27}},"loc":{"start":{"line":68,"column":78},"end":{"line":73,"column":1}}},"3":{"name":"updateIngredientQuantity","decl":{"start":{"line":75,"column":22},"end":{"line":75,"column":46}},"loc":{"start":{"line":77,"column":92},"end":{"line":134,"column":2}}},"4":{"name":"(anonymous_15)","decl":{"start":{"line":137,"column":10},"end":{"line":137,"column":27}},"loc":{"start":{"line":137,"column":75},"end":{"line":145,"column":null}}},"5":{"name":"(anonymous_17)","decl":{"start":{"line":147,"column":10},"end":{"line":147,"column":27}},"loc":{"start":{"line":147,"column":84},"end":{"line":167,"column":6}}},"6":{"name":"(anonymous_19)","decl":{"start":{"line":169,"column":10},"end":{"line":169,"column":29}},"loc":{"start":{"line":169,"column":85},"end":{"line":190,"column":6}}},"7":{"name":"(anonymous_21)","decl":{"start":{"line":192,"column":10},"end":{"line":192,"column":27}},"loc":{"start":{"line":192,"column":84},"end":{"line":201,"column":null}}},"8":{"name":"(anonymous_23)","decl":{"start":{"line":203,"column":10},"end":{"line":203,"column":31}},"loc":{"start":{"line":203,"column":88},"end":{"line":222,"column":null}}},"9":{"name":"(anonymous_25)","decl":{"start":{"line":224,"column":10},"end":{"line":224,"column":27}},"loc":{"start":{"line":224,"column":83},"end":{"line":248,"column":null}}},"10":{"name":"(anonymous_27)","decl":{"start":{"line":250,"column":10},"end":{"line":250,"column":30}},"loc":{"start":{"line":250,"column":86},"end":{"line":271,"column":null}}}},"branchMap":{"0":{"loc":{"start":{"line":17,"column":8},"end":{"line":19,"column":9}},"type":"if","locations":[{"start":{"line":17,"column":8},"end":{"line":19,"column":9}}]},"1":{"loc":{"start":{"line":23,"column":22},"end":{"line":23,"column":58}},"type":"binary-expr","locations":[{"start":{"line":23,"column":22},"end":{"line":23,"column":45}},{"start":{"line":23,"column":49},"end":{"line":23,"column":58}}]},"2":{"loc":{"start":{"line":24,"column":22},"end":{"line":24,"column":79}},"type":"cond-expr","locations":[{"start":{"line":24,"column":45},"end":{"line":24,"column":49}},{"start":{"line":24,"column":50},"end":{"line":24,"column":78}}]},"3":{"loc":{"start":{"line":24,"column":22},"end":{"line":24,"column":49}},"type":"binary-expr","locations":[{"start":{"line":24,"column":22},"end":{"line":24,"column":49}},{"start":{"line":24,"column":45},"end":{"line":24,"column":49}}]},"4":{"loc":{"start":{"line":24,"column":50},"end":{"line":24,"column":78}},"type":"cond-expr","locations":[{"start":{"line":24,"column":72},"end":{"line":24,"column":73}},{"start":{"line":24,"column":76},"end":{"line":24,"column":78}}]},"5":{"loc":{"start":{"line":25,"column":18},"end":{"line":25,"column":92}},"type":"cond-expr","locations":[{"start":{"line":25,"column":40},"end":{"line":25,"column":80}},{"start":{"line":25,"column":83},"end":{"line":25,"column":92}}]},"6":{"loc":{"start":{"line":42,"column":14},"end":{"line":42,"column":37}},"type":"cond-expr","locations":[{"start":{"line":42,"column":29},"end":{"line":42,"column":33}},{"start":{"line":42,"column":33},"end":{"line":42,"column":37}}]},"7":{"loc":{"start":{"line":42,"column":14},"end":{"line":42,"column":33}},"type":"binary-expr","locations":[{"start":{"line":42,"column":14},"end":{"line":42,"column":33}},{"start":{"line":42,"column":29},"end":{"line":42,"column":33}}]},"8":{"loc":{"start":{"line":47,"column":4},"end":{"line":53,"column":5}},"type":"if","locations":[{"start":{"line":47,"column":4},"end":{"line":53,"column":5}},{"start":{"line":50,"column":11},"end":{"line":53,"column":5}}]},"9":{"loc":{"start":{"line":69,"column":4},"end":{"line":71,"column":5}},"type":"if","locations":[{"start":{"line":69,"column":4},"end":{"line":71,"column":5}}]},"10":{"loc":{"start":{"line":69,"column":8},"end":{"line":69,"column":70}},"type":"binary-expr","locations":[{"start":{"line":69,"column":8},"end":{"line":69,"column":33}},{"start":{"line":69,"column":37},"end":{"line":69,"column":70}}]},"11":{"loc":{"start":{"line":83,"column":38},"end":{"line":83,"column":103}},"type":"cond-expr","locations":[{"start":{"line":83,"column":65},"end":{"line":83,"column":69}},{"start":{"line":83,"column":70},"end":{"line":83,"column":102}}]},"12":{"loc":{"start":{"line":83,"column":38},"end":{"line":83,"column":69}},"type":"binary-expr","locations":[{"start":{"line":83,"column":38},"end":{"line":83,"column":69}},{"start":{"line":83,"column":65},"end":{"line":83,"column":69}}]},"13":{"loc":{"start":{"line":83,"column":70},"end":{"line":83,"column":102}},"type":"cond-expr","locations":[{"start":{"line":83,"column":96},"end":{"line":83,"column":97}},{"start":{"line":83,"column":100},"end":{"line":83,"column":102}}]},"14":{"loc":{"start":{"line":84,"column":38},"end":{"line":84,"column":103}},"type":"cond-expr","locations":[{"start":{"line":84,"column":65},"end":{"line":84,"column":69}},{"start":{"line":84,"column":70},"end":{"line":84,"column":102}}]},"15":{"loc":{"start":{"line":84,"column":38},"end":{"line":84,"column":69}},"type":"binary-expr","locations":[{"start":{"line":84,"column":38},"end":{"line":84,"column":69}},{"start":{"line":84,"column":65},"end":{"line":84,"column":69}}]},"16":{"loc":{"start":{"line":84,"column":70},"end":{"line":84,"column":102}},"type":"cond-expr","locations":[{"start":{"line":84,"column":96},"end":{"line":84,"column":97}},{"start":{"line":84,"column":100},"end":{"line":84,"column":102}}]},"17":{"loc":{"start":{"line":87,"column":8},"end":{"line":89,"column":9}},"type":"if","locations":[{"start":{"line":87,"column":8},"end":{"line":89,"column":9}}]},"18":{"loc":{"start":{"line":87,"column":12},"end":{"line":87,"column":64}},"type":"binary-expr","locations":[{"start":{"line":87,"column":12},"end":{"line":87,"column":36}},{"start":{"line":87,"column":40},"end":{"line":87,"column":64}}]},"19":{"loc":{"start":{"line":91,"column":8},"end":{"line":95,"column":9}},"type":"if","locations":[{"start":{"line":91,"column":8},"end":{"line":95,"column":9}}]},"20":{"loc":{"start":{"line":91,"column":12},"end":{"line":91,"column":64}},"type":"binary-expr","locations":[{"start":{"line":91,"column":12},"end":{"line":91,"column":36}},{"start":{"line":91,"column":40},"end":{"line":91,"column":64}}]},"21":{"loc":{"start":{"line":97,"column":8},"end":{"line":104,"column":9}},"type":"if","locations":[{"start":{"line":97,"column":8},"end":{"line":104,"column":9}}]},"22":{"loc":{"start":{"line":107,"column":8},"end":{"line":114,"column":9}},"type":"if","locations":[{"start":{"line":107,"column":8},"end":{"line":114,"column":9}}]},"23":{"loc":{"start":{"line":152,"column":12},"end":{"line":154,"column":13}},"type":"if","locations":[{"start":{"line":152,"column":12},"end":{"line":154,"column":13}}]},"24":{"loc":{"start":{"line":158,"column":12},"end":{"line":160,"column":13}},"type":"if","locations":[{"start":{"line":158,"column":12},"end":{"line":160,"column":13}}]},"25":{"loc":{"start":{"line":173,"column":12},"end":{"line":175,"column":13}},"type":"if","locations":[{"start":{"line":173,"column":12},"end":{"line":175,"column":13}}]},"26":{"loc":{"start":{"line":181,"column":12},"end":{"line":183,"column":13}},"type":"if","locations":[{"start":{"line":181,"column":12},"end":{"line":183,"column":13}}]},"27":{"loc":{"start":{"line":198,"column":33},"end":{"line":198,"column":101}},"type":"cond-expr","locations":[{"start":{"line":198,"column":58},"end":{"line":198,"column":71}},{"start":{"line":198,"column":74},"end":{"line":198,"column":101}}]},"28":{"loc":{"start":{"line":207,"column":12},"end":{"line":209,"column":13}},"type":"if","locations":[{"start":{"line":207,"column":12},"end":{"line":209,"column":13}}]},"29":{"loc":{"start":{"line":207,"column":16},"end":{"line":207,"column":40}},"type":"binary-expr","locations":[{"start":{"line":207,"column":16},"end":{"line":207,"column":20}},{"start":{"line":207,"column":24},"end":{"line":207,"column":40}}]},"30":{"loc":{"start":{"line":229,"column":12},"end":{"line":231,"column":13}},"type":"if","locations":[{"start":{"line":229,"column":12},"end":{"line":231,"column":13}}]},"31":{"loc":{"start":{"line":239,"column":12},"end":{"line":241,"column":13}},"type":"if","locations":[{"start":{"line":239,"column":12},"end":{"line":241,"column":13}}]},"32":{"loc":{"start":{"line":254,"column":12},"end":{"line":256,"column":13}},"type":"if","locations":[{"start":{"line":254,"column":12},"end":{"line":256,"column":13}}]},"33":{"loc":{"start":{"line":262,"column":12},"end":{"line":264,"column":13}},"type":"if","locations":[{"start":{"line":262,"column":12},"end":{"line":264,"column":13}}]}},"s":{"0":7,"1":7,"2":7,"3":7,"4":7,"5":7,"6":7,"7":0,"8":0,"9":0,"10":0,"11":0,"12":0,"13":0,"14":0,"15":0,"16":0,"17":0,"18":0,"19":0,"20":0,"21":0,"22":0,"23":0,"24":7,"25":0,"26":0,"27":0,"28":0,"29":0,"30":0,"31":0,"32":0,"33":0,"34":0,"35":0,"36":0,"37":0,"38":0,"39":0,"40":0,"41":0,"42":0,"43":0,"44":0,"45":0,"46":0,"47":0,"48":0,"49":0,"50":0,"51":0,"52":0,"53":0,"54":0,"55":0,"56":0,"57":0,"58":0,"59":0,"60":0,"61":0,"62":0,"63":0,"64":0,"65":0,"66":0,"67":0,"68":0,"69":0,"70":0,"71":0,"72":0,"73":0,"74":0,"75":0,"76":0,"77":0,"78":0,"79":0,"80":0,"81":0,"82":0,"83":0,"84":0,"85":0,"86":0,"87":0,"88":0,"89":0,"90":0,"91":0,"92":0,"93":0,"94":0,"95":0,"96":0,"97":0,"98":0,"99":0,"100":0,"101":0,"102":0,"103":0,"104":0,"105":0,"106":0,"107":0,"108":0,"109":0,"110":0,"111":0,"112":0,"113":0,"114":0,"115":0,"116":0,"117":0,"118":0,"119":0,"120":0,"121":7},"f":{"0":0,"1":0,"2":0,"3":0,"4":0,"5":0,"6":0,"7":0,"8":0,"9":0,"10":0},"b":{"0":[0],"1":[0,0],"2":[0,0],"3":[0,0],"4":[0,0],"5":[0,0],"6":[0,0],"7":[0,0],"8":[0,0],"9":[0],"10":[0,0],"11":[0,0],"12":[0,0],"13":[0,0],"14":[0,0],"15":[0,0],"16":[0,0],"17":[0],"18":[0,0],"19":[0],"20":[0,0],"21":[0],"22":[0],"23":[0],"24":[0],"25":[0],"26":[0],"27":[0,0],"28":[0],"29":[0,0],"30":[0],"31":[0],"32":[0],"33":[0]}}
,"/Users/lottej/Desktop/CPEN 321/IntelliDish/controllers/RecipesController.ts": {"path":"/Users/lottej/Desktop/CPEN 321/IntelliDish/controllers/RecipesController.ts","statementMap":{"0":{"start":{"line":2,"column":0},"end":{"line":2,"column":46}},"1":{"start":{"line":3,"column":0},"end":{"line":3,"column":48}},"2":{"start":{"line":4,"column":0},"end":{"line":4,"column":56}},"3":{"start":{"line":5,"column":0},"end":{"line":5,"column":48}},"4":{"start":{"line":11,"column":7},"end":{"line":17,"column":9}},"5":{"start":{"line":12,"column":32},"end":{"line":12,"column":56}},"6":{"start":{"line":13,"column":12},"end":{"line":13,"column":46}},"7":{"start":{"line":15,"column":12},"end":{"line":15,"column":64}},"8":{"start":{"line":16,"column":12},"end":{"line":16,"column":72}},"9":{"start":{"line":21,"column":8},"end":{"line":32,"column":9}},"10":{"start":{"line":22,"column":27},"end":{"line":22,"column":68}},"11":{"start":{"line":24,"column":12},"end":{"line":26,"column":13}},"12":{"start":{"line":25,"column":16},"end":{"line":25,"column":76}},"13":{"start":{"line":28,"column":12},"end":{"line":28,"column":41}},"14":{"start":{"line":30,"column":12},"end":{"line":30,"column":65}},"15":{"start":{"line":31,"column":12},"end":{"line":31,"column":71}},"16":{"start":{"line":36,"column":8},"end":{"line":56,"column":9}},"17":{"start":{"line":37,"column":12},"end":{"line":37,"column":54}},"18":{"start":{"line":38,"column":25},"end":{"line":38,"column":49}},"19":{"start":{"line":40,"column":12},"end":{"line":42,"column":13}},"20":{"start":{"line":41,"column":16},"end":{"line":41,"column":83}},"21":{"start":{"line":44,"column":27},"end":{"line":46,"column":14}},"22":{"start":{"line":48,"column":12},"end":{"line":50,"column":13}},"23":{"start":{"line":49,"column":16},"end":{"line":49,"column":86}},"24":{"start":{"line":52,"column":12},"end":{"line":52,"column":48}},"25":{"start":{"line":54,"column":12},"end":{"line":54,"column":67}},"26":{"start":{"line":55,"column":12},"end":{"line":55,"column":71}},"27":{"start":{"line":61,"column":8},"end":{"line":88,"column":9}},"28":{"start":{"line":62,"column":29},"end":{"line":62,"column":42}},"29":{"start":{"line":65,"column":27},"end":{"line":65,"column":63}},"30":{"start":{"line":67,"column":12},"end":{"line":69,"column":13}},"31":{"start":{"line":68,"column":16},"end":{"line":68,"column":75}},"32":{"start":{"line":71,"column":45},"end":{"line":71,"column":105}},"33":{"start":{"line":71,"column":76},"end":{"line":71,"column":104}},"34":{"start":{"line":74,"column":32},"end":{"line":76,"column":14}},"35":{"start":{"line":78,"column":12},"end":{"line":78,"column":37}},"36":{"start":{"line":80,"column":12},"end":{"line":82,"column":13}},"37":{"start":{"line":81,"column":16},"end":{"line":81,"column":129}},"38":{"start":{"line":84,"column":12},"end":{"line":84,"column":53}},"39":{"start":{"line":86,"column":12},"end":{"line":86,"column":77}},"40":{"start":{"line":87,"column":12},"end":{"line":87,"column":76}},"41":{"start":{"line":92,"column":8},"end":{"line":103,"column":9}},"42":{"start":{"line":94,"column":30},"end":{"line":94,"column":55}},"43":{"start":{"line":97,"column":32},"end":{"line":97,"column":54}},"44":{"start":{"line":99,"column":12},"end":{"line":99,"column":105}},"45":{"start":{"line":101,"column":12},"end":{"line":101,"column":59}},"46":{"start":{"line":102,"column":12},"end":{"line":102,"column":72}},"47":{"start":{"line":108,"column":8},"end":{"line":132,"column":9}},"48":{"start":{"line":110,"column":24},"end":{"line":110,"column":57}},"49":{"start":{"line":113,"column":12},"end":{"line":115,"column":13}},"50":{"start":{"line":114,"column":16},"end":{"line":114,"column":76}},"51":{"start":{"line":118,"column":33},"end":{"line":118,"column":65}},"52":{"start":{"line":121,"column":36},"end":{"line":121,"column":78}},"53":{"start":{"line":124,"column":12},"end":{"line":127,"column":15}},"54":{"start":{"line":130,"column":12},"end":{"line":130,"column":61}},"55":{"start":{"line":131,"column":12},"end":{"line":131,"column":81}},"56":{"start":{"line":137,"column":8},"end":{"line":159,"column":9}},"57":{"start":{"line":138,"column":29},"end":{"line":138,"column":43}},"58":{"start":{"line":139,"column":31},"end":{"line":139,"column":39}},"59":{"start":{"line":141,"column":12},"end":{"line":143,"column":13}},"60":{"start":{"line":142,"column":16},"end":{"line":142,"column":84}},"61":{"start":{"line":145,"column":34},"end":{"line":148,"column":null}},"62":{"start":{"line":151,"column":12},"end":{"line":153,"column":13}},"63":{"start":{"line":152,"column":16},"end":{"line":152,"column":99}},"64":{"start":{"line":155,"column":12},"end":{"line":155,"column":101}},"65":{"start":{"line":157,"column":12},"end":{"line":157,"column":59}},"66":{"start":{"line":158,"column":12},"end":{"line":158,"column":72}},"67":{"start":{"line":164,"column":8},"end":{"line":183,"column":9}},"68":{"start":{"line":165,"column":29},"end":{"line":165,"column":43}},"69":{"start":{"line":167,"column":12},"end":{"line":169,"column":13}},"70":{"start":{"line":168,"column":16},"end":{"line":168,"column":84}},"71":{"start":{"line":171,"column":12},"end":{"line":171,"column":66}},"72":{"start":{"line":173,"column":34},"end":{"line":173,"column":79}},"73":{"start":{"line":175,"column":12},"end":{"line":177,"column":13}},"74":{"start":{"line":176,"column":16},"end":{"line":176,"column":99}},"75":{"start":{"line":179,"column":12},"end":{"line":179,"column":101}},"76":{"start":{"line":181,"column":12},"end":{"line":181,"column":59}},"77":{"start":{"line":182,"column":12},"end":{"line":182,"column":72}},"78":{"start":{"line":7,"column":0},"end":{"line":7,"column":13}}},"fnMap":{"0":{"name":"(anonymous_8)","decl":{"start":{"line":9,"column":9},"end":{"line":9,"column":22}},"loc":{"start":{"line":9,"column":79},"end":{"line":18,"column":5}}},"1":{"name":"(anonymous_10)","decl":{"start":{"line":20,"column":9},"end":{"line":20,"column":22}},"loc":{"start":{"line":20,"column":78},"end":{"line":33,"column":6}}},"2":{"name":"(anonymous_12)","decl":{"start":{"line":35,"column":10},"end":{"line":35,"column":25}},"loc":{"start":{"line":35,"column":81},"end":{"line":57,"column":null}}},"3":{"name":"(anonymous_14)","decl":{"start":{"line":60,"column":10},"end":{"line":60,"column":36}},"loc":{"start":{"line":60,"column":92},"end":{"line":89,"column":null}}},"4":{"name":"(anonymous_16)","decl":{"start":{"line":71,"column":68},"end":{"line":71,"column":72}},"loc":{"start":{"line":71,"column":76},"end":{"line":71,"column":104}}},"5":{"name":"(anonymous_17)","decl":{"start":{"line":91,"column":10},"end":{"line":91,"column":23}},"loc":{"start":{"line":91,"column":71},"end":{"line":104,"column":null}}},"6":{"name":"(anonymous_19)","decl":{"start":{"line":107,"column":10},"end":{"line":107,"column":29}},"loc":{"start":{"line":107,"column":85},"end":{"line":133,"column":null}}},"7":{"name":"(anonymous_21)","decl":{"start":{"line":135,"column":9},"end":{"line":135,"column":22}},"loc":{"start":{"line":135,"column":79},"end":{"line":160,"column":6}}},"8":{"name":"(anonymous_23)","decl":{"start":{"line":162,"column":10},"end":{"line":162,"column":26}},"loc":{"start":{"line":162,"column":83},"end":{"line":184,"column":6}}}},"branchMap":{"0":{"loc":{"start":{"line":24,"column":12},"end":{"line":26,"column":13}},"type":"if","locations":[{"start":{"line":24,"column":12},"end":{"line":26,"column":13}}]},"1":{"loc":{"start":{"line":40,"column":12},"end":{"line":42,"column":13}},"type":"if","locations":[{"start":{"line":40,"column":12},"end":{"line":42,"column":13}}]},"2":{"loc":{"start":{"line":40,"column":16},"end":{"line":40,"column":43}},"type":"binary-expr","locations":[{"start":{"line":40,"column":16},"end":{"line":40,"column":21}},{"start":{"line":40,"column":25},"end":{"line":40,"column":43}}]},"3":{"loc":{"start":{"line":48,"column":12},"end":{"line":50,"column":13}},"type":"if","locations":[{"start":{"line":48,"column":12},"end":{"line":50,"column":13}}]},"4":{"loc":{"start":{"line":67,"column":12},"end":{"line":69,"column":13}},"type":"if","locations":[{"start":{"line":67,"column":12},"end":{"line":69,"column":13}}]},"5":{"loc":{"start":{"line":80,"column":12},"end":{"line":82,"column":13}},"type":"if","locations":[{"start":{"line":80,"column":12},"end":{"line":82,"column":13}}]},"6":{"loc":{"start":{"line":113,"column":12},"end":{"line":115,"column":13}},"type":"if","locations":[{"start":{"line":113,"column":12},"end":{"line":115,"column":13}}]},"7":{"loc":{"start":{"line":118,"column":33},"end":{"line":118,"column":65}},"type":"cond-expr","locations":[{"start":{"line":118,"column":54},"end":{"line":118,"column":57}},{"start":{"line":118,"column":60},"end":{"line":118,"column":65}}]},"8":{"loc":{"start":{"line":141,"column":12},"end":{"line":143,"column":13}},"type":"if","locations":[{"start":{"line":141,"column":12},"end":{"line":143,"column":13}}]},"9":{"loc":{"start":{"line":151,"column":12},"end":{"line":153,"column":13}},"type":"if","locations":[{"start":{"line":151,"column":12},"end":{"line":153,"column":13}}]},"10":{"loc":{"start":{"line":167,"column":12},"end":{"line":169,"column":13}},"type":"if","locations":[{"start":{"line":167,"column":12},"end":{"line":169,"column":13}}]},"11":{"loc":{"start":{"line":175,"column":12},"end":{"line":177,"column":13}},"type":"if","locations":[{"start":{"line":175,"column":12},"end":{"line":177,"column":13}}]}},"s":{"0":6,"1":6,"2":6,"3":6,"4":0,"5":0,"6":0,"7":0,"8":0,"9":0,"10":0,"11":0,"12":0,"13":0,"14":0,"15":0,"16":0,"17":0,"18":0,"19":0,"20":0,"21":0,"22":0,"23":0,"24":0,"25":0,"26":0,"27":0,"28":0,"29":0,"30":0,"31":0,"32":0,"33":0,"34":0,"35":0,"36":0,"37":0,"38":0,"39":0,"40":0,"41":0,"42":0,"43":0,"44":0,"45":0,"46":0,"47":0,"48":0,"49":0,"50":0,"51":0,"52":0,"53":0,"54":0,"55":0,"56":0,"57":0,"58":0,"59":0,"60":0,"61":0,"62":0,"63":0,"64":0,"65":0,"66":0,"67":0,"68":0,"69":0,"70":0,"71":0,"72":0,"73":0,"74":0,"75":0,"76":0,"77":0,"78":6},"f":{"0":0,"1":0,"2":0,"3":0,"4":0,"5":0,"6":0,"7":0,"8":0},"b":{"0":[0],"1":[0],"2":[0,0],"3":[0],"4":[0],"5":[0],"6":[0],"7":[0,0],"8":[0],"9":[0],"10":[0],"11":[0]}}
,"/Users/lottej/Desktop/CPEN 321/IntelliDish/controllers/UsersController.ts": {"path":"/Users/lottej/Desktop/CPEN 321/IntelliDish/controllers/UsersController.ts","statementMap":{"0":{"start":{"line":2,"column":0},"end":{"line":2,"column":46}},"1":{"start":{"line":3,"column":0},"end":{"line":3,"column":48}},"2":{"start":{"line":4,"column":0},"end":{"line":4,"column":44}},"3":{"start":{"line":5,"column":0},"end":{"line":5,"column":48}},"4":{"start":{"line":6,"column":0},"end":{"line":6,"column":56}},"5":{"start":{"line":7,"column":0},"end":{"line":7,"column":50}},"6":{"start":{"line":11,"column":8},"end":{"line":17,"column":9}},"7":{"start":{"line":12,"column":29},"end":{"line":12,"column":51}},"8":{"start":{"line":13,"column":12},"end":{"line":13,"column":43}},"9":{"start":{"line":15,"column":12},"end":{"line":15,"column":58}},"10":{"start":{"line":16,"column":12},"end":{"line":16,"column":70}},"11":{"start":{"line":21,"column":8},"end":{"line":39,"column":9}},"12":{"start":{"line":22,"column":27},"end":{"line":22,"column":40}},"13":{"start":{"line":25,"column":12},"end":{"line":27,"column":13}},"14":{"start":{"line":26,"column":16},"end":{"line":26,"column":82}},"15":{"start":{"line":29,"column":25},"end":{"line":29,"column":57}},"16":{"start":{"line":31,"column":12},"end":{"line":33,"column":13}},"17":{"start":{"line":32,"column":16},"end":{"line":32,"column":94}},"18":{"start":{"line":35,"column":12},"end":{"line":35,"column":39}},"19":{"start":{"line":37,"column":12},"end":{"line":37,"column":63}},"20":{"start":{"line":38,"column":12},"end":{"line":38,"column":69}},"21":{"start":{"line":44,"column":8},"end":{"line":57,"column":9}},"22":{"start":{"line":45,"column":30},"end":{"line":45,"column":46}},"23":{"start":{"line":47,"column":32},"end":{"line":47,"column":77}},"24":{"start":{"line":49,"column":12},"end":{"line":51,"column":13}},"25":{"start":{"line":50,"column":16},"end":{"line":50,"column":100}},"26":{"start":{"line":53,"column":12},"end":{"line":53,"column":46}},"27":{"start":{"line":55,"column":12},"end":{"line":55,"column":66}},"28":{"start":{"line":56,"column":12},"end":{"line":56,"column":69}},"29":{"start":{"line":61,"column":8},"end":{"line":68,"column":9}},"30":{"start":{"line":62,"column":28},"end":{"line":62,"column":51}},"31":{"start":{"line":63,"column":12},"end":{"line":63,"column":33}},"32":{"start":{"line":64,"column":12},"end":{"line":64,"column":73}},"33":{"start":{"line":66,"column":12},"end":{"line":66,"column":57}},"34":{"start":{"line":67,"column":12},"end":{"line":67,"column":70}},"35":{"start":{"line":72,"column":8},"end":{"line":94,"column":9}},"36":{"start":{"line":73,"column":27},"end":{"line":73,"column":40}},"37":{"start":{"line":74,"column":28},"end":{"line":74,"column":41}},"38":{"start":{"line":76,"column":12},"end":{"line":78,"column":13}},"39":{"start":{"line":77,"column":16},"end":{"line":77,"column":82}},"40":{"start":{"line":80,"column":32},"end":{"line":83,"column":null}},"41":{"start":{"line":86,"column":12},"end":{"line":88,"column":13}},"42":{"start":{"line":87,"column":16},"end":{"line":87,"column":92}},"43":{"start":{"line":90,"column":12},"end":{"line":90,"column":68}},"44":{"start":{"line":92,"column":12},"end":{"line":92,"column":62}},"45":{"start":{"line":93,"column":12},"end":{"line":93,"column":75}},"46":{"start":{"line":98,"column":8},"end":{"line":144,"column":9}},"47":{"start":{"line":99,"column":27},"end":{"line":99,"column":40}},"48":{"start":{"line":100,"column":29},"end":{"line":100,"column":41}},"49":{"start":{"line":102,"column":12},"end":{"line":104,"column":13}},"50":{"start":{"line":103,"column":16},"end":{"line":103,"column":81}},"51":{"start":{"line":106,"column":12},"end":{"line":108,"column":13}},"52":{"start":{"line":107,"column":16},"end":{"line":107,"column":91}},"53":{"start":{"line":110,"column":12},"end":{"line":112,"column":13}},"54":{"start":{"line":111,"column":16},"end":{"line":111,"column":82}},"55":{"start":{"line":114,"column":33},"end":{"line":114,"column":68}},"56":{"start":{"line":115,"column":35},"end":{"line":115,"column":72}},"57":{"start":{"line":117,"column":25},"end":{"line":117,"column":57}},"58":{"start":{"line":118,"column":27},"end":{"line":118,"column":61}},"59":{"start":{"line":120,"column":12},"end":{"line":122,"column":13}},"60":{"start":{"line":121,"column":16},"end":{"line":121,"column":84}},"61":{"start":{"line":125,"column":12},"end":{"line":127,"column":13}},"62":{"start":{"line":126,"column":16},"end":{"line":126,"column":80}},"63":{"start":{"line":130,"column":29},"end":{"line":132,"column":null}},"64":{"start":{"line":135,"column":31},"end":{"line":137,"column":null}},"65":{"start":{"line":140,"column":12},"end":{"line":140,"column":63}},"66":{"start":{"line":142,"column":12},"end":{"line":142,"column":57}},"67":{"start":{"line":143,"column":12},"end":{"line":143,"column":69}},"68":{"start":{"line":148,"column":23},"end":{"line":148,"column":36}},"69":{"start":{"line":149,"column":25},"end":{"line":149,"column":37}},"70":{"start":{"line":151,"column":8},"end":{"line":153,"column":9}},"71":{"start":{"line":152,"column":12},"end":{"line":152,"column":79}},"72":{"start":{"line":155,"column":29},"end":{"line":155,"column":64}},"73":{"start":{"line":156,"column":31},"end":{"line":156,"column":68}},"74":{"start":{"line":158,"column":28},"end":{"line":160,"column":null}},"75":{"start":{"line":162,"column":30},"end":{"line":164,"column":null}},"76":{"start":{"line":167,"column":8},"end":{"line":169,"column":9}},"77":{"start":{"line":168,"column":12},"end":{"line":168,"column":73}},"78":{"start":{"line":171,"column":8},"end":{"line":171,"column":59}},"79":{"start":{"line":175,"column":8},"end":{"line":195,"column":9}},"80":{"start":{"line":176,"column":27},"end":{"line":176,"column":40}},"81":{"start":{"line":179,"column":12},"end":{"line":181,"column":13}},"82":{"start":{"line":180,"column":16},"end":{"line":180,"column":83}},"83":{"start":{"line":184,"column":25},"end":{"line":184,"column":91}},"84":{"start":{"line":186,"column":12},"end":{"line":188,"column":13}},"85":{"start":{"line":187,"column":16},"end":{"line":187,"column":94}},"86":{"start":{"line":191,"column":12},"end":{"line":191,"column":60}},"87":{"start":{"line":193,"column":12},"end":{"line":193,"column":60}},"88":{"start":{"line":194,"column":12},"end":{"line":194,"column":80}},"89":{"start":{"line":199,"column":8},"end":{"line":218,"column":9}},"90":{"start":{"line":200,"column":27},"end":{"line":200,"column":40}},"91":{"start":{"line":202,"column":12},"end":{"line":204,"column":13}},"92":{"start":{"line":203,"column":16},"end":{"line":203,"column":82}},"93":{"start":{"line":206,"column":12},"end":{"line":206,"column":62}},"94":{"start":{"line":208,"column":32},"end":{"line":208,"column":73}},"95":{"start":{"line":210,"column":12},"end":{"line":212,"column":13}},"96":{"start":{"line":211,"column":16},"end":{"line":211,"column":74}},"97":{"start":{"line":214,"column":12},"end":{"line":214,"column":71}},"98":{"start":{"line":216,"column":12},"end":{"line":216,"column":65}},"99":{"start":{"line":217,"column":12},"end":{"line":217,"column":78}},"100":{"start":{"line":222,"column":8},"end":{"line":255,"column":9}},"101":{"start":{"line":223,"column":27},"end":{"line":223,"column":40}},"102":{"start":{"line":224,"column":29},"end":{"line":224,"column":41}},"103":{"start":{"line":226,"column":12},"end":{"line":228,"column":13}},"104":{"start":{"line":227,"column":16},"end":{"line":227,"column":95}},"105":{"start":{"line":230,"column":12},"end":{"line":232,"column":13}},"106":{"start":{"line":231,"column":16},"end":{"line":231,"column":81}},"107":{"start":{"line":235,"column":27},"end":{"line":235,"column":63}},"108":{"start":{"line":236,"column":12},"end":{"line":238,"column":13}},"109":{"start":{"line":237,"column":16},"end":{"line":237,"column":92}},"110":{"start":{"line":241,"column":32},"end":{"line":244,"column":null}},"111":{"start":{"line":247,"column":12},"end":{"line":249,"column":13}},"112":{"start":{"line":248,"column":16},"end":{"line":248,"column":98}},"113":{"start":{"line":251,"column":12},"end":{"line":251,"column":103}},"114":{"start":{"line":253,"column":12},"end":{"line":253,"column":65}},"115":{"start":{"line":254,"column":12},"end":{"line":254,"column":77}},"116":{"start":{"line":259,"column":8},"end":{"line":292,"column":9}},"117":{"start":{"line":260,"column":27},"end":{"line":260,"column":40}},"118":{"start":{"line":261,"column":29},"end":{"line":261,"column":41}},"119":{"start":{"line":263,"column":12},"end":{"line":265,"column":13}},"120":{"start":{"line":264,"column":16},"end":{"line":264,"column":95}},"121":{"start":{"line":267,"column":12},"end":{"line":269,"column":13}},"122":{"start":{"line":268,"column":16},"end":{"line":268,"column":81}},"123":{"start":{"line":272,"column":25},"end":{"line":272,"column":57}},"124":{"start":{"line":273,"column":12},"end":{"line":275,"column":13}},"125":{"start":{"line":274,"column":16},"end":{"line":274,"column":74}},"126":{"start":{"line":278,"column":32},"end":{"line":281,"column":null}},"127":{"start":{"line":284,"column":12},"end":{"line":286,"column":13}},"128":{"start":{"line":285,"column":16},"end":{"line":285,"column":90}},"129":{"start":{"line":288,"column":12},"end":{"line":288,"column":107}},"130":{"start":{"line":290,"column":12},"end":{"line":290,"column":69}},"131":{"start":{"line":291,"column":12},"end":{"line":291,"column":82}},"132":{"start":{"line":296,"column":8},"end":{"line":316,"column":9}},"133":{"start":{"line":297,"column":27},"end":{"line":297,"column":40}},"134":{"start":{"line":300,"column":12},"end":{"line":302,"column":13}},"135":{"start":{"line":301,"column":16},"end":{"line":301,"column":83}},"136":{"start":{"line":305,"column":25},"end":{"line":305,"column":95}},"137":{"start":{"line":307,"column":12},"end":{"line":309,"column":13}},"138":{"start":{"line":308,"column":16},"end":{"line":308,"column":94}},"139":{"start":{"line":312,"column":12},"end":{"line":312,"column":60}},"140":{"start":{"line":314,"column":12},"end":{"line":314,"column":60}},"141":{"start":{"line":315,"column":12},"end":{"line":315,"column":75}},"142":{"start":{"line":320,"column":8},"end":{"line":354,"column":9}},"143":{"start":{"line":321,"column":27},"end":{"line":321,"column":40}},"144":{"start":{"line":322,"column":33},"end":{"line":322,"column":45}},"145":{"start":{"line":325,"column":12},"end":{"line":327,"column":13}},"146":{"start":{"line":326,"column":16},"end":{"line":326,"column":99}},"147":{"start":{"line":329,"column":12},"end":{"line":331,"column":13}},"148":{"start":{"line":330,"column":16},"end":{"line":330,"column":85}},"149":{"start":{"line":334,"column":31},"end":{"line":334,"column":75}},"150":{"start":{"line":335,"column":12},"end":{"line":337,"column":13}},"151":{"start":{"line":336,"column":16},"end":{"line":336,"column":96}},"152":{"start":{"line":340,"column":32},"end":{"line":343,"column":null}},"153":{"start":{"line":346,"column":12},"end":{"line":348,"column":13}},"154":{"start":{"line":347,"column":16},"end":{"line":347,"column":102}},"155":{"start":{"line":350,"column":12},"end":{"line":350,"column":107}},"156":{"start":{"line":352,"column":12},"end":{"line":352,"column":69}},"157":{"start":{"line":353,"column":12},"end":{"line":353,"column":81}},"158":{"start":{"line":358,"column":8},"end":{"line":386,"column":9}},"159":{"start":{"line":359,"column":27},"end":{"line":359,"column":40}},"160":{"start":{"line":360,"column":33},"end":{"line":360,"column":45}},"161":{"start":{"line":363,"column":12},"end":{"line":365,"column":13}},"162":{"start":{"line":364,"column":16},"end":{"line":364,"column":99}},"163":{"start":{"line":367,"column":12},"end":{"line":369,"column":13}},"164":{"start":{"line":368,"column":16},"end":{"line":368,"column":85}},"165":{"start":{"line":372,"column":32},"end":{"line":375,"column":null}},"166":{"start":{"line":378,"column":12},"end":{"line":380,"column":13}},"167":{"start":{"line":379,"column":16},"end":{"line":379,"column":74}},"168":{"start":{"line":382,"column":12},"end":{"line":382,"column":111}},"169":{"start":{"line":384,"column":12},"end":{"line":384,"column":73}},"170":{"start":{"line":385,"column":12},"end":{"line":385,"column":86}},"171":{"start":{"line":390,"column":8},"end":{"line":410,"column":9}},"172":{"start":{"line":391,"column":27},"end":{"line":391,"column":40}},"173":{"start":{"line":394,"column":12},"end":{"line":396,"column":13}},"174":{"start":{"line":395,"column":16},"end":{"line":395,"column":83}},"175":{"start":{"line":399,"column":25},"end":{"line":399,"column":98}},"176":{"start":{"line":401,"column":12},"end":{"line":403,"column":13}},"177":{"start":{"line":402,"column":16},"end":{"line":402,"column":94}},"178":{"start":{"line":406,"column":12},"end":{"line":406,"column":68}},"179":{"start":{"line":408,"column":12},"end":{"line":408,"column":64}},"180":{"start":{"line":409,"column":12},"end":{"line":409,"column":79}},"181":{"start":{"line":415,"column":8},"end":{"line":425,"column":9}},"182":{"start":{"line":416,"column":29},"end":{"line":419,"column":44}},"183":{"start":{"line":421,"column":12},"end":{"line":421,"column":47}},"184":{"start":{"line":423,"column":12},"end":{"line":423,"column":71}},"185":{"start":{"line":424,"column":12},"end":{"line":424,"column":84}},"186":{"start":{"line":429,"column":8},"end":{"line":448,"column":9}},"187":{"start":{"line":430,"column":27},"end":{"line":430,"column":37}},"188":{"start":{"line":431,"column":12},"end":{"line":433,"column":13}},"189":{"start":{"line":432,"column":16},"end":{"line":432,"column":85}},"190":{"start":{"line":435,"column":28},"end":{"line":438,"column":44}},"191":{"start":{"line":440,"column":12},"end":{"line":442,"column":13}},"192":{"start":{"line":441,"column":16},"end":{"line":441,"column":85}},"193":{"start":{"line":444,"column":12},"end":{"line":444,"column":46}},"194":{"start":{"line":446,"column":12},"end":{"line":446,"column":70}},"195":{"start":{"line":447,"column":12},"end":{"line":447,"column":83}},"196":{"start":{"line":453,"column":8},"end":{"line":493,"column":9}},"197":{"start":{"line":454,"column":92},"end":{"line":454,"column":100}},"198":{"start":{"line":456,"column":12},"end":{"line":458,"column":13}},"199":{"start":{"line":457,"column":16},"end":{"line":457,"column":93}},"200":{"start":{"line":460,"column":25},"end":{"line":460,"column":55}},"201":{"start":{"line":461,"column":12},"end":{"line":463,"column":13}},"202":{"start":{"line":462,"column":16},"end":{"line":462,"column":79}},"203":{"start":{"line":466,"column":31},"end":{"line":473,"column":14}},"204":{"start":{"line":475,"column":12},"end":{"line":475,"column":36}},"205":{"start":{"line":478,"column":12},"end":{"line":478,"column":93}},"206":{"start":{"line":481,"column":12},"end":{"line":487,"column":13}},"207":{"start":{"line":482,"column":39},"end":{"line":482,"column":88}},"208":{"start":{"line":482,"column":81},"end":{"line":482,"column":87}},"209":{"start":{"line":483,"column":16},"end":{"line":486,"column":18}},"210":{"start":{"line":489,"column":12},"end":{"line":489,"column":108}},"211":{"start":{"line":491,"column":12},"end":{"line":491,"column":68}},"212":{"start":{"line":492,"column":12},"end":{"line":492,"column":81}},"213":{"start":{"line":498,"column":8},"end":{"line":518,"column":9}},"214":{"start":{"line":499,"column":27},"end":{"line":499,"column":37}},"215":{"start":{"line":501,"column":12},"end":{"line":503,"column":13}},"216":{"start":{"line":502,"column":16},"end":{"line":502,"column":82}},"217":{"start":{"line":505,"column":29},"end":{"line":508,"column":44}},"218":{"start":{"line":510,"column":12},"end":{"line":512,"column":13}},"219":{"start":{"line":511,"column":16},"end":{"line":511,"column":99}},"220":{"start":{"line":514,"column":12},"end":{"line":514,"column":47}},"221":{"start":{"line":516,"column":12},"end":{"line":516,"column":82}},"222":{"start":{"line":517,"column":12},"end":{"line":517,"column":84}},"223":{"start":{"line":522,"column":8},"end":{"line":542,"column":9}},"224":{"start":{"line":523,"column":27},"end":{"line":523,"column":37}},"225":{"start":{"line":525,"column":12},"end":{"line":527,"column":13}},"226":{"start":{"line":526,"column":16},"end":{"line":526,"column":89}},"227":{"start":{"line":529,"column":29},"end":{"line":532,"column":44}},"228":{"start":{"line":534,"column":12},"end":{"line":536,"column":13}},"229":{"start":{"line":535,"column":16},"end":{"line":535,"column":106}},"230":{"start":{"line":538,"column":12},"end":{"line":538,"column":47}},"231":{"start":{"line":540,"column":12},"end":{"line":540,"column":89}},"232":{"start":{"line":541,"column":12},"end":{"line":541,"column":84}},"233":{"start":{"line":547,"column":8},"end":{"line":593,"column":9}},"234":{"start":{"line":548,"column":27},"end":{"line":548,"column":37}},"235":{"start":{"line":549,"column":51},"end":{"line":549,"column":59}},"236":{"start":{"line":551,"column":12},"end":{"line":553,"column":13}},"237":{"start":{"line":552,"column":16},"end":{"line":552,"column":85}},"238":{"start":{"line":555,"column":12},"end":{"line":557,"column":13}},"239":{"start":{"line":556,"column":16},"end":{"line":556,"column":89}},"240":{"start":{"line":559,"column":12},"end":{"line":561,"column":13}},"241":{"start":{"line":560,"column":16},"end":{"line":560,"column":106}},"242":{"start":{"line":563,"column":28},"end":{"line":563,"column":59}},"243":{"start":{"line":564,"column":12},"end":{"line":566,"column":13}},"244":{"start":{"line":565,"column":16},"end":{"line":565,"column":85}},"245":{"start":{"line":568,"column":32},"end":{"line":568,"column":101}},"246":{"start":{"line":568,"column":65},"end":{"line":568,"column":100}},"247":{"start":{"line":569,"column":12},"end":{"line":571,"column":13}},"248":{"start":{"line":570,"column":16},"end":{"line":570,"column":99}},"249":{"start":{"line":574,"column":12},"end":{"line":574,"column":97}},"250":{"start":{"line":577,"column":12},"end":{"line":577,"column":89}},"251":{"start":{"line":579,"column":12},"end":{"line":579,"column":33}},"252":{"start":{"line":581,"column":35},"end":{"line":584,"column":44}},"253":{"start":{"line":586,"column":12},"end":{"line":589,"column":15}},"254":{"start":{"line":591,"column":12},"end":{"line":591,"column":73}},"255":{"start":{"line":592,"column":12},"end":{"line":592,"column":74}},"256":{"start":{"line":597,"column":8},"end":{"line":644,"column":9}},"257":{"start":{"line":598,"column":27},"end":{"line":598,"column":37}},"258":{"start":{"line":599,"column":51},"end":{"line":599,"column":59}},"259":{"start":{"line":601,"column":12},"end":{"line":603,"column":13}},"260":{"start":{"line":602,"column":16},"end":{"line":602,"column":85}},"261":{"start":{"line":605,"column":12},"end":{"line":607,"column":13}},"262":{"start":{"line":606,"column":16},"end":{"line":606,"column":89}},"263":{"start":{"line":609,"column":12},"end":{"line":611,"column":13}},"264":{"start":{"line":610,"column":16},"end":{"line":610,"column":106}},"265":{"start":{"line":613,"column":28},"end":{"line":613,"column":59}},"266":{"start":{"line":614,"column":12},"end":{"line":616,"column":13}},"267":{"start":{"line":615,"column":16},"end":{"line":615,"column":85}},"268":{"start":{"line":618,"column":32},"end":{"line":618,"column":101}},"269":{"start":{"line":618,"column":65},"end":{"line":618,"column":100}},"270":{"start":{"line":619,"column":12},"end":{"line":621,"column":13}},"271":{"start":{"line":620,"column":16},"end":{"line":620,"column":99}},"272":{"start":{"line":624,"column":12},"end":{"line":624,"column":106}},"273":{"start":{"line":624,"column":78},"end":{"line":624,"column":104}},"274":{"start":{"line":627,"column":43},"end":{"line":627,"column":93}},"275":{"start":{"line":627,"column":79},"end":{"line":627,"column":92}},"276":{"start":{"line":628,"column":12},"end":{"line":628,"column":108}},"277":{"start":{"line":628,"column":70},"end":{"line":628,"column":106}},"278":{"start":{"line":630,"column":12},"end":{"line":630,"column":33}},"279":{"start":{"line":632,"column":35},"end":{"line":635,"column":44}},"280":{"start":{"line":637,"column":12},"end":{"line":640,"column":15}},"281":{"start":{"line":642,"column":12},"end":{"line":642,"column":77}},"282":{"start":{"line":643,"column":12},"end":{"line":643,"column":77}},"283":{"start":{"line":648,"column":8},"end":{"line":699,"column":9}},"284":{"start":{"line":649,"column":27},"end":{"line":649,"column":37}},"285":{"start":{"line":650,"column":37},"end":{"line":650,"column":45}},"286":{"start":{"line":652,"column":12},"end":{"line":654,"column":13}},"287":{"start":{"line":653,"column":16},"end":{"line":653,"column":85}},"288":{"start":{"line":656,"column":12},"end":{"line":658,"column":13}},"289":{"start":{"line":657,"column":16},"end":{"line":657,"column":110}},"290":{"start":{"line":660,"column":12},"end":{"line":662,"column":13}},"291":{"start":{"line":660,"column":53},"end":{"line":660,"column":97}},"292":{"start":{"line":661,"column":16},"end":{"line":661,"column":99}},"293":{"start":{"line":664,"column":28},"end":{"line":664,"column":59}},"294":{"start":{"line":665,"column":12},"end":{"line":667,"column":13}},"295":{"start":{"line":666,"column":16},"end":{"line":666,"column":85}},"296":{"start":{"line":669,"column":41},"end":{"line":669,"column":100}},"297":{"start":{"line":669,"column":81},"end":{"line":669,"column":98}},"298":{"start":{"line":671,"column":36},"end":{"line":676,"column":19}},"299":{"start":{"line":672,"column":36},"end":{"line":672,"column":80}},"300":{"start":{"line":673,"column":34},"end":{"line":676,"column":18}},"301":{"start":{"line":678,"column":12},"end":{"line":680,"column":13}},"302":{"start":{"line":679,"column":16},"end":{"line":679,"column":112}},"303":{"start":{"line":682,"column":12},"end":{"line":682,"column":58}},"304":{"start":{"line":683,"column":12},"end":{"line":683,"column":33}},"305":{"start":{"line":685,"column":12},"end":{"line":688,"column":14}},"306":{"start":{"line":690,"column":35},"end":{"line":693,"column":44}},"307":{"start":{"line":695,"column":12},"end":{"line":695,"column":107}},"308":{"start":{"line":697,"column":12},"end":{"line":697,"column":74}},"309":{"start":{"line":698,"column":12},"end":{"line":698,"column":75}},"310":{"start":{"line":703,"column":8},"end":{"line":751,"column":9}},"311":{"start":{"line":704,"column":27},"end":{"line":704,"column":37}},"312":{"start":{"line":705,"column":37},"end":{"line":705,"column":45}},"313":{"start":{"line":707,"column":12},"end":{"line":709,"column":13}},"314":{"start":{"line":708,"column":16},"end":{"line":708,"column":85}},"315":{"start":{"line":711,"column":12},"end":{"line":713,"column":13}},"316":{"start":{"line":712,"column":16},"end":{"line":712,"column":110}},"317":{"start":{"line":715,"column":12},"end":{"line":717,"column":13}},"318":{"start":{"line":715,"column":53},"end":{"line":715,"column":97}},"319":{"start":{"line":716,"column":16},"end":{"line":716,"column":99}},"320":{"start":{"line":719,"column":28},"end":{"line":719,"column":59}},"321":{"start":{"line":720,"column":12},"end":{"line":722,"column":13}},"322":{"start":{"line":721,"column":16},"end":{"line":721,"column":85}},"323":{"start":{"line":724,"column":36},"end":{"line":724,"column":57}},"324":{"start":{"line":726,"column":40},"end":{"line":728,"column":46}},"325":{"start":{"line":727,"column":31},"end":{"line":727,"column":69}},"326":{"start":{"line":728,"column":32},"end":{"line":728,"column":45}},"327":{"start":{"line":730,"column":12},"end":{"line":730,"column":111}},"328":{"start":{"line":730,"column":70},"end":{"line":730,"column":109}},"329":{"start":{"line":732,"column":12},"end":{"line":732,"column":120}},"330":{"start":{"line":732,"column":77},"end":{"line":732,"column":118}},"331":{"start":{"line":734,"column":12},"end":{"line":734,"column":33}},"332":{"start":{"line":736,"column":12},"end":{"line":739,"column":14}},"333":{"start":{"line":742,"column":35},"end":{"line":745,"column":44}},"334":{"start":{"line":747,"column":12},"end":{"line":747,"column":109}},"335":{"start":{"line":749,"column":12},"end":{"line":749,"column":78}},"336":{"start":{"line":750,"column":12},"end":{"line":750,"column":78}},"337":{"start":{"line":756,"column":8},"end":{"line":804,"column":9}},"338":{"start":{"line":757,"column":23},"end":{"line":757,"column":36}},"339":{"start":{"line":759,"column":12},"end":{"line":761,"column":13}},"340":{"start":{"line":760,"column":16},"end":{"line":760,"column":85}},"341":{"start":{"line":763,"column":28},"end":{"line":763,"column":59}},"342":{"start":{"line":764,"column":12},"end":{"line":766,"column":13}},"343":{"start":{"line":765,"column":16},"end":{"line":765,"column":85}},"344":{"start":{"line":768,"column":12},"end":{"line":770,"column":13}},"345":{"start":{"line":769,"column":16},"end":{"line":769,"column":103}},"346":{"start":{"line":773,"column":36},"end":{"line":773,"column":55}},"347":{"start":{"line":775,"column":12},"end":{"line":775,"column":82}},"348":{"start":{"line":778,"column":37},"end":{"line":778,"column":94}},"349":{"start":{"line":780,"column":12},"end":{"line":782,"column":13}},"350":{"start":{"line":781,"column":16},"end":{"line":781,"column":91}},"351":{"start":{"line":785,"column":36},"end":{"line":785,"column":82}},"352":{"start":{"line":788,"column":30},"end":{"line":788,"column":71}},"353":{"start":{"line":788,"column":60},"end":{"line":788,"column":70}},"354":{"start":{"line":791,"column":35},"end":{"line":795,"column":41}},"355":{"start":{"line":797,"column":12},"end":{"line":800,"column":15}},"356":{"start":{"line":802,"column":12},"end":{"line":802,"column":74}},"357":{"start":{"line":803,"column":12},"end":{"line":803,"column":81}},"358":{"start":{"line":808,"column":8},"end":{"line":830,"column":9}},"359":{"start":{"line":809,"column":27},"end":{"line":809,"column":37}},"360":{"start":{"line":811,"column":12},"end":{"line":813,"column":13}},"361":{"start":{"line":812,"column":16},"end":{"line":812,"column":85}},"362":{"start":{"line":815,"column":28},"end":{"line":815,"column":59}},"363":{"start":{"line":816,"column":12},"end":{"line":818,"column":13}},"364":{"start":{"line":817,"column":16},"end":{"line":817,"column":85}},"365":{"start":{"line":821,"column":12},"end":{"line":821,"column":89}},"366":{"start":{"line":824,"column":12},"end":{"line":824,"column":54}},"367":{"start":{"line":826,"column":12},"end":{"line":826,"column":87}},"368":{"start":{"line":828,"column":12},"end":{"line":828,"column":68}},"369":{"start":{"line":829,"column":12},"end":{"line":829,"column":81}},"370":{"start":{"line":9,"column":0},"end":{"line":9,"column":13}}},"fnMap":{"0":{"name":"(anonymous_8)","decl":{"start":{"line":10,"column":10},"end":{"line":10,"column":18}},"loc":{"start":{"line":10,"column":66},"end":{"line":18,"column":null}}},"1":{"name":"(anonymous_10)","decl":{"start":{"line":20,"column":10},"end":{"line":20,"column":21}},"loc":{"start":{"line":20,"column":69},"end":{"line":40,"column":null}}},"2":{"name":"(anonymous_12)","decl":{"start":{"line":43,"column":10},"end":{"line":43,"column":24}},"loc":{"start":{"line":43,"column":72},"end":{"line":58,"column":null}}},"3":{"name":"(anonymous_14)","decl":{"start":{"line":60,"column":10},"end":{"line":60,"column":23}},"loc":{"start":{"line":60,"column":71},"end":{"line":69,"column":null}}},"4":{"name":"(anonymous_16)","decl":{"start":{"line":71,"column":10},"end":{"line":71,"column":24}},"loc":{"start":{"line":71,"column":72},"end":{"line":95,"column":null}}},"5":{"name":"(anonymous_18)","decl":{"start":{"line":97,"column":10},"end":{"line":97,"column":22}},"loc":{"start":{"line":97,"column":70},"end":{"line":145,"column":null}}},"6":{"name":"(anonymous_20)","decl":{"start":{"line":147,"column":10},"end":{"line":147,"column":22}},"loc":{"start":{"line":147,"column":71},"end":{"line":172,"column":null}}},"7":{"name":"(anonymous_22)","decl":{"start":{"line":174,"column":10},"end":{"line":174,"column":20}},"loc":{"start":{"line":174,"column":68},"end":{"line":196,"column":null}}},"8":{"name":"(anonymous_24)","decl":{"start":{"line":198,"column":10},"end":{"line":198,"column":27}},"loc":{"start":{"line":198,"column":75},"end":{"line":219,"column":null}}},"9":{"name":"(anonymous_26)","decl":{"start":{"line":221,"column":10},"end":{"line":221,"column":25}},"loc":{"start":{"line":221,"column":73},"end":{"line":256,"column":null}}},"10":{"name":"(anonymous_28)","decl":{"start":{"line":258,"column":10},"end":{"line":258,"column":30}},"loc":{"start":{"line":258,"column":78},"end":{"line":293,"column":null}}},"11":{"name":"(anonymous_30)","decl":{"start":{"line":295,"column":10},"end":{"line":295,"column":20}},"loc":{"start":{"line":295,"column":69},"end":{"line":317,"column":null}}},"12":{"name":"(anonymous_32)","decl":{"start":{"line":319,"column":10},"end":{"line":319,"column":29}},"loc":{"start":{"line":319,"column":77},"end":{"line":355,"column":null}}},"13":{"name":"(anonymous_34)","decl":{"start":{"line":357,"column":10},"end":{"line":357,"column":34}},"loc":{"start":{"line":357,"column":82},"end":{"line":387,"column":null}}},"14":{"name":"(anonymous_36)","decl":{"start":{"line":389,"column":10},"end":{"line":389,"column":24}},"loc":{"start":{"line":389,"column":73},"end":{"line":411,"column":null}}},"15":{"name":"(anonymous_38)","decl":{"start":{"line":414,"column":10},"end":{"line":414,"column":28}},"loc":{"start":{"line":414,"column":76},"end":{"line":426,"column":null}}},"16":{"name":"(anonymous_40)","decl":{"start":{"line":428,"column":10},"end":{"line":428,"column":32}},"loc":{"start":{"line":428,"column":80},"end":{"line":449,"column":null}}},"17":{"name":"(anonymous_42)","decl":{"start":{"line":452,"column":10},"end":{"line":452,"column":30}},"loc":{"start":{"line":452,"column":78},"end":{"line":494,"column":null}}},"18":{"name":"(anonymous_44)","decl":{"start":{"line":482,"column":56},"end":{"line":482,"column":57}},"loc":{"start":{"line":482,"column":81},"end":{"line":482,"column":87}}},"19":{"name":"(anonymous_45)","decl":{"start":{"line":497,"column":10},"end":{"line":497,"column":36}},"loc":{"start":{"line":497,"column":84},"end":{"line":519,"column":null}}},"20":{"name":"(anonymous_47)","decl":{"start":{"line":521,"column":10},"end":{"line":521,"column":43}},"loc":{"start":{"line":521,"column":91},"end":{"line":543,"column":null}}},"21":{"name":"(anonymous_49)","decl":{"start":{"line":546,"column":10},"end":{"line":546,"column":44}},"loc":{"start":{"line":546,"column":92},"end":{"line":594,"column":null}}},"22":{"name":"(anonymous_51)","decl":{"start":{"line":568,"column":58},"end":{"line":568,"column":59}},"loc":{"start":{"line":568,"column":65},"end":{"line":568,"column":100}}},"23":{"name":"(anonymous_52)","decl":{"start":{"line":596,"column":10},"end":{"line":596,"column":49}},"loc":{"start":{"line":596,"column":97},"end":{"line":645,"column":null}}},"24":{"name":"(anonymous_54)","decl":{"start":{"line":618,"column":58},"end":{"line":618,"column":59}},"loc":{"start":{"line":618,"column":65},"end":{"line":618,"column":100}}},"25":{"name":"(anonymous_55)","decl":{"start":{"line":624,"column":69},"end":{"line":624,"column":70}},"loc":{"start":{"line":624,"column":78},"end":{"line":624,"column":104}}},"26":{"name":"(anonymous_56)","decl":{"start":{"line":627,"column":72},"end":{"line":627,"column":73}},"loc":{"start":{"line":627,"column":79},"end":{"line":627,"column":92}}},"27":{"name":"(anonymous_57)","decl":{"start":{"line":628,"column":61},"end":{"line":628,"column":62}},"loc":{"start":{"line":628,"column":70},"end":{"line":628,"column":106}}},"28":{"name":"(anonymous_58)","decl":{"start":{"line":647,"column":10},"end":{"line":647,"column":32}},"loc":{"start":{"line":647,"column":80},"end":{"line":700,"column":null}}},"29":{"name":"(anonymous_60)","decl":{"start":{"line":660,"column":36},"end":{"line":660,"column":37}},"loc":{"start":{"line":660,"column":53},"end":{"line":660,"column":97}}},"30":{"name":"(anonymous_61)","decl":{"start":{"line":669,"column":74},"end":{"line":669,"column":75}},"loc":{"start":{"line":669,"column":81},"end":{"line":669,"column":98}}},"31":{"name":"(anonymous_62)","decl":{"start":{"line":672,"column":24},"end":{"line":672,"column":25}},"loc":{"start":{"line":672,"column":36},"end":{"line":672,"column":80}}},"32":{"name":"(anonymous_63)","decl":{"start":{"line":673,"column":21},"end":{"line":673,"column":22}},"loc":{"start":{"line":673,"column":34},"end":{"line":676,"column":18}}},"33":{"name":"(anonymous_64)","decl":{"start":{"line":702,"column":10},"end":{"line":702,"column":35}},"loc":{"start":{"line":702,"column":83},"end":{"line":752,"column":null}}},"34":{"name":"(anonymous_66)","decl":{"start":{"line":715,"column":36},"end":{"line":715,"column":37}},"loc":{"start":{"line":715,"column":53},"end":{"line":715,"column":97}}},"35":{"name":"(anonymous_67)","decl":{"start":{"line":727,"column":24},"end":{"line":727,"column":25}},"loc":{"start":{"line":727,"column":31},"end":{"line":727,"column":69}}},"36":{"name":"(anonymous_68)","decl":{"start":{"line":728,"column":25},"end":{"line":728,"column":26}},"loc":{"start":{"line":728,"column":32},"end":{"line":728,"column":45}}},"37":{"name":"(anonymous_69)","decl":{"start":{"line":730,"column":63},"end":{"line":730,"column":64}},"loc":{"start":{"line":730,"column":70},"end":{"line":730,"column":109}}},"38":{"name":"(anonymous_70)","decl":{"start":{"line":732,"column":61},"end":{"line":732,"column":62}},"loc":{"start":{"line":732,"column":77},"end":{"line":732,"column":118}}},"39":{"name":"(anonymous_71)","decl":{"start":{"line":755,"column":10},"end":{"line":755,"column":34}},"loc":{"start":{"line":755,"column":82},"end":{"line":805,"column":null}}},"40":{"name":"(anonymous_73)","decl":{"start":{"line":788,"column":50},"end":{"line":788,"column":56}},"loc":{"start":{"line":788,"column":60},"end":{"line":788,"column":70}}},"41":{"name":"(anonymous_74)","decl":{"start":{"line":807,"column":10},"end":{"line":807,"column":27}},"loc":{"start":{"line":807,"column":75},"end":{"line":831,"column":null}}}},"branchMap":{"0":{"loc":{"start":{"line":25,"column":12},"end":{"line":27,"column":13}},"type":"if","locations":[{"start":{"line":25,"column":12},"end":{"line":27,"column":13}}]},"1":{"loc":{"start":{"line":31,"column":12},"end":{"line":33,"column":13}},"type":"if","locations":[{"start":{"line":31,"column":12},"end":{"line":33,"column":13}}]},"2":{"loc":{"start":{"line":49,"column":12},"end":{"line":51,"column":13}},"type":"if","locations":[{"start":{"line":49,"column":12},"end":{"line":51,"column":13}}]},"3":{"loc":{"start":{"line":76,"column":12},"end":{"line":78,"column":13}},"type":"if","locations":[{"start":{"line":76,"column":12},"end":{"line":78,"column":13}}]},"4":{"loc":{"start":{"line":86,"column":12},"end":{"line":88,"column":13}},"type":"if","locations":[{"start":{"line":86,"column":12},"end":{"line":88,"column":13}}]},"5":{"loc":{"start":{"line":102,"column":12},"end":{"line":104,"column":13}},"type":"if","locations":[{"start":{"line":102,"column":12},"end":{"line":104,"column":13}}]},"6":{"loc":{"start":{"line":106,"column":12},"end":{"line":108,"column":13}},"type":"if","locations":[{"start":{"line":106,"column":12},"end":{"line":108,"column":13}}]},"7":{"loc":{"start":{"line":110,"column":12},"end":{"line":112,"column":13}},"type":"if","locations":[{"start":{"line":110,"column":12},"end":{"line":112,"column":13}}]},"8":{"loc":{"start":{"line":110,"column":16},"end":{"line":110,"column":102}},"type":"binary-expr","locations":[{"start":{"line":110,"column":16},"end":{"line":110,"column":56}},{"start":{"line":110,"column":60},"end":{"line":110,"column":102}}]},"9":{"loc":{"start":{"line":120,"column":12},"end":{"line":122,"column":13}},"type":"if","locations":[{"start":{"line":120,"column":12},"end":{"line":122,"column":13}}]},"10":{"loc":{"start":{"line":120,"column":16},"end":{"line":120,"column":32}},"type":"binary-expr","locations":[{"start":{"line":120,"column":16},"end":{"line":120,"column":21}},{"start":{"line":120,"column":25},"end":{"line":120,"column":32}}]},"11":{"loc":{"start":{"line":125,"column":12},"end":{"line":127,"column":13}},"type":"if","locations":[{"start":{"line":125,"column":12},"end":{"line":127,"column":13}}]},"12":{"loc":{"start":{"line":125,"column":16},"end":{"line":125,"column":63}},"type":"binary-expr","locations":[{"start":{"line":125,"column":16},"end":{"line":125,"column":28}},{"start":{"line":125,"column":32},"end":{"line":125,"column":63}}]},"13":{"loc":{"start":{"line":151,"column":8},"end":{"line":153,"column":9}},"type":"if","locations":[{"start":{"line":151,"column":8},"end":{"line":153,"column":9}}]},"14":{"loc":{"start":{"line":151,"column":12},"end":{"line":151,"column":84}},"type":"binary-expr","locations":[{"start":{"line":151,"column":12},"end":{"line":151,"column":45}},{"start":{"line":151,"column":49},"end":{"line":151,"column":84}}]},"15":{"loc":{"start":{"line":167,"column":8},"end":{"line":169,"column":9}},"type":"if","locations":[{"start":{"line":167,"column":8},"end":{"line":169,"column":9}}]},"16":{"loc":{"start":{"line":167,"column":12},"end":{"line":167,"column":78}},"type":"binary-expr","locations":[{"start":{"line":167,"column":12},"end":{"line":167,"column":42}},{"start":{"line":167,"column":46},"end":{"line":167,"column":78}}]},"17":{"loc":{"start":{"line":179,"column":12},"end":{"line":181,"column":13}},"type":"if","locations":[{"start":{"line":179,"column":12},"end":{"line":181,"column":13}}]},"18":{"loc":{"start":{"line":186,"column":12},"end":{"line":188,"column":13}},"type":"if","locations":[{"start":{"line":186,"column":12},"end":{"line":188,"column":13}}]},"19":{"loc":{"start":{"line":202,"column":12},"end":{"line":204,"column":13}},"type":"if","locations":[{"start":{"line":202,"column":12},"end":{"line":204,"column":13}}]},"20":{"loc":{"start":{"line":210,"column":12},"end":{"line":212,"column":13}},"type":"if","locations":[{"start":{"line":210,"column":12},"end":{"line":212,"column":13}}]},"21":{"loc":{"start":{"line":226,"column":12},"end":{"line":228,"column":13}},"type":"if","locations":[{"start":{"line":226,"column":12},"end":{"line":228,"column":13}}]},"22":{"loc":{"start":{"line":226,"column":16},"end":{"line":226,"column":102}},"type":"binary-expr","locations":[{"start":{"line":226,"column":16},"end":{"line":226,"column":56}},{"start":{"line":226,"column":60},"end":{"line":226,"column":102}}]},"23":{"loc":{"start":{"line":230,"column":12},"end":{"line":232,"column":13}},"type":"if","locations":[{"start":{"line":230,"column":12},"end":{"line":232,"column":13}}]},"24":{"loc":{"start":{"line":236,"column":12},"end":{"line":238,"column":13}},"type":"if","locations":[{"start":{"line":236,"column":12},"end":{"line":238,"column":13}}]},"25":{"loc":{"start":{"line":247,"column":12},"end":{"line":249,"column":13}},"type":"if","locations":[{"start":{"line":247,"column":12},"end":{"line":249,"column":13}}]},"26":{"loc":{"start":{"line":263,"column":12},"end":{"line":265,"column":13}},"type":"if","locations":[{"start":{"line":263,"column":12},"end":{"line":265,"column":13}}]},"27":{"loc":{"start":{"line":263,"column":16},"end":{"line":263,"column":102}},"type":"binary-expr","locations":[{"start":{"line":263,"column":16},"end":{"line":263,"column":56}},{"start":{"line":263,"column":60},"end":{"line":263,"column":102}}]},"28":{"loc":{"start":{"line":267,"column":12},"end":{"line":269,"column":13}},"type":"if","locations":[{"start":{"line":267,"column":12},"end":{"line":269,"column":13}}]},"29":{"loc":{"start":{"line":273,"column":12},"end":{"line":275,"column":13}},"type":"if","locations":[{"start":{"line":273,"column":12},"end":{"line":275,"column":13}}]},"30":{"loc":{"start":{"line":284,"column":12},"end":{"line":286,"column":13}},"type":"if","locations":[{"start":{"line":284,"column":12},"end":{"line":286,"column":13}}]},"31":{"loc":{"start":{"line":300,"column":12},"end":{"line":302,"column":13}},"type":"if","locations":[{"start":{"line":300,"column":12},"end":{"line":302,"column":13}}]},"32":{"loc":{"start":{"line":307,"column":12},"end":{"line":309,"column":13}},"type":"if","locations":[{"start":{"line":307,"column":12},"end":{"line":309,"column":13}}]},"33":{"loc":{"start":{"line":325,"column":12},"end":{"line":327,"column":13}},"type":"if","locations":[{"start":{"line":325,"column":12},"end":{"line":327,"column":13}}]},"34":{"loc":{"start":{"line":325,"column":16},"end":{"line":325,"column":106}},"type":"binary-expr","locations":[{"start":{"line":325,"column":16},"end":{"line":325,"column":56}},{"start":{"line":325,"column":60},"end":{"line":325,"column":106}}]},"35":{"loc":{"start":{"line":329,"column":12},"end":{"line":331,"column":13}},"type":"if","locations":[{"start":{"line":329,"column":12},"end":{"line":331,"column":13}}]},"36":{"loc":{"start":{"line":335,"column":12},"end":{"line":337,"column":13}},"type":"if","locations":[{"start":{"line":335,"column":12},"end":{"line":337,"column":13}}]},"37":{"loc":{"start":{"line":346,"column":12},"end":{"line":348,"column":13}},"type":"if","locations":[{"start":{"line":346,"column":12},"end":{"line":348,"column":13}}]},"38":{"loc":{"start":{"line":363,"column":12},"end":{"line":365,"column":13}},"type":"if","locations":[{"start":{"line":363,"column":12},"end":{"line":365,"column":13}}]},"39":{"loc":{"start":{"line":363,"column":16},"end":{"line":363,"column":106}},"type":"binary-expr","locations":[{"start":{"line":363,"column":16},"end":{"line":363,"column":56}},{"start":{"line":363,"column":60},"end":{"line":363,"column":106}}]},"40":{"loc":{"start":{"line":367,"column":12},"end":{"line":369,"column":13}},"type":"if","locations":[{"start":{"line":367,"column":12},"end":{"line":369,"column":13}}]},"41":{"loc":{"start":{"line":378,"column":12},"end":{"line":380,"column":13}},"type":"if","locations":[{"start":{"line":378,"column":12},"end":{"line":380,"column":13}}]},"42":{"loc":{"start":{"line":394,"column":12},"end":{"line":396,"column":13}},"type":"if","locations":[{"start":{"line":394,"column":12},"end":{"line":396,"column":13}}]},"43":{"loc":{"start":{"line":401,"column":12},"end":{"line":403,"column":13}},"type":"if","locations":[{"start":{"line":401,"column":12},"end":{"line":403,"column":13}}]},"44":{"loc":{"start":{"line":431,"column":12},"end":{"line":433,"column":13}},"type":"if","locations":[{"start":{"line":431,"column":12},"end":{"line":433,"column":13}}]},"45":{"loc":{"start":{"line":440,"column":12},"end":{"line":442,"column":13}},"type":"if","locations":[{"start":{"line":440,"column":12},"end":{"line":442,"column":13}}]},"46":{"loc":{"start":{"line":454,"column":38},"end":{"line":454,"column":55}},"type":"default-arg","locations":[{"start":{"line":454,"column":53},"end":{"line":454,"column":55}}]},"47":{"loc":{"start":{"line":454,"column":57},"end":{"line":454,"column":73}},"type":"default-arg","locations":[{"start":{"line":454,"column":71},"end":{"line":454,"column":73}}]},"48":{"loc":{"start":{"line":454,"column":75},"end":{"line":454,"column":87}},"type":"default-arg","locations":[{"start":{"line":454,"column":85},"end":{"line":454,"column":87}}]},"49":{"loc":{"start":{"line":456,"column":12},"end":{"line":458,"column":13}},"type":"if","locations":[{"start":{"line":456,"column":12},"end":{"line":458,"column":13}}]},"50":{"loc":{"start":{"line":456,"column":16},"end":{"line":456,"column":39}},"type":"binary-expr","locations":[{"start":{"line":456,"column":16},"end":{"line":456,"column":21}},{"start":{"line":456,"column":25},"end":{"line":456,"column":30}},{"start":{"line":456,"column":34},"end":{"line":456,"column":39}}]},"51":{"loc":{"start":{"line":461,"column":12},"end":{"line":463,"column":13}},"type":"if","locations":[{"start":{"line":461,"column":12},"end":{"line":463,"column":13}}]},"52":{"loc":{"start":{"line":481,"column":12},"end":{"line":487,"column":13}},"type":"if","locations":[{"start":{"line":481,"column":12},"end":{"line":487,"column":13}}]},"53":{"loc":{"start":{"line":501,"column":12},"end":{"line":503,"column":13}},"type":"if","locations":[{"start":{"line":501,"column":12},"end":{"line":503,"column":13}}]},"54":{"loc":{"start":{"line":510,"column":12},"end":{"line":512,"column":13}},"type":"if","locations":[{"start":{"line":510,"column":12},"end":{"line":512,"column":13}}]},"55":{"loc":{"start":{"line":525,"column":12},"end":{"line":527,"column":13}},"type":"if","locations":[{"start":{"line":525,"column":12},"end":{"line":527,"column":13}}]},"56":{"loc":{"start":{"line":534,"column":12},"end":{"line":536,"column":13}},"type":"if","locations":[{"start":{"line":534,"column":12},"end":{"line":536,"column":13}}]},"57":{"loc":{"start":{"line":551,"column":12},"end":{"line":553,"column":13}},"type":"if","locations":[{"start":{"line":551,"column":12},"end":{"line":553,"column":13}}]},"58":{"loc":{"start":{"line":555,"column":12},"end":{"line":557,"column":13}},"type":"if","locations":[{"start":{"line":555,"column":12},"end":{"line":557,"column":13}}]},"59":{"loc":{"start":{"line":559,"column":12},"end":{"line":561,"column":13}},"type":"if","locations":[{"start":{"line":559,"column":12},"end":{"line":561,"column":13}}]},"60":{"loc":{"start":{"line":559,"column":16},"end":{"line":559,"column":71}},"type":"binary-expr","locations":[{"start":{"line":559,"column":16},"end":{"line":559,"column":43}},{"start":{"line":559,"column":47},"end":{"line":559,"column":71}}]},"61":{"loc":{"start":{"line":564,"column":12},"end":{"line":566,"column":13}},"type":"if","locations":[{"start":{"line":564,"column":12},"end":{"line":566,"column":13}}]},"62":{"loc":{"start":{"line":569,"column":12},"end":{"line":571,"column":13}},"type":"if","locations":[{"start":{"line":569,"column":12},"end":{"line":571,"column":13}}]},"63":{"loc":{"start":{"line":601,"column":12},"end":{"line":603,"column":13}},"type":"if","locations":[{"start":{"line":601,"column":12},"end":{"line":603,"column":13}}]},"64":{"loc":{"start":{"line":605,"column":12},"end":{"line":607,"column":13}},"type":"if","locations":[{"start":{"line":605,"column":12},"end":{"line":607,"column":13}}]},"65":{"loc":{"start":{"line":609,"column":12},"end":{"line":611,"column":13}},"type":"if","locations":[{"start":{"line":609,"column":12},"end":{"line":611,"column":13}}]},"66":{"loc":{"start":{"line":609,"column":16},"end":{"line":609,"column":71}},"type":"binary-expr","locations":[{"start":{"line":609,"column":16},"end":{"line":609,"column":43}},{"start":{"line":609,"column":47},"end":{"line":609,"column":71}}]},"67":{"loc":{"start":{"line":614,"column":12},"end":{"line":616,"column":13}},"type":"if","locations":[{"start":{"line":614,"column":12},"end":{"line":616,"column":13}}]},"68":{"loc":{"start":{"line":619,"column":12},"end":{"line":621,"column":13}},"type":"if","locations":[{"start":{"line":619,"column":12},"end":{"line":621,"column":13}}]},"69":{"loc":{"start":{"line":652,"column":12},"end":{"line":654,"column":13}},"type":"if","locations":[{"start":{"line":652,"column":12},"end":{"line":654,"column":13}}]},"70":{"loc":{"start":{"line":656,"column":12},"end":{"line":658,"column":13}},"type":"if","locations":[{"start":{"line":656,"column":12},"end":{"line":658,"column":13}}]},"71":{"loc":{"start":{"line":656,"column":16},"end":{"line":656,"column":73}},"type":"binary-expr","locations":[{"start":{"line":656,"column":16},"end":{"line":656,"column":44}},{"start":{"line":656,"column":48},"end":{"line":656,"column":73}}]},"72":{"loc":{"start":{"line":660,"column":12},"end":{"line":662,"column":13}},"type":"if","locations":[{"start":{"line":660,"column":12},"end":{"line":662,"column":13}}]},"73":{"loc":{"start":{"line":665,"column":12},"end":{"line":667,"column":13}},"type":"if","locations":[{"start":{"line":665,"column":12},"end":{"line":667,"column":13}}]},"74":{"loc":{"start":{"line":678,"column":12},"end":{"line":680,"column":13}},"type":"if","locations":[{"start":{"line":678,"column":12},"end":{"line":680,"column":13}}]},"75":{"loc":{"start":{"line":707,"column":12},"end":{"line":709,"column":13}},"type":"if","locations":[{"start":{"line":707,"column":12},"end":{"line":709,"column":13}}]},"76":{"loc":{"start":{"line":711,"column":12},"end":{"line":713,"column":13}},"type":"if","locations":[{"start":{"line":711,"column":12},"end":{"line":713,"column":13}}]},"77":{"loc":{"start":{"line":711,"column":16},"end":{"line":711,"column":73}},"type":"binary-expr","locations":[{"start":{"line":711,"column":16},"end":{"line":711,"column":44}},{"start":{"line":711,"column":48},"end":{"line":711,"column":73}}]},"78":{"loc":{"start":{"line":715,"column":12},"end":{"line":717,"column":13}},"type":"if","locations":[{"start":{"line":715,"column":12},"end":{"line":717,"column":13}}]},"79":{"loc":{"start":{"line":720,"column":12},"end":{"line":722,"column":13}},"type":"if","locations":[{"start":{"line":720,"column":12},"end":{"line":722,"column":13}}]},"80":{"loc":{"start":{"line":759,"column":12},"end":{"line":761,"column":13}},"type":"if","locations":[{"start":{"line":759,"column":12},"end":{"line":761,"column":13}}]},"81":{"loc":{"start":{"line":764,"column":12},"end":{"line":766,"column":13}},"type":"if","locations":[{"start":{"line":764,"column":12},"end":{"line":766,"column":13}}]},"82":{"loc":{"start":{"line":768,"column":12},"end":{"line":770,"column":13}},"type":"if","locations":[{"start":{"line":768,"column":12},"end":{"line":770,"column":13}}]},"83":{"loc":{"start":{"line":768,"column":16},"end":{"line":768,"column":72}},"type":"binary-expr","locations":[{"start":{"line":768,"column":16},"end":{"line":768,"column":36}},{"start":{"line":768,"column":40},"end":{"line":768,"column":72}}]},"84":{"loc":{"start":{"line":780,"column":12},"end":{"line":782,"column":13}},"type":"if","locations":[{"start":{"line":780,"column":12},"end":{"line":782,"column":13}}]},"85":{"loc":{"start":{"line":780,"column":16},"end":{"line":780,"column":66}},"type":"binary-expr","locations":[{"start":{"line":780,"column":16},"end":{"line":780,"column":33}},{"start":{"line":780,"column":37},"end":{"line":780,"column":66}}]},"86":{"loc":{"start":{"line":811,"column":12},"end":{"line":813,"column":13}},"type":"if","locations":[{"start":{"line":811,"column":12},"end":{"line":813,"column":13}}]},"87":{"loc":{"start":{"line":816,"column":12},"end":{"line":818,"column":13}},"type":"if","locations":[{"start":{"line":816,"column":12},"end":{"line":818,"column":13}}]}},"s":{"0":13,"1":13,"2":13,"3":13,"4":13,"5":13,"6":0,"7":0,"8":0,"9":0,"10":0,"11":0,"12":0,"13":0,"14":0,"15":0,"16":0,"17":0,"18":0,"19":0,"20":0,"21":0,"22":0,"23":0,"24":0,"25":0,"26":0,"27":0,"28":0,"29":0,"30":0,"31":0,"32":0,"33":0,"34":0,"35":0,"36":0,"37":0,"38":0,"39":0,"40":0,"41":0,"42":0,"43":0,"44":0,"45":0,"46":0,"47":0,"48":0,"49":0,"50":0,"51":0,"52":0,"53":0,"54":0,"55":0,"56":0,"57":0,"58":0,"59":0,"60":0,"61":0,"62":0,"63":0,"64":0,"65":0,"66":0,"67":0,"68":0,"69":0,"70":0,"71":0,"72":0,"73":0,"74":0,"75":0,"76":0,"77":0,"78":0,"79":0,"80":0,"81":0,"82":0,"83":0,"84":0,"85":0,"86":0,"87":0,"88":0,"89":0,"90":0,"91":0,"92":0,"93":0,"94":0,"95":0,"96":0,"97":0,"98":0,"99":0,"100":0,"101":0,"102":0,"103":0,"104":0,"105":0,"106":0,"107":0,"108":0,"109":0,"110":0,"111":0,"112":0,"113":0,"114":0,"115":0,"116":0,"117":0,"118":0,"119":0,"120":0,"121":0,"122":0,"123":0,"124":0,"125":0,"126":0,"127":0,"128":0,"129":0,"130":0,"131":0,"132":0,"133":0,"134":0,"135":0,"136":0,"137":0,"138":0,"139":0,"140":0,"141":0,"142":0,"143":0,"144":0,"145":0,"146":0,"147":0,"148":0,"149":0,"150":0,"151":0,"152":0,"153":0,"154":0,"155":0,"156":0,"157":0,"158":0,"159":0,"160":0,"161":0,"162":0,"163":0,"164":0,"165":0,"166":0,"167":0,"168":0,"169":0,"170":0,"171":0,"172":0,"173":0,"174":0,"175":0,"176":0,"177":0,"178":0,"179":0,"180":0,"181":0,"182":0,"183":0,"184":0,"185":0,"186":0,"187":0,"188":0,"189":0,"190":0,"191":0,"192":0,"193":0,"194":0,"195":0,"196":0,"197":0,"198":0,"199":0,"200":0,"201":0,"202":0,"203":0,"204":0,"205":0,"206":0,"207":0,"208":0,"209":0,"210":0,"211":0,"212":0,"213":0,"214":0,"215":0,"216":0,"217":0,"218":0,"219":0,"220":0,"221":0,"222":0,"223":0,"224":0,"225":0,"226":0,"227":0,"228":0,"229":0,"230":0,"231":0,"232":0,"233":0,"234":0,"235":0,"236":0,"237":0,"238":0,"239":0,"240":0,"241":0,"242":0,"243":0,"244":0,"245":0,"246":0,"247":0,"248":0,"249":0,"250":0,"251":0,"252":0,"253":0,"254":0,"255":0,"256":0,"257":0,"258":0,"259":0,"260":0,"261":0,"262":0,"263":0,"264":0,"265":0,"266":0,"267":0,"268":0,"269":0,"270":0,"271":0,"272":0,"273":0,"274":0,"275":0,"276":0,"277":0,"278":0,"279":0,"280":0,"281":0,"282":0,"283":0,"284":0,"285":0,"286":0,"287":0,"288":0,"289":0,"290":0,"291":0,"292":0,"293":0,"294":0,"295":0,"296":0,"297":0,"298":0,"299":0,"300":0,"301":0,"302":0,"303":0,"304":0,"305":0,"306":0,"307":0,"308":0,"309":0,"310":0,"311":0,"312":0,"313":0,"314":0,"315":0,"316":0,"317":0,"318":0,"319":0,"320":0,"321":0,"322":0,"323":0,"324":0,"325":0,"326":0,"327":0,"328":0,"329":0,"330":0,"331":0,"332":0,"333":0,"334":0,"335":0,"336":0,"337":0,"338":0,"339":0,"340":0,"341":0,"342":0,"343":0,"344":0,"345":0,"346":0,"347":0,"348":0,"349":0,"350":0,"351":0,"352":0,"353":0,"354":0,"355":0,"356":0,"357":0,"358":0,"359":0,"360":0,"361":0,"362":0,"363":0,"364":0,"365":0,"366":0,"367":0,"368":0,"369":0,"370":13},"f":{"0":0,"1":0,"2":0,"3":0,"4":0,"5":0,"6":0,"7":0,"8":0,"9":0,"10":0,"11":0,"12":0,"13":0,"14":0,"15":0,"16":0,"17":0,"18":0,"19":0,"20":0,"21":0,"22":0,"23":0,"24":0,"25":0,"26":0,"27":0,"28":0,"29":0,"30":0,"31":0,"32":0,"33":0,"34":0,"35":0,"36":0,"37":0,"38":0,"39":0,"40":0,"41":0},"b":{"0":[0],"1":[0],"2":[0],"3":[0],"4":[0],"5":[0],"6":[0],"7":[0],"8":[0,0],"9":[0],"10":[0,0],"11":[0],"12":[0,0],"13":[0],"14":[0,0],"15":[0],"16":[0,0],"17":[0],"18":[0],"19":[0],"20":[0],"21":[0],"22":[0,0],"23":[0],"24":[0],"25":[0],"26":[0],"27":[0,0],"28":[0],"29":[0],"30":[0],"31":[0],"32":[0],"33":[0],"34":[0,0],"35":[0],"36":[0],"37":[0],"38":[0],"39":[0,0],"40":[0],"41":[0],"42":[0],"43":[0],"44":[0],"45":[0],"46":[0],"47":[0],"48":[0],"49":[0],"50":[0,0,0],"51":[0],"52":[0],"53":[0],"54":[0],"55":[0],"56":[0],"57":[0],"58":[0],"59":[0],"60":[0,0],"61":[0],"62":[0],"63":[0],"64":[0],"65":[0],"66":[0,0],"67":[0],"68":[0],"69":[0],"70":[0],"71":[0,0],"72":[0],"73":[0],"74":[0],"75":[0],"76":[0],"77":[0,0],"78":[0],"79":[0],"80":[0],"81":[0],"82":[0],"83":[0,0],"84":[0],"85":[0,0],"86":[0],"87":[0]}}
,"/Users/lottej/Desktop/CPEN 321/IntelliDish/models/IngredientModel.ts": {"path":"/Users/lottej/Desktop/CPEN 321/IntelliDish/models/IngredientModel.ts","statementMap":{"0":{"start":{"line":1,"column":0},"end":{"line":1,"column":64}},"1":{"start":{"line":10,"column":25},"end":{"line":23,"column":2}},"2":{"start":{"line":25,"column":0},"end":{"line":34,"column":3}},"3":{"start":{"line":26,"column":25},"end":{"line":26,"column":44}},"4":{"start":{"line":28,"column":4},"end":{"line":31,"column":6}},"5":{"start":{"line":33,"column":4},"end":{"line":33,"column":11}},"6":{"start":{"line":36,"column":24},"end":{"line":36,"column":83}},"7":{"start":{"line":38,"column":0},"end":{"line":38,"column":31}}},"fnMap":{"0":{"name":"(anonymous_16)","decl":{"start":{"line":25,"column":41},"end":{"line":25,"column":57}},"loc":{"start":{"line":25,"column":61},"end":{"line":34,"column":2}}}},"branchMap":{},"s":{"0":13,"1":13,"2":13,"3":0,"4":0,"5":0,"6":13,"7":13},"f":{"0":0},"b":{}}
,"/Users/lottej/Desktop/CPEN 321/IntelliDish/models/PotluckModel.ts": {"path":"/Users/lottej/Desktop/CPEN 321/IntelliDish/models/PotluckModel.ts","statementMap":{"0":{"start":{"line":1,"column":0},"end":{"line":1,"column":64}},"1":{"start":{"line":12,"column":22},"end":{"line":26,"column":null}},"2":{"start":{"line":29,"column":21},"end":{"line":29,"column":71}},"3":{"start":{"line":31,"column":0},"end":{"line":31,"column":28}}},"fnMap":{},"branchMap":{},"s":{"0":13,"1":13,"2":13,"3":13},"f":{},"b":{}}
,"/Users/lottej/Desktop/CPEN 321/IntelliDish/models/RecipeModel.ts": {"path":"/Users/lottej/Desktop/CPEN 321/IntelliDish/models/RecipeModel.ts","statementMap":{"0":{"start":{"line":1,"column":0},"end":{"line":1,"column":64}},"1":{"start":{"line":17,"column":21},"end":{"line":44,"column":2}},"2":{"start":{"line":46,"column":0},"end":{"line":55,"column":3}},"3":{"start":{"line":47,"column":21},"end":{"line":47,"column":40}},"4":{"start":{"line":49,"column":4},"end":{"line":52,"column":6}},"5":{"start":{"line":54,"column":4},"end":{"line":54,"column":11}},"6":{"start":{"line":58,"column":20},"end":{"line":58,"column":67}},"7":{"start":{"line":60,"column":0},"end":{"line":60,"column":27}}},"fnMap":{"0":{"name":"(anonymous_16)","decl":{"start":{"line":46,"column":37},"end":{"line":46,"column":53}},"loc":{"start":{"line":46,"column":57},"end":{"line":55,"column":2}}}},"branchMap":{},"s":{"0":13,"1":13,"2":13,"3":0,"4":0,"5":0,"6":13,"7":13},"f":{"0":0},"b":{}}
,"/Users/lottej/Desktop/CPEN 321/IntelliDish/models/UserModel.ts": {"path":"/Users/lottej/Desktop/CPEN 321/IntelliDish/models/UserModel.ts","statementMap":{"0":{"start":{"line":1,"column":0},"end":{"line":1,"column":64}},"1":{"start":{"line":12,"column":19},"end":{"line":19,"column":2}},"2":{"start":{"line":22,"column":0},"end":{"line":32,"column":3}},"3":{"start":{"line":23,"column":24},"end":{"line":23,"column":65}},"4":{"start":{"line":25,"column":4},"end":{"line":30,"column":5}},"5":{"start":{"line":26,"column":6},"end":{"line":29,"column":8}},"6":{"start":{"line":31,"column":4},"end":{"line":31,"column":11}},"7":{"start":{"line":34,"column":18},"end":{"line":34,"column":59}},"8":{"start":{"line":36,"column":0},"end":{"line":36,"column":25}}},"fnMap":{"0":{"name":"(anonymous_16)","decl":{"start":{"line":22,"column":35},"end":{"line":22,"column":51}},"loc":{"start":{"line":22,"column":55},"end":{"line":32,"column":2}}}},"branchMap":{"0":{"loc":{"start":{"line":25,"column":4},"end":{"line":30,"column":5}},"type":"if","locations":[{"start":{"line":25,"column":4},"end":{"line":30,"column":5}}]}},"s":{"0":13,"1":13,"2":13,"3":0,"4":0,"5":0,"6":0,"7":13,"8":13},"f":{"0":0},"b":{"0":[0]}}
,"/Users/lottej/Desktop/CPEN 321/IntelliDish/routes/IngredientsRoutes.ts": {"path":"/Users/lottej/Desktop/CPEN 321/IntelliDish/routes/IngredientsRoutes.ts","statementMap":{"0":{"start":{"line":1,"column":0},"end":{"line":1,"column":77}},"1":{"start":{"line":2,"column":0},"end":{"line":2,"column":55}},"2":{"start":{"line":4,"column":19},"end":{"line":4,"column":46}},"3":{"start":{"line":6,"column":24},"end":{"line":6,"column":113}},"4":{"start":{"line":8,"column":13},"end":{"line":75,"column":2}}},"fnMap":{},"branchMap":{},"s":{"0":13,"1":13,"2":13,"3":13,"4":13},"f":{},"b":{}}
,"/Users/lottej/Desktop/CPEN 321/IntelliDish/routes/RecipesRoutes.ts": {"path":"/Users/lottej/Desktop/CPEN 321/IntelliDish/routes/RecipesRoutes.ts","statementMap":{"0":{"start":{"line":1,"column":0},"end":{"line":1,"column":69}},"1":{"start":{"line":2,"column":0},"end":{"line":2,"column":55}},"2":{"start":{"line":5,"column":19},"end":{"line":5,"column":42}},"3":{"start":{"line":8,"column":13},"end":{"line":87,"column":2}}},"fnMap":{},"branchMap":{},"s":{"0":13,"1":13,"2":13,"3":13},"f":{},"b":{}}
,"/Users/lottej/Desktop/CPEN 321/IntelliDish/routes/UsersRoutes.ts": {"path":"/Users/lottej/Desktop/CPEN 321/IntelliDish/routes/UsersRoutes.ts","statementMap":{"0":{"start":{"line":1,"column":0},"end":{"line":1,"column":65}},"1":{"start":{"line":2,"column":0},"end":{"line":2,"column":48}},"2":{"start":{"line":4,"column":19},"end":{"line":4,"column":40}},"3":{"start":{"line":6,"column":13},"end":{"line":224,"column":2}}},"fnMap":{},"branchMap":{},"s":{"0":13,"1":13,"2":13,"3":13},"f":{},"b":{}}
}
