{"/Users/lottej/Desktop/CPEN 321/IntelliDish/aiHelper.ts": {"path":"/Users/lottej/Desktop/CPEN 321/IntelliDish/aiHelper.ts","statementMap":{"0":{"start":{"line":18,"column":0},"end":{"line":18,"column":22}},"1":{"start":{"line":72,"column":0},"end":{"line":72,"column":22}},"2":{"start":{"line":1,"column":0},"end":{"line":1,"column":28}},"3":{"start":{"line":3,"column":0},"end":{"line":3,"column":20}},"4":{"start":{"line":4,"column":0},"end":{"line":4,"column":24}},"5":{"start":{"line":6,"column":0},"end":{"line":6,"column":28}},"6":{"start":{"line":8,"column":0},"end":{"line":8,"column":16}},"7":{"start":{"line":10,"column":15},"end":{"line":12,"column":4}},"8":{"start":{"line":19,"column":4},"end":{"line":69,"column":5}},"9":{"start":{"line":20,"column":25},"end":{"line":56,"column":10}},"10":{"start":{"line":59,"column":21},"end":{"line":59,"column":56}},"11":{"start":{"line":61,"column":8},"end":{"line":64,"column":9}},"12":{"start":{"line":62,"column":8},"end":{"line":62,"column":31}},"13":{"start":{"line":63,"column":8},"end":{"line":63,"column":25}},"14":{"start":{"line":66,"column":8},"end":{"line":66,"column":19}},"15":{"start":{"line":68,"column":8},"end":{"line":68,"column":39}},"16":{"start":{"line":73,"column":4},"end":{"line":129,"column":5}},"17":{"start":{"line":75,"column":26},"end":{"line":75,"column":61}},"18":{"start":{"line":76,"column":28},"end":{"line":76,"column":73}},"19":{"start":{"line":79,"column":25},"end":{"line":116,"column":10}},"20":{"start":{"line":119,"column":21},"end":{"line":119,"column":56}},"21":{"start":{"line":121,"column":8},"end":{"line":124,"column":9}},"22":{"start":{"line":122,"column":12},"end":{"line":122,"column":35}},"23":{"start":{"line":126,"column":8},"end":{"line":126,"column":19}},"24":{"start":{"line":128,"column":8},"end":{"line":128,"column":39}}},"fnMap":{"0":{"name":"recipesGeneration","decl":{"start":{"line":18,"column":22},"end":{"line":18,"column":39}},"loc":{"start":{"line":18,"column":63},"end":{"line":70,"column":2}}},"1":{"name":"ingredientsRecognition","decl":{"start":{"line":72,"column":22},"end":{"line":72,"column":44}},"loc":{"start":{"line":72,"column":63},"end":{"line":130,"column":2}}}},"branchMap":{"0":{"loc":{"start":{"line":61,"column":8},"end":{"line":64,"column":9}},"type":"if","locations":[{"start":{"line":61,"column":8},"end":{"line":64,"column":9}}]},"1":{"loc":{"start":{"line":121,"column":8},"end":{"line":124,"column":9}},"type":"if","locations":[{"start":{"line":121,"column":8},"end":{"line":124,"column":9}}]}},"s":{"0":1,"1":1,"2":1,"3":1,"4":1,"5":1,"6":1,"7":1,"8":0,"9":0,"10":0,"11":0,"12":0,"13":0,"14":0,"15":0,"16":0,"17":0,"18":0,"19":0,"20":0,"21":0,"22":0,"23":0,"24":0},"f":{"0":0,"1":0},"b":{"0":[0],"1":[0]}}
,"/Users/lottej/Desktop/CPEN 321/IntelliDish/controllers/IngredientsController.ts": {"path":"/Users/lottej/Desktop/CPEN 321/IntelliDish/controllers/IngredientsController.ts","statementMap":{"0":{"start":{"line":10,"column":0},"end":{"line":10,"column":22}},"1":{"start":{"line":36,"column":0},"end":{"line":36,"column":22}},"2":{"start":{"line":68,"column":0},"end":{"line":68,"column":16}},"3":{"start":{"line":75,"column":0},"end":{"line":75,"column":22}},"4":{"start":{"line":2,"column":0},"end":{"line":2,"column":46}},"5":{"start":{"line":4,"column":0},"end":{"line":4,"column":71}},"6":{"start":{"line":5,"column":0},"end":{"line":5,"column":53}},"7":{"start":{"line":16,"column":4},"end":{"line":33,"column":5}},"8":{"start":{"line":17,"column":8},"end":{"line":19,"column":9}},"9":{"start":{"line":18,"column":12},"end":{"line":18,"column":60}},"10":{"start":{"line":21,"column":30},"end":{"line":26,"column":10}},"11":{"start":{"line":28,"column":8},"end":{"line":28,"column":35}},"12":{"start":{"line":29,"column":8},"end":{"line":29,"column":29}},"13":{"start":{"line":31,"column":8},"end":{"line":31,"column":57}},"14":{"start":{"line":32,"column":8},"end":{"line":32,"column":53}},"15":{"start":{"line":37,"column":34},"end":{"line":37,"column":61}},"16":{"start":{"line":38,"column":4},"end":{"line":38,"column":52}},"17":{"start":{"line":40,"column":23},"end":{"line":43,"column":6}},"18":{"start":{"line":45,"column":31},"end":{"line":45,"column":67}},"19":{"start":{"line":47,"column":4},"end":{"line":53,"column":5}},"20":{"start":{"line":48,"column":8},"end":{"line":48,"column":103}},"21":{"start":{"line":49,"column":8},"end":{"line":49,"column":47}},"22":{"start":{"line":51,"column":8},"end":{"line":51,"column":98}},"23":{"start":{"line":52,"column":8},"end":{"line":52,"column":78}},"24":{"start":{"line":59,"column":13},"end":{"line":66,"column":2}},"25":{"start":{"line":69,"column":4},"end":{"line":71,"column":5}},"26":{"start":{"line":70,"column":8},"end":{"line":70,"column":60}},"27":{"start":{"line":72,"column":4},"end":{"line":72,"column":16}},"28":{"start":{"line":79,"column":4},"end":{"line":133,"column":5}},"29":{"start":{"line":80,"column":8},"end":{"line":80,"column":65}},"30":{"start":{"line":81,"column":8},"end":{"line":81,"column":65}},"31":{"start":{"line":83,"column":8},"end":{"line":83,"column":104}},"32":{"start":{"line":84,"column":8},"end":{"line":84,"column":104}},"33":{"start":{"line":87,"column":8},"end":{"line":89,"column":9}},"34":{"start":{"line":88,"column":12},"end":{"line":88,"column":38}},"35":{"start":{"line":91,"column":8},"end":{"line":95,"column":9}},"36":{"start":{"line":92,"column":34},"end":{"line":92,"column":73}},"37":{"start":{"line":93,"column":12},"end":{"line":93,"column":39}},"38":{"start":{"line":94,"column":12},"end":{"line":94,"column":60}},"39":{"start":{"line":97,"column":8},"end":{"line":104,"column":9}},"40":{"start":{"line":98,"column":12},"end":{"line":98,"column":71}},"41":{"start":{"line":99,"column":12},"end":{"line":102,"column":14}},"42":{"start":{"line":103,"column":12},"end":{"line":103,"column":38}},"43":{"start":{"line":106,"column":34},"end":{"line":106,"column":124}},"44":{"start":{"line":107,"column":8},"end":{"line":114,"column":9}},"45":{"start":{"line":108,"column":12},"end":{"line":108,"column":61}},"46":{"start":{"line":109,"column":12},"end":{"line":112,"column":14}},"47":{"start":{"line":113,"column":12},"end":{"line":113,"column":38}},"48":{"start":{"line":118,"column":8},"end":{"line":129,"column":9}},"49":{"start":{"line":120,"column":35},"end":{"line":120,"column":79}},"50":{"start":{"line":122,"column":34},"end":{"line":122,"column":72}},"51":{"start":{"line":123,"column":12},"end":{"line":123,"column":39}},"52":{"start":{"line":125,"column":12},"end":{"line":125,"column":55}},"53":{"start":{"line":127,"column":12},"end":{"line":127,"column":65}},"54":{"start":{"line":128,"column":12},"end":{"line":128,"column":62}},"55":{"start":{"line":131,"column":8},"end":{"line":131,"column":68}},"56":{"start":{"line":132,"column":8},"end":{"line":132,"column":65}},"57":{"start":{"line":138,"column":8},"end":{"line":144,"column":9}},"58":{"start":{"line":139,"column":36},"end":{"line":139,"column":64}},"59":{"start":{"line":140,"column":12},"end":{"line":140,"column":50}},"60":{"start":{"line":142,"column":12},"end":{"line":142,"column":68}},"61":{"start":{"line":143,"column":12},"end":{"line":143,"column":76}},"62":{"start":{"line":149,"column":8},"end":{"line":166,"column":9}},"63":{"start":{"line":150,"column":23},"end":{"line":150,"column":36}},"64":{"start":{"line":152,"column":12},"end":{"line":154,"column":13}},"65":{"start":{"line":153,"column":16},"end":{"line":153,"column":88}},"66":{"start":{"line":156,"column":31},"end":{"line":156,"column":65}},"67":{"start":{"line":158,"column":12},"end":{"line":160,"column":13}},"68":{"start":{"line":159,"column":16},"end":{"line":159,"column":96}},"69":{"start":{"line":162,"column":12},"end":{"line":162,"column":45}},"70":{"start":{"line":164,"column":12},"end":{"line":164,"column":69}},"71":{"start":{"line":165,"column":12},"end":{"line":165,"column":75}},"72":{"start":{"line":170,"column":8},"end":{"line":189,"column":9}},"73":{"start":{"line":171,"column":25},"end":{"line":171,"column":49}},"74":{"start":{"line":173,"column":12},"end":{"line":175,"column":13}},"75":{"start":{"line":174,"column":16},"end":{"line":174,"column":87}},"76":{"start":{"line":177,"column":31},"end":{"line":179,"column":14}},"77":{"start":{"line":181,"column":12},"end":{"line":183,"column":13}},"78":{"start":{"line":182,"column":16},"end":{"line":182,"column":90}},"79":{"start":{"line":185,"column":12},"end":{"line":185,"column":45}},"80":{"start":{"line":187,"column":12},"end":{"line":187,"column":71}},"81":{"start":{"line":188,"column":12},"end":{"line":188,"column":75}},"82":{"start":{"line":193,"column":8},"end":{"line":200,"column":9}},"83":{"start":{"line":194,"column":31},"end":{"line":194,"column":39}},"84":{"start":{"line":195,"column":34},"end":{"line":195,"column":68}},"85":{"start":{"line":196,"column":12},"end":{"line":196,"column":48}},"86":{"start":{"line":198,"column":33},"end":{"line":198,"column":101}},"87":{"start":{"line":199,"column":12},"end":{"line":199,"column":58}},"88":{"start":{"line":204,"column":8},"end":{"line":221,"column":9}},"89":{"start":{"line":205,"column":24},"end":{"line":205,"column":70}},"90":{"start":{"line":207,"column":12},"end":{"line":209,"column":13}},"91":{"start":{"line":208,"column":16},"end":{"line":208,"column":69}},"92":{"start":{"line":210,"column":32},"end":{"line":210,"column":47}},"93":{"start":{"line":211,"column":12},"end":{"line":211,"column":37}},"94":{"start":{"line":213,"column":12},"end":{"line":215,"column":13}},"95":{"start":{"line":214,"column":16},"end":{"line":214,"column":51}},"96":{"start":{"line":217,"column":12},"end":{"line":217,"column":85}},"97":{"start":{"line":219,"column":12},"end":{"line":219,"column":68}},"98":{"start":{"line":220,"column":12},"end":{"line":220,"column":58}},"99":{"start":{"line":225,"column":8},"end":{"line":247,"column":9}},"100":{"start":{"line":226,"column":33},"end":{"line":226,"column":47}},"101":{"start":{"line":227,"column":31},"end":{"line":227,"column":39}},"102":{"start":{"line":229,"column":12},"end":{"line":231,"column":13}},"103":{"start":{"line":230,"column":16},"end":{"line":230,"column":88}},"104":{"start":{"line":233,"column":38},"end":{"line":236,"column":null}},"105":{"start":{"line":239,"column":12},"end":{"line":241,"column":13}},"106":{"start":{"line":240,"column":16},"end":{"line":240,"column":103}},"107":{"start":{"line":243,"column":12},"end":{"line":243,"column":113}},"108":{"start":{"line":245,"column":12},"end":{"line":245,"column":63}},"109":{"start":{"line":246,"column":12},"end":{"line":246,"column":76}},"110":{"start":{"line":251,"column":8},"end":{"line":270,"column":9}},"111":{"start":{"line":252,"column":33},"end":{"line":252,"column":46}},"112":{"start":{"line":254,"column":12},"end":{"line":256,"column":13}},"113":{"start":{"line":255,"column":16},"end":{"line":255,"column":88}},"114":{"start":{"line":258,"column":12},"end":{"line":258,"column":74}},"115":{"start":{"line":260,"column":38},"end":{"line":260,"column":91}},"116":{"start":{"line":262,"column":12},"end":{"line":264,"column":13}},"117":{"start":{"line":263,"column":16},"end":{"line":263,"column":103}},"118":{"start":{"line":266,"column":12},"end":{"line":266,"column":113}},"119":{"start":{"line":268,"column":12},"end":{"line":268,"column":63}},"120":{"start":{"line":269,"column":12},"end":{"line":269,"column":76}},"121":{"start":{"line":136,"column":0},"end":{"line":136,"column":13}}},"fnMap":{"0":{"name":"addIngredient","decl":{"start":{"line":10,"column":22},"end":{"line":10,"column":35}},"loc":{"start":{"line":15,"column":1},"end":{"line":34,"column":null}}},"1":{"name":"parseIngredients","decl":{"start":{"line":36,"column":22},"end":{"line":36,"column":38}},"loc":{"start":{"line":36,"column":119},"end":{"line":54,"column":null}}},"2":{"name":"convertUnit","decl":{"start":{"line":68,"column":16},"end":{"line":68,"column":27}},"loc":{"start":{"line":68,"column":78},"end":{"line":73,"column":1}}},"3":{"name":"updateIngredientQuantity","decl":{"start":{"line":75,"column":22},"end":{"line":75,"column":46}},"loc":{"start":{"line":77,"column":92},"end":{"line":134,"column":2}}},"4":{"name":"(anonymous_15)","decl":{"start":{"line":137,"column":10},"end":{"line":137,"column":27}},"loc":{"start":{"line":137,"column":75},"end":{"line":145,"column":null}}},"5":{"name":"(anonymous_17)","decl":{"start":{"line":147,"column":10},"end":{"line":147,"column":27}},"loc":{"start":{"line":147,"column":84},"end":{"line":167,"column":6}}},"6":{"name":"(anonymous_19)","decl":{"start":{"line":169,"column":10},"end":{"line":169,"column":29}},"loc":{"start":{"line":169,"column":85},"end":{"line":190,"column":6}}},"7":{"name":"(anonymous_21)","decl":{"start":{"line":192,"column":10},"end":{"line":192,"column":27}},"loc":{"start":{"line":192,"column":84},"end":{"line":201,"column":null}}},"8":{"name":"(anonymous_23)","decl":{"start":{"line":203,"column":10},"end":{"line":203,"column":31}},"loc":{"start":{"line":203,"column":88},"end":{"line":222,"column":null}}},"9":{"name":"(anonymous_25)","decl":{"start":{"line":224,"column":10},"end":{"line":224,"column":27}},"loc":{"start":{"line":224,"column":83},"end":{"line":248,"column":null}}},"10":{"name":"(anonymous_27)","decl":{"start":{"line":250,"column":10},"end":{"line":250,"column":30}},"loc":{"start":{"line":250,"column":86},"end":{"line":271,"column":null}}}},"branchMap":{"0":{"loc":{"start":{"line":17,"column":8},"end":{"line":19,"column":9}},"type":"if","locations":[{"start":{"line":17,"column":8},"end":{"line":19,"column":9}}]},"1":{"loc":{"start":{"line":23,"column":22},"end":{"line":23,"column":58}},"type":"binary-expr","locations":[{"start":{"line":23,"column":22},"end":{"line":23,"column":45}},{"start":{"line":23,"column":49},"end":{"line":23,"column":58}}]},"2":{"loc":{"start":{"line":24,"column":22},"end":{"line":24,"column":79}},"type":"cond-expr","locations":[{"start":{"line":24,"column":45},"end":{"line":24,"column":49}},{"start":{"line":24,"column":50},"end":{"line":24,"column":78}}]},"3":{"loc":{"start":{"line":24,"column":22},"end":{"line":24,"column":49}},"type":"binary-expr","locations":[{"start":{"line":24,"column":22},"end":{"line":24,"column":49}},{"start":{"line":24,"column":45},"end":{"line":24,"column":49}}]},"4":{"loc":{"start":{"line":24,"column":50},"end":{"line":24,"column":78}},"type":"cond-expr","locations":[{"start":{"line":24,"column":72},"end":{"line":24,"column":73}},{"start":{"line":24,"column":76},"end":{"line":24,"column":78}}]},"5":{"loc":{"start":{"line":25,"column":18},"end":{"line":25,"column":92}},"type":"cond-expr","locations":[{"start":{"line":25,"column":40},"end":{"line":25,"column":80}},{"start":{"line":25,"column":83},"end":{"line":25,"column":92}}]},"6":{"loc":{"start":{"line":42,"column":14},"end":{"line":42,"column":37}},"type":"cond-expr","locations":[{"start":{"line":42,"column":29},"end":{"line":42,"column":33}},{"start":{"line":42,"column":33},"end":{"line":42,"column":37}}]},"7":{"loc":{"start":{"line":42,"column":14},"end":{"line":42,"column":33}},"type":"binary-expr","locations":[{"start":{"line":42,"column":14},"end":{"line":42,"column":33}},{"start":{"line":42,"column":29},"end":{"line":42,"column":33}}]},"8":{"loc":{"start":{"line":47,"column":4},"end":{"line":53,"column":5}},"type":"if","locations":[{"start":{"line":47,"column":4},"end":{"line":53,"column":5}},{"start":{"line":50,"column":11},"end":{"line":53,"column":5}}]},"9":{"loc":{"start":{"line":69,"column":4},"end":{"line":71,"column":5}},"type":"if","locations":[{"start":{"line":69,"column":4},"end":{"line":71,"column":5}}]},"10":{"loc":{"start":{"line":69,"column":8},"end":{"line":69,"column":70}},"type":"binary-expr","locations":[{"start":{"line":69,"column":8},"end":{"line":69,"column":33}},{"start":{"line":69,"column":37},"end":{"line":69,"column":70}}]},"11":{"loc":{"start":{"line":83,"column":38},"end":{"line":83,"column":103}},"type":"cond-expr","locations":[{"start":{"line":83,"column":65},"end":{"line":83,"column":69}},{"start":{"line":83,"column":70},"end":{"line":83,"column":102}}]},"12":{"loc":{"start":{"line":83,"column":38},"end":{"line":83,"column":69}},"type":"binary-expr","locations":[{"start":{"line":83,"column":38},"end":{"line":83,"column":69}},{"start":{"line":83,"column":65},"end":{"line":83,"column":69}}]},"13":{"loc":{"start":{"line":83,"column":70},"end":{"line":83,"column":102}},"type":"cond-expr","locations":[{"start":{"line":83,"column":96},"end":{"line":83,"column":97}},{"start":{"line":83,"column":100},"end":{"line":83,"column":102}}]},"14":{"loc":{"start":{"line":84,"column":38},"end":{"line":84,"column":103}},"type":"cond-expr","locations":[{"start":{"line":84,"column":65},"end":{"line":84,"column":69}},{"start":{"line":84,"column":70},"end":{"line":84,"column":102}}]},"15":{"loc":{"start":{"line":84,"column":38},"end":{"line":84,"column":69}},"type":"binary-expr","locations":[{"start":{"line":84,"column":38},"end":{"line":84,"column":69}},{"start":{"line":84,"column":65},"end":{"line":84,"column":69}}]},"16":{"loc":{"start":{"line":84,"column":70},"end":{"line":84,"column":102}},"type":"cond-expr","locations":[{"start":{"line":84,"column":96},"end":{"line":84,"column":97}},{"start":{"line":84,"column":100},"end":{"line":84,"column":102}}]},"17":{"loc":{"start":{"line":87,"column":8},"end":{"line":89,"column":9}},"type":"if","locations":[{"start":{"line":87,"column":8},"end":{"line":89,"column":9}}]},"18":{"loc":{"start":{"line":87,"column":12},"end":{"line":87,"column":64}},"type":"binary-expr","locations":[{"start":{"line":87,"column":12},"end":{"line":87,"column":36}},{"start":{"line":87,"column":40},"end":{"line":87,"column":64}}]},"19":{"loc":{"start":{"line":91,"column":8},"end":{"line":95,"column":9}},"type":"if","locations":[{"start":{"line":91,"column":8},"end":{"line":95,"column":9}}]},"20":{"loc":{"start":{"line":91,"column":12},"end":{"line":91,"column":64}},"type":"binary-expr","locations":[{"start":{"line":91,"column":12},"end":{"line":91,"column":36}},{"start":{"line":91,"column":40},"end":{"line":91,"column":64}}]},"21":{"loc":{"start":{"line":97,"column":8},"end":{"line":104,"column":9}},"type":"if","locations":[{"start":{"line":97,"column":8},"end":{"line":104,"column":9}}]},"22":{"loc":{"start":{"line":107,"column":8},"end":{"line":114,"column":9}},"type":"if","locations":[{"start":{"line":107,"column":8},"end":{"line":114,"column":9}}]},"23":{"loc":{"start":{"line":152,"column":12},"end":{"line":154,"column":13}},"type":"if","locations":[{"start":{"line":152,"column":12},"end":{"line":154,"column":13}}]},"24":{"loc":{"start":{"line":158,"column":12},"end":{"line":160,"column":13}},"type":"if","locations":[{"start":{"line":158,"column":12},"end":{"line":160,"column":13}}]},"25":{"loc":{"start":{"line":173,"column":12},"end":{"line":175,"column":13}},"type":"if","locations":[{"start":{"line":173,"column":12},"end":{"line":175,"column":13}}]},"26":{"loc":{"start":{"line":181,"column":12},"end":{"line":183,"column":13}},"type":"if","locations":[{"start":{"line":181,"column":12},"end":{"line":183,"column":13}}]},"27":{"loc":{"start":{"line":198,"column":33},"end":{"line":198,"column":101}},"type":"cond-expr","locations":[{"start":{"line":198,"column":58},"end":{"line":198,"column":71}},{"start":{"line":198,"column":74},"end":{"line":198,"column":101}}]},"28":{"loc":{"start":{"line":207,"column":12},"end":{"line":209,"column":13}},"type":"if","locations":[{"start":{"line":207,"column":12},"end":{"line":209,"column":13}}]},"29":{"loc":{"start":{"line":207,"column":16},"end":{"line":207,"column":40}},"type":"binary-expr","locations":[{"start":{"line":207,"column":16},"end":{"line":207,"column":20}},{"start":{"line":207,"column":24},"end":{"line":207,"column":40}}]},"30":{"loc":{"start":{"line":229,"column":12},"end":{"line":231,"column":13}},"type":"if","locations":[{"start":{"line":229,"column":12},"end":{"line":231,"column":13}}]},"31":{"loc":{"start":{"line":239,"column":12},"end":{"line":241,"column":13}},"type":"if","locations":[{"start":{"line":239,"column":12},"end":{"line":241,"column":13}}]},"32":{"loc":{"start":{"line":254,"column":12},"end":{"line":256,"column":13}},"type":"if","locations":[{"start":{"line":254,"column":12},"end":{"line":256,"column":13}}]},"33":{"loc":{"start":{"line":262,"column":12},"end":{"line":264,"column":13}},"type":"if","locations":[{"start":{"line":262,"column":12},"end":{"line":264,"column":13}}]}},"s":{"0":1,"1":1,"2":1,"3":1,"4":1,"5":1,"6":1,"7":0,"8":0,"9":0,"10":0,"11":0,"12":0,"13":0,"14":0,"15":0,"16":0,"17":0,"18":0,"19":0,"20":0,"21":0,"22":0,"23":0,"24":1,"25":0,"26":0,"27":0,"28":0,"29":0,"30":0,"31":0,"32":0,"33":0,"34":0,"35":0,"36":0,"37":0,"38":0,"39":0,"40":0,"41":0,"42":0,"43":0,"44":0,"45":0,"46":0,"47":0,"48":0,"49":0,"50":0,"51":0,"52":0,"53":0,"54":0,"55":0,"56":0,"57":0,"58":0,"59":0,"60":0,"61":0,"62":0,"63":0,"64":0,"65":0,"66":0,"67":0,"68":0,"69":0,"70":0,"71":0,"72":0,"73":0,"74":0,"75":0,"76":0,"77":0,"78":0,"79":0,"80":0,"81":0,"82":0,"83":0,"84":0,"85":0,"86":0,"87":0,"88":0,"89":0,"90":0,"91":0,"92":0,"93":0,"94":0,"95":0,"96":0,"97":0,"98":0,"99":0,"100":0,"101":0,"102":0,"103":0,"104":0,"105":0,"106":0,"107":0,"108":0,"109":0,"110":0,"111":0,"112":0,"113":0,"114":0,"115":0,"116":0,"117":0,"118":0,"119":0,"120":0,"121":1},"f":{"0":0,"1":0,"2":0,"3":0,"4":0,"5":0,"6":0,"7":0,"8":0,"9":0,"10":0},"b":{"0":[0],"1":[0,0],"2":[0,0],"3":[0,0],"4":[0,0],"5":[0,0],"6":[0,0],"7":[0,0],"8":[0,0],"9":[0],"10":[0,0],"11":[0,0],"12":[0,0],"13":[0,0],"14":[0,0],"15":[0,0],"16":[0,0],"17":[0],"18":[0,0],"19":[0],"20":[0,0],"21":[0],"22":[0],"23":[0],"24":[0],"25":[0],"26":[0],"27":[0,0],"28":[0],"29":[0,0],"30":[0],"31":[0],"32":[0],"33":[0]}}
,"/Users/lottej/Desktop/CPEN 321/IntelliDish/models/IngredientModel.ts": {"path":"/Users/lottej/Desktop/CPEN 321/IntelliDish/models/IngredientModel.ts","statementMap":{"0":{"start":{"line":1,"column":0},"end":{"line":1,"column":64}},"1":{"start":{"line":10,"column":25},"end":{"line":23,"column":2}},"2":{"start":{"line":25,"column":0},"end":{"line":34,"column":3}},"3":{"start":{"line":26,"column":25},"end":{"line":26,"column":44}},"4":{"start":{"line":28,"column":4},"end":{"line":31,"column":6}},"5":{"start":{"line":33,"column":4},"end":{"line":33,"column":11}},"6":{"start":{"line":36,"column":24},"end":{"line":36,"column":83}},"7":{"start":{"line":38,"column":0},"end":{"line":38,"column":31}}},"fnMap":{"0":{"name":"(anonymous_16)","decl":{"start":{"line":25,"column":41},"end":{"line":25,"column":57}},"loc":{"start":{"line":25,"column":61},"end":{"line":34,"column":2}}}},"branchMap":{},"s":{"0":1,"1":1,"2":1,"3":0,"4":0,"5":0,"6":1,"7":1},"f":{"0":0},"b":{}}
}
