TN:
SF:aiHelper.ts
FN:18,recipesGeneration
FN:72,ingredientsRecognition
FNF:2
FNH:0
FNDA:0,recipesGeneration
FNDA:0,ingredientsRecognition
DA:1,1
DA:3,1
DA:4,1
DA:6,1
DA:8,1
DA:10,1
DA:18,1
DA:19,0
DA:20,0
DA:59,0
DA:61,0
DA:62,0
DA:63,0
DA:66,0
DA:68,0
DA:72,1
DA:73,0
DA:75,0
DA:76,0
DA:79,0
DA:119,0
DA:121,0
DA:122,0
DA:126,0
DA:128,0
LF:25
LH:8
BRDA:61,0,0,0
BRDA:121,1,0,0
BRF:2
BRH:0
end_of_record
TN:
SF:controllers/IngredientsController.ts
FN:10,addIngredient
FN:36,parseIngredients
FN:68,convertUnit
FN:75,updateIngredientQuantity
FN:137,(anonymous_15)
FN:147,(anonymous_17)
FN:169,(anonymous_19)
FN:192,(anonymous_21)
FN:203,(anonymous_23)
FN:224,(anonymous_25)
FN:250,(anonymous_27)
FNF:11
FNH:0
FNDA:0,addIngredient
FNDA:0,parseIngredients
FNDA:0,convertUnit
FNDA:0,updateIngredientQuantity
FNDA:0,(anonymous_15)
FNDA:0,(anonymous_17)
FNDA:0,(anonymous_19)
FNDA:0,(anonymous_21)
FNDA:0,(anonymous_23)
FNDA:0,(anonymous_25)
FNDA:0,(anonymous_27)
DA:2,1
DA:4,1
DA:5,1
DA:10,1
DA:16,0
DA:17,0
DA:18,0
DA:21,0
DA:28,0
DA:29,0
DA:31,0
DA:32,0
DA:36,1
DA:37,0
DA:38,0
DA:40,0
DA:45,0
DA:47,0
DA:48,0
DA:49,0
DA:51,0
DA:52,0
DA:59,1
DA:68,1
DA:69,0
DA:70,0
DA:72,0
DA:75,1
DA:79,0
DA:80,0
DA:81,0
DA:83,0
DA:84,0
DA:87,0
DA:88,0
DA:91,0
DA:92,0
DA:93,0
DA:94,0
DA:97,0
DA:98,0
DA:99,0
DA:103,0
DA:106,0
DA:107,0
DA:108,0
DA:109,0
DA:113,0
DA:118,0
DA:120,0
DA:122,0
DA:123,0
DA:125,0
DA:127,0
DA:128,0
DA:131,0
DA:132,0
DA:136,1
DA:138,0
DA:139,0
DA:140,0
DA:142,0
DA:143,0
DA:149,0
DA:150,0
DA:152,0
DA:153,0
DA:156,0
DA:158,0
DA:159,0
DA:162,0
DA:164,0
DA:165,0
DA:170,0
DA:171,0
DA:173,0
DA:174,0
DA:177,0
DA:181,0
DA:182,0
DA:185,0
DA:187,0
DA:188,0
DA:193,0
DA:194,0
DA:195,0
DA:196,0
DA:198,0
DA:199,0
DA:204,0
DA:205,0
DA:207,0
DA:208,0
DA:210,0
DA:211,0
DA:213,0
DA:214,0
DA:217,0
DA:219,0
DA:220,0
DA:225,0
DA:226,0
DA:227,0
DA:229,0
DA:230,0
DA:233,0
DA:239,0
DA:240,0
DA:243,0
DA:245,0
DA:246,0
DA:251,0
DA:252,0
DA:254,0
DA:255,0
DA:258,0
DA:260,0
DA:262,0
DA:263,0
DA:266,0
DA:268,0
DA:269,0
LF:122
LH:9
BRDA:17,0,0,0
BRDA:23,1,0,0
BRDA:23,1,1,0
BRDA:24,2,0,0
BRDA:24,2,1,0
BRDA:24,3,0,0
BRDA:24,3,1,0
BRDA:24,4,0,0
BRDA:24,4,1,0
BRDA:25,5,0,0
BRDA:25,5,1,0
BRDA:42,6,0,0
BRDA:42,6,1,0
BRDA:42,7,0,0
BRDA:42,7,1,0
BRDA:47,8,0,0
BRDA:47,8,1,0
BRDA:69,9,0,0
BRDA:69,10,0,0
BRDA:69,10,1,0
BRDA:83,11,0,0
BRDA:83,11,1,0
BRDA:83,12,0,0
BRDA:83,12,1,0
BRDA:83,13,0,0
BRDA:83,13,1,0
BRDA:84,14,0,0
BRDA:84,14,1,0
BRDA:84,15,0,0
BRDA:84,15,1,0
BRDA:84,16,0,0
BRDA:84,16,1,0
BRDA:87,17,0,0
BRDA:87,18,0,0
BRDA:87,18,1,0
BRDA:91,19,0,0
BRDA:91,20,0,0
BRDA:91,20,1,0
BRDA:97,21,0,0
BRDA:107,22,0,0
BRDA:152,23,0,0
BRDA:158,24,0,0
BRDA:173,25,0,0
BRDA:181,26,0,0
BRDA:198,27,0,0
BRDA:198,27,1,0
BRDA:207,28,0,0
BRDA:207,29,0,0
BRDA:207,29,1,0
BRDA:229,30,0,0
BRDA:239,31,0,0
BRDA:254,32,0,0
BRDA:262,33,0,0
BRF:53
BRH:0
end_of_record
TN:
SF:models/IngredientModel.ts
FN:25,(anonymous_16)
FNF:1
FNH:0
FNDA:0,(anonymous_16)
DA:1,1
DA:10,1
DA:25,1
DA:26,0
DA:28,0
DA:33,0
DA:36,1
DA:38,1
LF:8
LH:5
BRF:0
BRH:0
end_of_record
